make: Nothing to be done for `all'.
ASH: 32 threads, 256 models
Epochs: 1 || Local Duration: 1361815 microseconds 

Epochs: 1 || Local Duration: 1377863 microseconds 

Epochs: 1 || Local Duration: 1378567 microseconds 

Epochs: 1 || Local Duration: 1380401 microseconds 

Epochs: 1 || Local Duration: 1382540 microseconds 

Epochs: 1 || Local Duration: 1384144 microseconds 

Epochs: 1 || Local Duration: 1392372 microseconds 

Epochs: 1 || Local Duration: 1397023 microseconds 

Epochs: 1 || Local Duration: 1398225 microseconds 

Epochs: 1 || Local Duration: 1403087 microseconds 

Epochs: 1 || Local Duration: 1406252 microseconds 

Epochs: 1 || Local Duration: 1412585 microseconds 

Epochs: 1 || Local Duration: 1413872 microseconds 

Epochs: 1 || Local Duration: 1418778 microseconds 

Epochs: 1 || Local Duration: 1434622 microseconds 

Epochs: 1 || Local Duration: 1448584 microseconds 

Epochs: 1 || Local Duration: 2255083 microseconds 

Epochs: 1 || Local Duration: 2269846 microseconds 

Epochs: 1 || Local Duration: 2285558 microseconds 

Epochs: 1 || Local Duration: 2290967 microseconds 

Epochs: 1 || Local Duration: 2296812 microseconds 

Epochs: 1 || Local Duration: 2307872 microseconds 

Epochs: 1 || Local Duration: 2315893 microseconds 

Epochs: 1 || Local Duration: 2334277 microseconds 

Epochs: 1 || Local Duration: 2335008 microseconds 

Epochs: 1 || Local Duration: 2335969 microseconds 

Epochs: 1 || Local Duration: 2337608 microseconds 

Epochs: 1 || Local Duration: 2339827 microseconds 

Epochs: 1 || Local Duration: 2341713 microseconds 

Epochs: 1 || Local Duration: 2363937 microseconds 

Epochs: 1 || Local Duration: 2379270 microseconds 

Epochs: 1 || Local Duration: 2807690 microseconds 

Epochs: 1 || Local Duration: 1432522 microseconds 

Epochs: 1 || Local Duration: 1437938 microseconds 

Epochs: 1 || Local Duration: 1437210 microseconds 

Epochs: 1 || Local Duration: 1428393 microseconds 

Epochs: 1 || Local Duration: 1461992 microseconds 

Epochs: 1 || Local Duration: 1443213 microseconds 

Epochs: 1 || Local Duration: 1428714 microseconds 

Epochs: 1 || Local Duration: 1424328 microseconds 

Epochs: 1 || Local Duration: 1453038 microseconds 

Epochs: 1 || Local Duration: 1441697 microseconds 

Epochs: 1 || Local Duration: 1430961 microseconds 

Epochs: 1 || Local Duration: 1442793 microseconds 

Epochs: 1 || Local Duration: 1449240 microseconds 

Epochs: 1 || Local Duration: 1428066 microseconds 

Epochs: 1 || Local Duration: 1418826 microseconds 

Epochs: 1 || Local Duration: 1417600 microseconds 

Epochs: 1 || Local Duration: 1798338 microseconds 

Epochs: 1 || Local Duration: 1817923 microseconds 

Epochs: 1 || Local Duration: 1815989 microseconds 

Epochs: 1 || Local Duration: 1868264 microseconds 

Epochs: 1 || Local Duration: 1848038 microseconds 

Epochs: 1 || Local Duration: 1896474 microseconds 

Epochs: 1 || Local Duration: 1829854 microseconds 

Epochs: 1 || Local Duration: 1877678 microseconds 

Epochs: 1 || Local Duration: 1401795 microseconds 

Epochs: 1 || Local Duration: 1408866 microseconds 

Epochs: 1 || Local Duration: 1417539 microseconds 

Epochs: 1 || Local Duration: 1422728 microseconds 

Epochs: 1 || Local Duration: 1906759 microseconds 

Epochs: 1 || Local Duration: 1902171 microseconds 

Epochs: 1 || Local Duration: 1910902 microseconds 

Epochs: 1 || Local Duration: 1910440 microseconds 

Epochs: 1 || Local Duration: 1918697 microseconds 

Epochs: 1 || Local Duration: 1887744 microseconds 

Epochs: 1 || Local Duration: 1904739 microseconds 

Epochs: 1 || Local Duration: 1447137 microseconds 

Epochs: 1 || Local Duration: 1446261 microseconds 

Epochs: 1 || Local Duration: 1439999 microseconds 

Epochs: 1 || Local Duration: 1446364 microseconds 

Epochs: 1 || Local Duration: 1452379 microseconds 

Epochs: 1 || Local Duration: 1464932 microseconds 

Epochs: 1 || Local Duration: 1455421 microseconds 

Epochs: 1 || Local Duration: 1472669 microseconds 

Epochs: 1 || Local Duration: 1464687 microseconds 

Epochs: 1 || Local Duration: 1474256 microseconds 

Epochs: 1 || Local Duration: 1465441 microseconds 

Epochs: 1 || Local Duration: 1485752 microseconds 

Epochs: 1 || Local Duration: 2089434 microseconds 

Epochs: 1 || Local Duration: 1254538 microseconds 

Epochs: 1 || Local Duration: 1251520 microseconds 

Epochs: 1 || Local Duration: 1258430 microseconds 

Epochs: 1 || Local Duration: 1261125 microseconds 

Epochs: 1 || Local Duration: 1250955 microseconds 

Epochs: 1 || Local Duration: 1250767 microseconds 

Epochs: 1 || Local Duration: 1261529 microseconds 

Epochs: 1 || Local Duration: 1267374 microseconds 

Epochs: 1 || Local Duration: 1243213 microseconds 

Epochs: 1 || Local Duration: 1247228 microseconds 

Epochs: 1 || Local Duration: 1237998 microseconds 

Epochs: 1 || Local Duration: 1264727 microseconds 

Epochs: 1 || Local Duration: 1276565 microseconds 

Epochs: 1 || Local Duration: 1290488 microseconds 

Epochs: 1 || Local Duration: 1322347 microseconds 

Epochs: 1 || Local Duration: 1377630 microseconds 

Epochs: 1 || Local Duration: 1938288 microseconds 

Epochs: 1 || Local Duration: 1926084 microseconds 

Epochs: 1 || Local Duration: 1946007 microseconds 

Epochs: 1 || Local Duration: 1951868 microseconds 

Epochs: 1 || Local Duration: 1834922 microseconds 

Epochs: 1 || Local Duration: 1971540 microseconds 

Epochs: 1 || Local Duration: 1986070 microseconds 

Epochs: 1 || Local Duration: 2013038 microseconds 

Epochs: 1 || Local Duration: 2000937 microseconds 

Epochs: 1 || Local Duration: 1961713 microseconds 

Epochs: 1 || Local Duration: 1996212 microseconds 

Epochs: 1 || Local Duration: 2003782 microseconds 

Epochs: 1 || Local Duration: 2019646 microseconds 

Epochs: 1 || Local Duration: 2008730 microseconds 

Epochs: 1 || Local Duration: 2040620 microseconds 

Epochs: 1 || Local Duration: 1060278 microseconds 

Epochs: 1 || Local Duration: 1078370 microseconds 

Epochs: 1 || Local Duration: 1085747 microseconds 

Epochs: 1 || Local Duration: 1102050 microseconds 

Epochs: 1 || Local Duration: 1083313 microseconds 

Epochs: 1 || Local Duration: 1096264 microseconds 

Epochs: 1 || Local Duration: 1076970 microseconds 

Epochs: 1 || Local Duration: 1078960 microseconds 

Epochs: 1 || Local Duration: 1106321 microseconds 

Epochs: 1 || Local Duration: 1100879 microseconds 

Epochs: 1 || Local Duration: 1087687 microseconds 

Epochs: 1 || Local Duration: 1123758 microseconds 

Epochs: 1 || Local Duration: 1086583 microseconds 

Epochs: 1 || Local Duration: 1105459 microseconds 

Epochs: 1 || Local Duration: 1090092 microseconds 

Epochs: 1 || Local Duration: 1098419 microseconds 

Epochs: 1 || Local Duration: 1034699 microseconds 

Epochs: 1 || Local Duration: 1075613 microseconds 

Epochs: 1 || Local Duration: 1074350 microseconds 

Epochs: 1 || Local Duration: 1074433 microseconds 

Epochs: 1 || Local Duration: 1062008 microseconds 

Epochs: 1 || Local Duration: 1071931 microseconds 

Epochs: 1 || Local Duration: 1058500 microseconds 

Epochs: 1 || Local Duration: 1060600 microseconds 

Epochs: 1 || Local Duration: 1067783 microseconds 

Epochs: 1 || Local Duration: 1081305 microseconds 

Epochs: 1 || Local Duration: 1075200 microseconds 

Epochs: 1 || Local Duration: 1085122 microseconds 

Epochs: 1 || Local Duration: 1079798 microseconds 

Epochs: 1 || Local Duration: 1085136 microseconds 

Epochs: 1 || Local Duration: 1089708 microseconds 

Epochs: 1 || Local Duration: 1076695 microseconds 

Epochs: 1 || Local Duration: 2253838 microseconds 

Epochs: 1 || Local Duration: 2256310 microseconds 

Epochs: 1 || Local Duration: 2269333 microseconds 

Epochs: 1 || Local Duration: 2285459 microseconds 

Epochs: 1 || Local Duration: 2285181 microseconds 

Epochs: 1 || Local Duration: 2273893 microseconds 

Epochs: 1 || Local Duration: 2326578 microseconds 

Epochs: 1 || Local Duration: 2275113 microseconds 

Epochs: 1 || Local Duration: 2329848 microseconds 

Epochs: 1 || Local Duration: 2318019 microseconds 

Epochs: 1 || Local Duration: 2271767 microseconds 

Epochs: 1 || Local Duration: 2281987 microseconds 

Epochs: 1 || Local Duration: 2319552 microseconds 

Epochs: 1 || Local Duration: 2319645 microseconds 

Epochs: 1 || Local Duration: 2330010 microseconds 

Epochs: 1 || Local Duration: 1078734 microseconds 

Epochs: 2 || Local Duration: 2065568 microseconds 

Epochs: 2 || Local Duration: 2058784 microseconds 

Epochs: 2 || Local Duration: 2029075 microseconds 

Epochs: 2 || Local Duration: 2036615 microseconds 

Epochs: 2 || Local Duration: 2035985 microseconds 

Epochs: 2 || Local Duration: 2053297 microseconds 

Epochs: 2 || Local Duration: 2069728 microseconds 

Epochs: 2 || Local Duration: 2034463 microseconds 

Epochs: 2 || Local Duration: 2065279 microseconds 

Epochs: 2 || Local Duration: 2072840 microseconds 

Epochs: 2 || Local Duration: 2085331 microseconds 

Epochs: 2 || Local Duration: 2067765 microseconds 

Epochs: 2 || Local Duration: 2063495 microseconds 

Epochs: 2 || Local Duration: 2087718 microseconds 

Epochs: 2 || Local Duration: 2059250 microseconds 

Epochs: 2 || Local Duration: 1974269 microseconds 

Epochs: 1 || Local Duration: 1096879 microseconds 

Epochs: 1 || Local Duration: 1072863 microseconds 

Epochs: 1 || Local Duration: 1077848 microseconds 

Epochs: 1 || Local Duration: 1093933 microseconds 

Epochs: 1 || Local Duration: 1080864 microseconds 

Epochs: 1 || Local Duration: 1087259 microseconds 

Epochs: 1 || Local Duration: 1079232 microseconds 

Epochs: 1 || Local Duration: 1092396 microseconds 

Epochs: 1 || Local Duration: 1106314 microseconds 

Epochs: 1 || Local Duration: 1114331 microseconds 

Epochs: 1 || Local Duration: 1078751 microseconds 

Epochs: 1 || Local Duration: 1094388 microseconds 

Epochs: 1 || Local Duration: 1109374 microseconds 

Epochs: 1 || Local Duration: 1110115 microseconds 

Epochs: 1 || Local Duration: 1083218 microseconds 

Epochs: 1 || Local Duration: 1063277 microseconds 

Epochs: 1 || Local Duration: 7487444 microseconds 

Epochs: 2 || Local Duration: 4173060 microseconds 

Epochs: 2 || Local Duration: 4187825 microseconds 

Epochs: 2 || Local Duration: 4179385 microseconds 

Epochs: 2 || Local Duration: 4165475 microseconds 

Epochs: 2 || Local Duration: 4171862 microseconds 

Epochs: 2 || Local Duration: 4128364 microseconds 

Epochs: 2 || Local Duration: 4142681 microseconds 

Epochs: 2 || Local Duration: 4113461 microseconds 

Epochs: 2 || Local Duration: 4148522 microseconds 

Epochs: 2 || Local Duration: 4220727 microseconds 

Epochs: 2 || Local Duration: 4203922 microseconds 

Epochs: 2 || Local Duration: 4223963 microseconds 

Epochs: 2 || Local Duration: 1962987 microseconds 

Epochs: 2 || Local Duration: 1975639 microseconds 

Epochs: 2 || Local Duration: 2005477 microseconds 

Epochs: 2 || Local Duration: 4221030 microseconds 

Epochs: 2 || Local Duration: 2009252 microseconds 

Epochs: 2 || Local Duration: 4232898 microseconds 

Epochs: 2 || Local Duration: 2037371 microseconds 

Epochs: 2 || Local Duration: 2023397 microseconds 

Epochs: 2 || Local Duration: 2010929 microseconds 

Epochs: 2 || Local Duration: 4226185 microseconds 

Epochs: 2 || Local Duration: 2030469 microseconds 

Epochs: 2 || Local Duration: 1998222 microseconds 

Epochs: 2 || Local Duration: 1991711 microseconds 

Epochs: 2 || Local Duration: 2055819 microseconds 

Epochs: 2 || Local Duration: 2055842 microseconds 

Epochs: 2 || Local Duration: 2050712 microseconds 

Epochs: 2 || Local Duration: 2053627 microseconds 

Epochs: 2 || Local Duration: 2072152 microseconds 

Epochs: 2 || Local Duration: 1912816 microseconds 

Epochs: 1 || Local Duration: 1099752 microseconds 

Epochs: 1 || Local Duration: 1104904 microseconds 

Epochs: 1 || Local Duration: 1091076 microseconds 

Epochs: 1 || Local Duration: 1079033 microseconds 

Epochs: 1 || Local Duration: 1066798 microseconds 

Epochs: 1 || Local Duration: 1101416 microseconds 

Epochs: 1 || Local Duration: 1095851 microseconds 

Epochs: 1 || Local Duration: 1105297 microseconds 

Epochs: 1 || Local Duration: 1107533 microseconds 

Epochs: 1 || Local Duration: 1109044 microseconds 

Epochs: 1 || Local Duration: 1105774 microseconds 

Epochs: 1 || Local Duration: 1105903 microseconds 

Epochs: 1 || Local Duration: 1102148 microseconds 

Epochs: 1 || Local Duration: 1101204 microseconds 

Epochs: 1 || Local Duration: 1119608 microseconds 

Epochs: 1 || Local Duration: 1064609 microseconds 

Epochs: 1 || Local Duration: 2244322 microseconds 

Epochs: 1 || Local Duration: 2243511 microseconds 

Epochs: 1 || Local Duration: 2251081 microseconds 

Epochs: 1 || Local Duration: 2275606 microseconds 

Epochs: 1 || Local Duration: 2271179 microseconds 

Epochs: 1 || Local Duration: 2284431 microseconds 

Epochs: 1 || Local Duration: 2258404 microseconds 

Epochs: 1 || Local Duration: 2276295 microseconds 

Epochs: 1 || Local Duration: 2279244 microseconds 

Epochs: 1 || Local Duration: 2320829 microseconds 

Epochs: 1 || Local Duration: 2314415 microseconds 

Epochs: 1 || Local Duration: 2334509 microseconds 

Epochs: 1 || Local Duration: 2326290 microseconds 

Epochs: 1 || Local Duration: 2310789 microseconds 

Epochs: 1 || Local Duration: 2317909 microseconds 

Epochs: 2 || Local Duration: 2014156 microseconds 

Epochs: 2 || Local Duration: 2045482 microseconds 

Epochs: 2 || Local Duration: 2066805 microseconds 

Epochs: 2 || Local Duration: 2068076 microseconds 

Epochs: 2 || Local Duration: 2070850 microseconds 

Epochs: 2 || Local Duration: 2088385 microseconds 

Epochs: 2 || Local Duration: 2107916 microseconds 

Epochs: 2 || Local Duration: 2118594 microseconds 

Epochs: 2 || Local Duration: 2115638 microseconds 

Epochs: 2 || Local Duration: 2123600 microseconds 

Epochs: 2 || Local Duration: 2128965 microseconds 

Epochs: 2 || Local Duration: 2135282 microseconds 

Epochs: 2 || Local Duration: 2129926 microseconds 

Epochs: 2 || Local Duration: 2137565 microseconds 

Epochs: 2 || Local Duration: 2159339 microseconds 

Epochs: 2 || Local Duration: 2007340 microseconds 

Epochs: 1 || Local Duration: 1081251 microseconds 

Epochs: 1 || Local Duration: 1098634 microseconds 

Epochs: 1 || Local Duration: 1091485 microseconds 

Epochs: 1 || Local Duration: 1101504 microseconds 

Epochs: 1 || Local Duration: 1088822 microseconds 

Epochs: 1 || Local Duration: 1092662 microseconds 

Epochs: 1 || Local Duration: 1098516 microseconds 

Epochs: 1 || Local Duration: 1107113 microseconds 

Epochs: 1 || Local Duration: 1108607 microseconds 

Epochs: 1 || Local Duration: 1112683 microseconds 

Epochs: 1 || Local Duration: 1115754 microseconds 

Epochs: 1 || Local Duration: 1116186 microseconds 

Epochs: 1 || Local Duration: 1108783 microseconds 

Epochs: 1 || Local Duration: 1112035 microseconds 

Epochs: 1 || Local Duration: 1134056 microseconds 

Epochs: 1 || Local Duration: 1043676 microseconds 

Epochs: 2 || Local Duration: 4233739 microseconds 

Epochs: 2 || Local Duration: 4247660 microseconds 

Epochs: 2 || Local Duration: 2013496 microseconds 

Epochs: 2 || Local Duration: 4262503 microseconds 

Epochs: 2 || Local Duration: 1993986 microseconds 

Epochs: 2 || Local Duration: 2041048 microseconds 

Epochs: 2 || Local Duration: 2021113 microseconds 

Epochs: 2 || Local Duration: 4277018 microseconds 

Epochs: 2 || Local Duration: 2057372 microseconds 

Epochs: 2 || Local Duration: 4319543 microseconds 

Epochs: 2 || Local Duration: 2028822 microseconds 

Epochs: 2 || Local Duration: 4331620 microseconds 

Epochs: 2 || Local Duration: 4280190 microseconds 

Epochs: 2 || Local Duration: 2048201 microseconds 

Epochs: 2 || Local Duration: 4295552 microseconds 

Epochs: 2 || Local Duration: 4293868 microseconds 

Epochs: 2 || Local Duration: 2066785 microseconds 

Epochs: 2 || Local Duration: 2063232 microseconds 

Epochs: 2 || Local Duration: 2069658 microseconds 

Epochs: 2 || Local Duration: 4381217 microseconds 

Epochs: 2 || Local Duration: 4367805 microseconds 

Epochs: 2 || Local Duration: 2088110 microseconds 

Epochs: 2 || Local Duration: 2071642 microseconds 

Epochs: 2 || Local Duration: 2088250 microseconds 

Epochs: 2 || Local Duration: 4379579 microseconds 

Epochs: 2 || Local Duration: 2088093 microseconds 

Epochs: 2 || Local Duration: 4372443 microseconds 

Epochs: 2 || Local Duration: 4379613 microseconds 

Epochs: 2 || Local Duration: 4383431 microseconds 

Epochs: 2 || Local Duration: 2104487 microseconds 

Epochs: 2 || Local Duration: 1980516 microseconds 

Epochs: 1 || Local Duration: 2268370 microseconds 

Epochs: 4 || Local Duration: 3975965 microseconds 

Epochs: 4 || Local Duration: 3952024 microseconds 

Epochs: 4 || Local Duration: 3971338 microseconds 

Epochs: 4 || Local Duration: 3990196 microseconds 

Epochs: 4 || Local Duration: 3972663 microseconds 

Epochs: 4 || Local Duration: 4017833 microseconds 

Epochs: 4 || Local Duration: 4009158 microseconds 

Epochs: 4 || Local Duration: 4016680 microseconds 

Epochs: 4 || Local Duration: 4020959 microseconds 

Epochs: 4 || Local Duration: 4037241 microseconds 

Epochs: 4 || Local Duration: 4042147 microseconds 

Epochs: 4 || Local Duration: 4038420 microseconds 

Epochs: 4 || Local Duration: 4057765 microseconds 

Epochs: 4 || Local Duration: 4039149 microseconds 

Epochs: 4 || Local Duration: 3906337 microseconds 

Epochs: 4 || Local Duration: 4102428 microseconds 

Epochs: 1 || Local Duration: 1080645 microseconds 

Epochs: 1 || Local Duration: 1068888 microseconds 

Epochs: 1 || Local Duration: 1084911 microseconds 

Epochs: 1 || Local Duration: 1107282 microseconds 

Epochs: 1 || Local Duration: 1078418 microseconds 

Epochs: 1 || Local Duration: 1088412 microseconds 

Epochs: 1 || Local Duration: 1087096 microseconds 

Epochs: 1 || Local Duration: 1095617 microseconds 

Epochs: 1 || Local Duration: 1092047 microseconds 

Epochs: 1 || Local Duration: 1101964 microseconds 

Epochs: 1 || Local Duration: 1098070 microseconds 

Epochs: 1 || Local Duration: 1095721 microseconds 

Epochs: 1 || Local Duration: 1101795 microseconds 

Epochs: 1 || Local Duration: 1099836 microseconds 

Epochs: 1 || Local Duration: 1065969 microseconds 

Epochs: 1 || Local Duration: 1113446 microseconds 

Epochs: 2 || Local Duration: 4315318 microseconds 

Epochs: 2 || Local Duration: 2000278 microseconds 

Epochs: 2 || Local Duration: 2000030 microseconds 

Epochs: 2 || Local Duration: 2005693 microseconds 

Epochs: 2 || Local Duration: 2018764 microseconds 

Epochs: 2 || Local Duration: 2020235 microseconds 

Epochs: 2 || Local Duration: 2027992 microseconds 

Epochs: 2 || Local Duration: 2023102 microseconds 

Epochs: 2 || Local Duration: 2028533 microseconds 

Epochs: 2 || Local Duration: 2038170 microseconds 

Epochs: 2 || Local Duration: 2044993 microseconds 

Epochs: 2 || Local Duration: 2044806 microseconds 

Epochs: 2 || Local Duration: 2045269 microseconds 

Epochs: 2 || Local Duration: 1965351 microseconds 

Epochs: 2 || Local Duration: 2053774 microseconds 

Epochs: 2 || Local Duration: 2055725 microseconds 

Epochs: 2 || Local Duration: 2067754 microseconds 

Epochs: 4 || Local Duration: 8408877 microseconds 

Epochs: 4 || Local Duration: 8460176 microseconds 

Epochs: 4 || Local Duration: 8500521 microseconds 

Epochs: 4 || Local Duration: 8471113 microseconds 

Epochs: 4 || Local Duration: 8538931 microseconds 

Epochs: 4 || Local Duration: 8512917 microseconds 

Epochs: 4 || Local Duration: 8487899 microseconds 

Epochs: 4 || Local Duration: 8531116 microseconds 

Epochs: 4 || Local Duration: 8681970 microseconds 

Epochs: 4 || Local Duration: 8670344 microseconds 

Epochs: 4 || Local Duration: 8676824 microseconds 

Epochs: 4 || Local Duration: 8657014 microseconds 

Epochs: 4 || Local Duration: 8669327 microseconds 

Epochs: 4 || Local Duration: 8663172 microseconds 

Epochs: 2 || Local Duration: 16112892 microseconds 

Epochs: 1 || Local Duration: 2082387 microseconds 

Epochs: 1 || Local Duration: 2121680 microseconds 

Epochs: 1 || Local Duration: 2127680 microseconds 

Epochs: 1 || Local Duration: 2125187 microseconds 

Epochs: 1 || Local Duration: 2133757 microseconds 

Epochs: 1 || Local Duration: 2139110 microseconds 

Epochs: 1 || Local Duration: 2132419 microseconds 

Epochs: 1 || Local Duration: 2134139 microseconds 

Epochs: 4 || Local Duration: 3909265 microseconds 

Epochs: 4 || Local Duration: 3917966 microseconds 

Epochs: 4 || Local Duration: 3922422 microseconds 

Epochs: 4 || Local Duration: 3964972 microseconds 

Epochs: 4 || Local Duration: 3925125 microseconds 

Epochs: 4 || Local Duration: 3959388 microseconds 

Epochs: 1 || Local Duration: 2173689 microseconds 

Epochs: 1 || Local Duration: 2176328 microseconds 

Epochs: 4 || Local Duration: 3959027 microseconds 

Epochs: 1 || Local Duration: 2175779 microseconds 

Epochs: 1 || Local Duration: 2172748 microseconds 

Epochs: 1 || Local Duration: 2175270 microseconds 

Epochs: 4 || Local Duration: 3991451 microseconds 

Epochs: 1 || Local Duration: 2179827 microseconds 

Epochs: 4 || Local Duration: 3986958 microseconds 

Epochs: 4 || Local Duration: 3826334 microseconds 

Epochs: 4 || Local Duration: 4007842 microseconds 

Epochs: 4 || Local Duration: 3977096 microseconds 

Epochs: 4 || Local Duration: 3987386 microseconds 

Epochs: 4 || Local Duration: 4018469 microseconds 

Epochs: 4 || Local Duration: 4014010 microseconds 

Epochs: 4 || Local Duration: 4061805 microseconds 

Epochs: 1 || Local Duration: 1069793 microseconds 

Epochs: 1 || Local Duration: 1068576 microseconds 

Epochs: 2 || Local Duration: 2009735 microseconds 

Epochs: 2 || Local Duration: 2051249 microseconds 

Epochs: 4 || Local Duration: 8100914 microseconds 

Epochs: 2 || Local Duration: 4286283 microseconds 

Epochs: 2 || Local Duration: 4317162 microseconds 

Epochs: 2 || Local Duration: 4355677 microseconds 

Epochs: 2 || Local Duration: 4297612 microseconds 

Epochs: 2 || Local Duration: 4334909 microseconds 

Epochs: 2 || Local Duration: 4345638 microseconds 

Epochs: 2 || Local Duration: 4359232 microseconds 

Epochs: 2 || Local Duration: 4360660 microseconds 

Epochs: 2 || Local Duration: 4447501 microseconds 

Epochs: 2 || Local Duration: 4441307 microseconds 

Epochs: 2 || Local Duration: 4454639 microseconds 

Epochs: 2 || Local Duration: 4434644 microseconds 

Epochs: 2 || Local Duration: 4433628 microseconds 

Epochs: 2 || Local Duration: 4437496 microseconds 

Epochs: 4 || Local Duration: 3908270 microseconds 

Epochs: 4 || Local Duration: 3953460 microseconds 

Epochs: 8 || Local Duration: 7831926 microseconds 

Epochs: 8 || Local Duration: 7812354 microseconds 

Epochs: 8 || Local Duration: 7869488 microseconds 

Epochs: 8 || Local Duration: 7645213 microseconds 

Epochs: 8 || Local Duration: 7866117 microseconds 

Epochs: 8 || Local Duration: 7981882 microseconds 

Epochs: 8 || Local Duration: 7878688 microseconds 

Epochs: 8 || Local Duration: 7870703 microseconds 

Epochs: 8 || Local Duration: 7832673 microseconds 

Epochs: 8 || Local Duration: 7887119 microseconds 

Epochs: 8 || Local Duration: 7887603 microseconds 

Epochs: 8 || Local Duration: 7845487 microseconds 

Epochs: 8 || Local Duration: 7901693 microseconds 

Epochs: 8 || Local Duration: 7835887 microseconds 

Epochs: 4 || Local Duration: 7932840 microseconds 

Epochs: 4 || Local Duration: 7992774 microseconds 

Epochs: 4 || Local Duration: 7990209 microseconds 

Epochs: 4 || Local Duration: 8034198 microseconds 

Epochs: 4 || Local Duration: 8051049 microseconds 

Epochs: 4 || Local Duration: 8008276 microseconds 

Epochs: 4 || Local Duration: 8076949 microseconds 

Epochs: 4 || Local Duration: 8065209 microseconds 

Epochs: 8 || Local Duration: 5396855 microseconds 

Epochs: 8 || Local Duration: 5397044 microseconds 

Epochs: 4 || Local Duration: 7938672 microseconds 

Epochs: 4 || Local Duration: 7933574 microseconds 

Epochs: 4 || Local Duration: 7905802 microseconds 

Epochs: 4 || Local Duration: 7891657 microseconds 

Epochs: 4 || Local Duration: 7880708 microseconds 

Epochs: 4 || Local Duration: 7845146 microseconds 

Epochs: 8 || Local Duration: 12065224 microseconds 

Epochs: 4 || Local Duration: 19123877 microseconds 

Epochs: 8 || Local Duration: 7388674 microseconds 

Epochs: 8 || Local Duration: 7830732 microseconds 

Epochs: 8 || Local Duration: 7380007 microseconds 

Epochs: 8 || Local Duration: 7690060 microseconds 

Epochs: 8 || Local Duration: 7370987 microseconds 

Epochs: 8 || Local Duration: 7345427 microseconds 

Epochs: 8 || Local Duration: 7537465 microseconds 

Epochs: 8 || Local Duration: 7584424 microseconds 

Epochs: 8 || Local Duration: 7358948 microseconds 

Epochs: 8 || Local Duration: 7396891 microseconds 

Epochs: 8 || Local Duration: 7399730 microseconds 

Epochs: 8 || Local Duration: 7424600 microseconds 

Epochs: 8 || Local Duration: 7453184 microseconds 

Epochs: 8 || Local Duration: 7468479 microseconds 

Epochs: 16 || Local Duration: 14309419 microseconds 

Epochs: 16 || Local Duration: 13894067 microseconds 

Epochs: 16 || Local Duration: 13903416 microseconds 

Epochs: 16 || Local Duration: 13984214 microseconds 

Epochs: 16 || Local Duration: 14024768 microseconds 

Epochs: 16 || Local Duration: 13997599 microseconds 

Epochs: 16 || Local Duration: 14062795 microseconds 

Epochs: 16 || Local Duration: 13989191 microseconds 

Epochs: 16 || Local Duration: 14327244 microseconds 

Epochs: 16 || Local Duration: 14067837 microseconds 

Epochs: 16 || Local Duration: 14154366 microseconds 

Epochs: 16 || Local Duration: 14330173 microseconds 

Epochs: 16 || Local Duration: 14534764 microseconds 

Epochs: 16 || Local Duration: 14532531 microseconds 

Epochs: 16 || Local Duration: 14565128 microseconds 

Epochs: 8 || Local Duration: 20938282 microseconds 

Epochs: 16 || Local Duration: 6180452 microseconds 

Epochs: 32 || Local Duration: 14626522 microseconds 

Epochs: 32 || Local Duration: 14541511 microseconds 

Epochs: 32 || Local Duration: 14503724 microseconds 

Epochs: 32 || Local Duration: 14340438 microseconds 

Epochs: 32 || Local Duration: 14318039 microseconds 

Epochs: 32 || Local Duration: 15534274 microseconds 

Epochs: 32 || Local Duration: 15248489 microseconds 

Epochs: 32 || Local Duration: 12180450 microseconds 

Epochs: 64 || Local Duration: 24342759 microseconds 

Epochs: 64 || Local Duration: 24253409 microseconds 

Epochs: 64 || Local Duration: 24341107 microseconds 

Epochs: 64 || Local Duration: 24367878 microseconds 

Epochs: 128 || Local Duration: 48736106 microseconds 

Epochs: 128 || Local Duration: 48658264 microseconds 


Overall Duration: 159953534 microseconds

real	2m40.214s
user	0m0.013s
sys	0m0.024s
rm -f  m5_ASH.o  m5_SH.o  m5_neural_network.o m5_ASH m5_SH
