make: Nothing to be done for `all'.
SH: 256 models
Epochs: 1 || Local Duration: 340760 microseconds 

Epochs: 1 || Local Duration: 328806 microseconds 

Epochs: 1 || Local Duration: 340957 microseconds 

Epochs: 1 || Local Duration: 339414 microseconds 

Epochs: 1 || Local Duration: 465968 microseconds 

Epochs: 1 || Local Duration: 625352 microseconds 

Epochs: 1 || Local Duration: 414455 microseconds 

Epochs: 1 || Local Duration: 330512 microseconds 

Epochs: 1 || Local Duration: 329649 microseconds 

Epochs: 1 || Local Duration: 327946 microseconds 

Epochs: 1 || Local Duration: 328750 microseconds 

Epochs: 1 || Local Duration: 329241 microseconds 

Epochs: 1 || Local Duration: 328707 microseconds 

Epochs: 1 || Local Duration: 329224 microseconds 

Epochs: 1 || Local Duration: 328908 microseconds 

Epochs: 1 || Local Duration: 336515 microseconds 

Epochs: 1 || Local Duration: 336556 microseconds 

Epochs: 1 || Local Duration: 336354 microseconds 

Epochs: 1 || Local Duration: 328291 microseconds 

Epochs: 1 || Local Duration: 328741 microseconds 

Epochs: 1 || Local Duration: 328146 microseconds 

Epochs: 1 || Local Duration: 335181 microseconds 

Epochs: 1 || Local Duration: 337243 microseconds 

Epochs: 1 || Local Duration: 335858 microseconds 

Epochs: 1 || Local Duration: 331315 microseconds 

Epochs: 1 || Local Duration: 331706 microseconds 

Epochs: 1 || Local Duration: 331943 microseconds 

Epochs: 1 || Local Duration: 329181 microseconds 

Epochs: 1 || Local Duration: 329837 microseconds 

Epochs: 1 || Local Duration: 329255 microseconds 

Epochs: 1 || Local Duration: 336555 microseconds 

Epochs: 1 || Local Duration: 335709 microseconds 

Epochs: 1 || Local Duration: 335193 microseconds 

Epochs: 1 || Local Duration: 328955 microseconds 

Epochs: 1 || Local Duration: 329839 microseconds 

Epochs: 1 || Local Duration: 329583 microseconds 

Epochs: 1 || Local Duration: 341259 microseconds 

Epochs: 1 || Local Duration: 340519 microseconds 

Epochs: 1 || Local Duration: 340522 microseconds 

Epochs: 1 || Local Duration: 331093 microseconds 

Epochs: 1 || Local Duration: 331006 microseconds 

Epochs: 1 || Local Duration: 329923 microseconds 

Epochs: 1 || Local Duration: 344382 microseconds 

Epochs: 1 || Local Duration: 344416 microseconds 

Epochs: 1 || Local Duration: 343990 microseconds 

Epochs: 1 || Local Duration: 339251 microseconds 

Epochs: 1 || Local Duration: 339404 microseconds 

Epochs: 1 || Local Duration: 340375 microseconds 

Epochs: 1 || Local Duration: 333126 microseconds 

Epochs: 1 || Local Duration: 333595 microseconds 

Epochs: 1 || Local Duration: 332972 microseconds 

Epochs: 1 || Local Duration: 329985 microseconds 

Epochs: 1 || Local Duration: 329650 microseconds 

Epochs: 1 || Local Duration: 407994 microseconds 

Epochs: 1 || Local Duration: 593199 microseconds 

Epochs: 1 || Local Duration: 528804 microseconds 

Epochs: 1 || Local Duration: 335135 microseconds 

Epochs: 1 || Local Duration: 334307 microseconds 

Epochs: 1 || Local Duration: 335212 microseconds 

Epochs: 1 || Local Duration: 330101 microseconds 

Epochs: 1 || Local Duration: 330180 microseconds 

Epochs: 1 || Local Duration: 333037 microseconds 

Epochs: 1 || Local Duration: 328411 microseconds 

Epochs: 1 || Local Duration: 328159 microseconds 

Epochs: 1 || Local Duration: 328086 microseconds 

Epochs: 1 || Local Duration: 332138 microseconds 

Epochs: 1 || Local Duration: 332533 microseconds 

Epochs: 1 || Local Duration: 333475 microseconds 

Epochs: 1 || Local Duration: 331333 microseconds 

Epochs: 1 || Local Duration: 329654 microseconds 

Epochs: 1 || Local Duration: 329495 microseconds 

Epochs: 1 || Local Duration: 329607 microseconds 

Epochs: 1 || Local Duration: 329231 microseconds 

Epochs: 1 || Local Duration: 329669 microseconds 

Epochs: 1 || Local Duration: 329637 microseconds 

Epochs: 1 || Local Duration: 328648 microseconds 

Epochs: 1 || Local Duration: 329040 microseconds 

Epochs: 1 || Local Duration: 335379 microseconds 

Epochs: 1 || Local Duration: 335319 microseconds 

Epochs: 1 || Local Duration: 336407 microseconds 

Epochs: 1 || Local Duration: 338917 microseconds 

Epochs: 1 || Local Duration: 339419 microseconds 

Epochs: 1 || Local Duration: 339112 microseconds 

Epochs: 1 || Local Duration: 346103 microseconds 

Epochs: 1 || Local Duration: 344659 microseconds 

Epochs: 1 || Local Duration: 345328 microseconds 

Epochs: 1 || Local Duration: 329759 microseconds 

Epochs: 1 || Local Duration: 328859 microseconds 

Epochs: 1 || Local Duration: 328433 microseconds 

Epochs: 1 || Local Duration: 329925 microseconds 

Epochs: 1 || Local Duration: 331525 microseconds 

Epochs: 1 || Local Duration: 331203 microseconds 

Epochs: 1 || Local Duration: 329625 microseconds 

Epochs: 1 || Local Duration: 448120 microseconds 

Epochs: 1 || Local Duration: 737547 microseconds 

Epochs: 1 || Local Duration: 356834 microseconds 

Epochs: 1 || Local Duration: 343726 microseconds 

Epochs: 1 || Local Duration: 344302 microseconds 

Epochs: 1 || Local Duration: 344150 microseconds 

Epochs: 1 || Local Duration: 329454 microseconds 

Epochs: 1 || Local Duration: 329487 microseconds 

Epochs: 1 || Local Duration: 329953 microseconds 

Epochs: 1 || Local Duration: 462641 microseconds 

Epochs: 1 || Local Duration: 378167 microseconds 

Epochs: 1 || Local Duration: 329615 microseconds 

Epochs: 1 || Local Duration: 328556 microseconds 

Epochs: 1 || Local Duration: 329013 microseconds 

Epochs: 1 || Local Duration: 328628 microseconds 

Epochs: 1 || Local Duration: 331410 microseconds 

Epochs: 1 || Local Duration: 331616 microseconds 

Epochs: 1 || Local Duration: 332053 microseconds 

Epochs: 1 || Local Duration: 336457 microseconds 

Epochs: 1 || Local Duration: 336015 microseconds 

Epochs: 1 || Local Duration: 336796 microseconds 

Epochs: 1 || Local Duration: 334488 microseconds 

Epochs: 1 || Local Duration: 336214 microseconds 

Epochs: 1 || Local Duration: 334164 microseconds 

Epochs: 1 || Local Duration: 340316 microseconds 

Epochs: 1 || Local Duration: 341034 microseconds 

Epochs: 1 || Local Duration: 328302 microseconds 

Epochs: 1 || Local Duration: 328667 microseconds 

Epochs: 1 || Local Duration: 328238 microseconds 

Epochs: 1 || Local Duration: 329636 microseconds 

Epochs: 1 || Local Duration: 339311 microseconds 

Epochs: 1 || Local Duration: 339987 microseconds 

Epochs: 1 || Local Duration: 328933 microseconds 

Epochs: 1 || Local Duration: 328397 microseconds 

Epochs: 1 || Local Duration: 328016 microseconds 

Epochs: 1 || Local Duration: 328594 microseconds 

Epochs: 1 || Local Duration: 336468 microseconds 

Epochs: 1 || Local Duration: 333101 microseconds 

Epochs: 1 || Local Duration: 333828 microseconds 

Epochs: 1 || Local Duration: 334797 microseconds 

Epochs: 1 || Local Duration: 334796 microseconds 

Epochs: 1 || Local Duration: 334349 microseconds 

Epochs: 1 || Local Duration: 338864 microseconds 

Epochs: 1 || Local Duration: 339177 microseconds 

Epochs: 1 || Local Duration: 329157 microseconds 

Epochs: 1 || Local Duration: 331268 microseconds 

Epochs: 1 || Local Duration: 330412 microseconds 

Epochs: 1 || Local Duration: 330412 microseconds 

Epochs: 1 || Local Duration: 335150 microseconds 

Epochs: 1 || Local Duration: 336607 microseconds 

Epochs: 1 || Local Duration: 334478 microseconds 

Epochs: 1 || Local Duration: 343220 microseconds 

Epochs: 1 || Local Duration: 342413 microseconds 

Epochs: 1 || Local Duration: 329144 microseconds 

Epochs: 1 || Local Duration: 330407 microseconds 

Epochs: 1 || Local Duration: 330831 microseconds 

Epochs: 1 || Local Duration: 328912 microseconds 

Epochs: 1 || Local Duration: 417396 microseconds 

Epochs: 1 || Local Duration: 841987 microseconds 

Epochs: 1 || Local Duration: 352267 microseconds 

Epochs: 1 || Local Duration: 331084 microseconds 

Epochs: 1 || Local Duration: 344134 microseconds 

Epochs: 1 || Local Duration: 343291 microseconds 

Epochs: 1 || Local Duration: 343382 microseconds 

Epochs: 1 || Local Duration: 337554 microseconds 

Epochs: 1 || Local Duration: 337562 microseconds 

Epochs: 1 || Local Duration: 337224 microseconds 

Epochs: 1 || Local Duration: 329184 microseconds 

Epochs: 1 || Local Duration: 328723 microseconds 

Epochs: 1 || Local Duration: 328896 microseconds 

Epochs: 1 || Local Duration: 334380 microseconds 

Epochs: 1 || Local Duration: 333548 microseconds 

Epochs: 1 || Local Duration: 335725 microseconds 

Epochs: 1 || Local Duration: 337443 microseconds 

Epochs: 1 || Local Duration: 337374 microseconds 

Epochs: 1 || Local Duration: 339144 microseconds 

Epochs: 1 || Local Duration: 332135 microseconds 

Epochs: 1 || Local Duration: 332225 microseconds 

Epochs: 1 || Local Duration: 332388 microseconds 

Epochs: 1 || Local Duration: 332291 microseconds 

Epochs: 1 || Local Duration: 332800 microseconds 

Epochs: 1 || Local Duration: 332043 microseconds 

Epochs: 1 || Local Duration: 332566 microseconds 

Epochs: 1 || Local Duration: 332713 microseconds 

Epochs: 1 || Local Duration: 334217 microseconds 

Epochs: 1 || Local Duration: 330847 microseconds 

Epochs: 1 || Local Duration: 447664 microseconds 

Epochs: 1 || Local Duration: 706223 microseconds 

Epochs: 1 || Local Duration: 415037 microseconds 

Epochs: 1 || Local Duration: 331205 microseconds 

Epochs: 1 || Local Duration: 331141 microseconds 

Epochs: 1 || Local Duration: 331648 microseconds 

Epochs: 1 || Local Duration: 340558 microseconds 

Epochs: 1 || Local Duration: 340713 microseconds 

Epochs: 1 || Local Duration: 340850 microseconds 

Epochs: 1 || Local Duration: 330288 microseconds 

Epochs: 1 || Local Duration: 330181 microseconds 

Epochs: 1 || Local Duration: 330468 microseconds 

Epochs: 1 || Local Duration: 330914 microseconds 

Epochs: 1 || Local Duration: 331447 microseconds 

Epochs: 1 || Local Duration: 330617 microseconds 

Epochs: 1 || Local Duration: 331554 microseconds 

Epochs: 1 || Local Duration: 330865 microseconds 

Epochs: 1 || Local Duration: 330733 microseconds 

Epochs: 1 || Local Duration: 339154 microseconds 

Epochs: 1 || Local Duration: 338539 microseconds 

Epochs: 1 || Local Duration: 339074 microseconds 

Epochs: 1 || Local Duration: 335436 microseconds 

Epochs: 1 || Local Duration: 336333 microseconds 

Epochs: 1 || Local Duration: 336642 microseconds 

Epochs: 1 || Local Duration: 331188 microseconds 

Epochs: 1 || Local Duration: 331034 microseconds 

Epochs: 1 || Local Duration: 330793 microseconds 

Epochs: 1 || Local Duration: 332534 microseconds 

Epochs: 1 || Local Duration: 332843 microseconds 

Epochs: 1 || Local Duration: 331783 microseconds 

Epochs: 1 || Local Duration: 332082 microseconds 

Epochs: 1 || Local Duration: 332008 microseconds 

Epochs: 1 || Local Duration: 331279 microseconds 

Epochs: 1 || Local Duration: 329052 microseconds 

Epochs: 1 || Local Duration: 328569 microseconds 

Epochs: 1 || Local Duration: 328502 microseconds 

Epochs: 1 || Local Duration: 329204 microseconds 

Epochs: 1 || Local Duration: 329375 microseconds 

Epochs: 1 || Local Duration: 329110 microseconds 

Epochs: 1 || Local Duration: 331734 microseconds 

Epochs: 1 || Local Duration: 333642 microseconds 

Epochs: 1 || Local Duration: 332203 microseconds 

Epochs: 1 || Local Duration: 342457 microseconds 

Epochs: 1 || Local Duration: 343676 microseconds 

Epochs: 1 || Local Duration: 341803 microseconds 

Epochs: 1 || Local Duration: 348184 microseconds 

Epochs: 1 || Local Duration: 349454 microseconds 

Epochs: 1 || Local Duration: 348697 microseconds 

Epochs: 1 || Local Duration: 333004 microseconds 

Epochs: 1 || Local Duration: 332594 microseconds 

Epochs: 1 || Local Duration: 332045 microseconds 

Epochs: 1 || Local Duration: 331215 microseconds 

Epochs: 1 || Local Duration: 330693 microseconds 

Epochs: 1 || Local Duration: 330893 microseconds 

Epochs: 1 || Local Duration: 349681 microseconds 

Epochs: 1 || Local Duration: 348219 microseconds 

Epochs: 1 || Local Duration: 348741 microseconds 

Epochs: 1 || Local Duration: 331734 microseconds 

Epochs: 1 || Local Duration: 330658 microseconds 

Epochs: 1 || Local Duration: 330161 microseconds 

Epochs: 1 || Local Duration: 349987 microseconds 

Epochs: 1 || Local Duration: 348339 microseconds 

Epochs: 1 || Local Duration: 341842 microseconds 

Epochs: 1 || Local Duration: 342063 microseconds 

Epochs: 1 || Local Duration: 342419 microseconds 

Epochs: 1 || Local Duration: 330016 microseconds 

Epochs: 1 || Local Duration: 330337 microseconds 

Epochs: 1 || Local Duration: 330882 microseconds 

Epochs: 1 || Local Duration: 330362 microseconds 

Epochs: 1 || Local Duration: 330748 microseconds 

Epochs: 1 || Local Duration: 329887 microseconds 

Epochs: 1 || Local Duration: 330699 microseconds 

Epochs: 1 || Local Duration: 330377 microseconds 

Epochs: 1 || Local Duration: 330146 microseconds 

Epochs: 1 || Local Duration: 625755 microseconds 

Epochs: 1 || Local Duration: 768967 microseconds 

Epochs: 1 || Local Duration: 736429 microseconds 

Epochs: 2 || Local Duration: 600970 microseconds 

Epochs: 2 || Local Duration: 595433 microseconds 

Epochs: 2 || Local Duration: 595674 microseconds 

Epochs: 2 || Local Duration: 606757 microseconds 

Epochs: 2 || Local Duration: 752147 microseconds 

Epochs: 2 || Local Duration: 863214 microseconds 

Epochs: 2 || Local Duration: 601715 microseconds 

Epochs: 2 || Local Duration: 599507 microseconds 

Epochs: 2 || Local Duration: 600041 microseconds 

Epochs: 2 || Local Duration: 597689 microseconds 

Epochs: 2 || Local Duration: 591099 microseconds 

Epochs: 2 || Local Duration: 589100 microseconds 

Epochs: 2 || Local Duration: 593686 microseconds 

Epochs: 2 || Local Duration: 591404 microseconds 

Epochs: 2 || Local Duration: 598913 microseconds 

Epochs: 2 || Local Duration: 595865 microseconds 

Epochs: 2 || Local Duration: 601110 microseconds 

Epochs: 2 || Local Duration: 593567 microseconds 

Epochs: 2 || Local Duration: 610467 microseconds 

Epochs: 2 || Local Duration: 613317 microseconds 

Epochs: 2 || Local Duration: 606091 microseconds 

Epochs: 2 || Local Duration: 593522 microseconds 

Epochs: 2 || Local Duration: 593127 microseconds 

Epochs: 2 || Local Duration: 599281 microseconds 

Epochs: 2 || Local Duration: 601323 microseconds 

Epochs: 2 || Local Duration: 598491 microseconds 

Epochs: 2 || Local Duration: 598550 microseconds 

Epochs: 2 || Local Duration: 601804 microseconds 

Epochs: 2 || Local Duration: 596937 microseconds 

Epochs: 2 || Local Duration: 604298 microseconds 

Epochs: 2 || Local Duration: 592788 microseconds 

Epochs: 2 || Local Duration: 594772 microseconds 

Epochs: 2 || Local Duration: 594186 microseconds 

Epochs: 2 || Local Duration: 593231 microseconds 

Epochs: 2 || Local Duration: 594417 microseconds 

Epochs: 2 || Local Duration: 603987 microseconds 

Epochs: 2 || Local Duration: 593247 microseconds 

Epochs: 2 || Local Duration: 593141 microseconds 

Epochs: 2 || Local Duration: 592229 microseconds 

Epochs: 2 || Local Duration: 678343 microseconds 

Epochs: 2 || Local Duration: 897191 microseconds 

Epochs: 2 || Local Duration: 859192 microseconds 

Epochs: 2 || Local Duration: 750429 microseconds 

Epochs: 2 || Local Duration: 593696 microseconds 

Epochs: 2 || Local Duration: 583848 microseconds 

Epochs: 2 || Local Duration: 591460 microseconds 

Epochs: 2 || Local Duration: 584777 microseconds 

Epochs: 2 || Local Duration: 582930 microseconds 

Epochs: 2 || Local Duration: 596160 microseconds 

Epochs: 2 || Local Duration: 588535 microseconds 

Epochs: 2 || Local Duration: 605703 microseconds 

Epochs: 2 || Local Duration: 606965 microseconds 

Epochs: 2 || Local Duration: 590411 microseconds 

Epochs: 2 || Local Duration: 590738 microseconds 

Epochs: 2 || Local Duration: 594580 microseconds 

Epochs: 2 || Local Duration: 589792 microseconds 

Epochs: 2 || Local Duration: 600957 microseconds 

Epochs: 2 || Local Duration: 583045 microseconds 

Epochs: 2 || Local Duration: 581060 microseconds 

Epochs: 2 || Local Duration: 579510 microseconds 

Epochs: 2 || Local Duration: 582408 microseconds 

Epochs: 2 || Local Duration: 583377 microseconds 

Epochs: 2 || Local Duration: 589525 microseconds 

Epochs: 2 || Local Duration: 581975 microseconds 

Epochs: 2 || Local Duration: 589650 microseconds 

Epochs: 2 || Local Duration: 593567 microseconds 

Epochs: 2 || Local Duration: 579694 microseconds 

Epochs: 2 || Local Duration: 612225 microseconds 

Epochs: 2 || Local Duration: 604586 microseconds 

Epochs: 2 || Local Duration: 582153 microseconds 

Epochs: 2 || Local Duration: 585334 microseconds 

Epochs: 2 || Local Duration: 586683 microseconds 

Epochs: 2 || Local Duration: 582801 microseconds 

Epochs: 2 || Local Duration: 581425 microseconds 

Epochs: 2 || Local Duration: 579600 microseconds 

Epochs: 2 || Local Duration: 580713 microseconds 

Epochs: 2 || Local Duration: 588156 microseconds 

Epochs: 2 || Local Duration: 599700 microseconds 

Epochs: 2 || Local Duration: 591456 microseconds 

Epochs: 2 || Local Duration: 585165 microseconds 

Epochs: 2 || Local Duration: 585652 microseconds 

Epochs: 2 || Local Duration: 588204 microseconds 

Epochs: 2 || Local Duration: 583386 microseconds 

Epochs: 2 || Local Duration: 581434 microseconds 

Epochs: 2 || Local Duration: 589735 microseconds 

Epochs: 2 || Local Duration: 595972 microseconds 

Epochs: 2 || Local Duration: 581494 microseconds 

Epochs: 2 || Local Duration: 586071 microseconds 

Epochs: 2 || Local Duration: 591671 microseconds 

Epochs: 2 || Local Duration: 589710 microseconds 

Epochs: 2 || Local Duration: 585137 microseconds 

Epochs: 2 || Local Duration: 591083 microseconds 

Epochs: 2 || Local Duration: 595107 microseconds 

Epochs: 2 || Local Duration: 588494 microseconds 

Epochs: 2 || Local Duration: 601685 microseconds 

Epochs: 2 || Local Duration: 595142 microseconds 

Epochs: 2 || Local Duration: 590303 microseconds 

Epochs: 2 || Local Duration: 587485 microseconds 

Epochs: 2 || Local Duration: 594381 microseconds 

Epochs: 2 || Local Duration: 583631 microseconds 

Epochs: 2 || Local Duration: 581778 microseconds 

Epochs: 2 || Local Duration: 589551 microseconds 

Epochs: 2 || Local Duration: 587071 microseconds 

Epochs: 2 || Local Duration: 584245 microseconds 

Epochs: 2 || Local Duration: 586803 microseconds 

Epochs: 2 || Local Duration: 583178 microseconds 

Epochs: 2 || Local Duration: 581501 microseconds 

Epochs: 2 || Local Duration: 588528 microseconds 

Epochs: 2 || Local Duration: 607417 microseconds 

Epochs: 2 || Local Duration: 612924 microseconds 

Epochs: 2 || Local Duration: 580567 microseconds 

Epochs: 2 || Local Duration: 583451 microseconds 

Epochs: 2 || Local Duration: 580782 microseconds 

Epochs: 2 || Local Duration: 590122 microseconds 

Epochs: 2 || Local Duration: 580213 microseconds 

Epochs: 2 || Local Duration: 582864 microseconds 

Epochs: 2 || Local Duration: 598089 microseconds 

Epochs: 2 || Local Duration: 583452 microseconds 

Epochs: 2 || Local Duration: 578747 microseconds 

Epochs: 2 || Local Duration: 579171 microseconds 

Epochs: 2 || Local Duration: 591438 microseconds 

Epochs: 2 || Local Duration: 591634 microseconds 

Epochs: 2 || Local Duration: 594577 microseconds 

Epochs: 2 || Local Duration: 586526 microseconds 

Epochs: 2 || Local Duration: 586707 microseconds 

Epochs: 2 || Local Duration: 586425 microseconds 

Epochs: 2 || Local Duration: 584601 microseconds 

Epochs: 2 || Local Duration: 579323 microseconds 

Epochs: 4 || Local Duration: 1131781 microseconds 

Epochs: 4 || Local Duration: 1145362 microseconds 

Epochs: 4 || Local Duration: 1143496 microseconds 

Epochs: 4 || Local Duration: 1133440 microseconds 

Epochs: 4 || Local Duration: 1156574 microseconds 

Epochs: 4 || Local Duration: 1136067 microseconds 

Epochs: 4 || Local Duration: 1137295 microseconds 

Epochs: 4 || Local Duration: 1122227 microseconds 

Epochs: 4 || Local Duration: 1124893 microseconds 

Epochs: 4 || Local Duration: 1137973 microseconds 

Epochs: 4 || Local Duration: 1140297 microseconds 

Epochs: 4 || Local Duration: 1159417 microseconds 

Epochs: 4 || Local Duration: 1135208 microseconds 

Epochs: 4 || Local Duration: 1147769 microseconds 

Epochs: 4 || Local Duration: 1133793 microseconds 

Epochs: 4 || Local Duration: 1135528 microseconds 

Epochs: 4 || Local Duration: 1142177 microseconds 

Epochs: 4 || Local Duration: 1139211 microseconds 

Epochs: 4 || Local Duration: 1136804 microseconds 

Epochs: 4 || Local Duration: 1156413 microseconds 

Epochs: 4 || Local Duration: 1131611 microseconds 

Epochs: 4 || Local Duration: 1149265 microseconds 

Epochs: 4 || Local Duration: 1133259 microseconds 

Epochs: 4 || Local Duration: 1151713 microseconds 

Epochs: 4 || Local Duration: 1145145 microseconds 

Epochs: 4 || Local Duration: 1135864 microseconds 

Epochs: 4 || Local Duration: 1148142 microseconds 

Epochs: 4 || Local Duration: 1138823 microseconds 

Epochs: 4 || Local Duration: 1129294 microseconds 

Epochs: 4 || Local Duration: 1152229 microseconds 

Epochs: 4 || Local Duration: 1122852 microseconds 

Epochs: 4 || Local Duration: 1140351 microseconds 

Epochs: 4 || Local Duration: 1145387 microseconds 

Epochs: 4 || Local Duration: 1131765 microseconds 

Epochs: 4 || Local Duration: 1133558 microseconds 

Epochs: 4 || Local Duration: 1141841 microseconds 

Epochs: 4 || Local Duration: 1126203 microseconds 

Epochs: 4 || Local Duration: 1143336 microseconds 

Epochs: 4 || Local Duration: 1129088 microseconds 

Epochs: 4 || Local Duration: 1148292 microseconds 

Epochs: 4 || Local Duration: 1156369 microseconds 

Epochs: 4 || Local Duration: 1149771 microseconds 

Epochs: 4 || Local Duration: 1143453 microseconds 

Epochs: 4 || Local Duration: 1159038 microseconds 

Epochs: 4 || Local Duration: 1143817 microseconds 

Epochs: 4 || Local Duration: 1149550 microseconds 

Epochs: 4 || Local Duration: 1155951 microseconds 

Epochs: 4 || Local Duration: 1153203 microseconds 

Epochs: 4 || Local Duration: 1148688 microseconds 

Epochs: 4 || Local Duration: 1142625 microseconds 

Epochs: 4 || Local Duration: 1147422 microseconds 

Epochs: 4 || Local Duration: 1155614 microseconds 

Epochs: 4 || Local Duration: 1145283 microseconds 

Epochs: 4 || Local Duration: 1150328 microseconds 

Epochs: 4 || Local Duration: 1143961 microseconds 

Epochs: 4 || Local Duration: 1133461 microseconds 

Epochs: 4 || Local Duration: 1153000 microseconds 

Epochs: 4 || Local Duration: 1149664 microseconds 

Epochs: 4 || Local Duration: 1144558 microseconds 

Epochs: 4 || Local Duration: 1150667 microseconds 

Epochs: 4 || Local Duration: 1140179 microseconds 

Epochs: 4 || Local Duration: 1137413 microseconds 

Epochs: 4 || Local Duration: 1125158 microseconds 

Epochs: 4 || Local Duration: 1134633 microseconds 

Epochs: 8 || Local Duration: 2248725 microseconds 

Epochs: 8 || Local Duration: 2283984 microseconds 

Epochs: 8 || Local Duration: 2241307 microseconds 

Epochs: 8 || Local Duration: 2265716 microseconds 

Epochs: 8 || Local Duration: 2231392 microseconds 

Epochs: 8 || Local Duration: 2237489 microseconds 

Epochs: 8 || Local Duration: 2232776 microseconds 

Epochs: 8 || Local Duration: 2240292 microseconds 

Epochs: 8 || Local Duration: 2266049 microseconds 

Epochs: 8 || Local Duration: 2237540 microseconds 

Epochs: 8 || Local Duration: 2222609 microseconds 

Epochs: 8 || Local Duration: 2211773 microseconds 

Epochs: 8 || Local Duration: 2175892 microseconds 

Epochs: 8 || Local Duration: 2188643 microseconds 

Epochs: 8 || Local Duration: 2214951 microseconds 

Epochs: 8 || Local Duration: 2169903 microseconds 

Epochs: 8 || Local Duration: 2157766 microseconds 

Epochs: 8 || Local Duration: 2165198 microseconds 

Epochs: 8 || Local Duration: 2155233 microseconds 

Epochs: 8 || Local Duration: 2175784 microseconds 

Epochs: 8 || Local Duration: 2163329 microseconds 

Epochs: 8 || Local Duration: 2166399 microseconds 

Epochs: 8 || Local Duration: 2162852 microseconds 

Epochs: 8 || Local Duration: 2159974 microseconds 

Epochs: 8 || Local Duration: 2173354 microseconds 

Epochs: 8 || Local Duration: 2193872 microseconds 

Epochs: 8 || Local Duration: 2230797 microseconds 

Epochs: 8 || Local Duration: 2154330 microseconds 

Epochs: 8 || Local Duration: 2153853 microseconds 

Epochs: 8 || Local Duration: 2168728 microseconds 

Epochs: 8 || Local Duration: 2173032 microseconds 

Epochs: 8 || Local Duration: 2148583 microseconds 

Epochs: 16 || Local Duration: 4332934 microseconds 

Epochs: 16 || Local Duration: 4267026 microseconds 

Epochs: 16 || Local Duration: 4314128 microseconds 

Epochs: 16 || Local Duration: 4285550 microseconds 

Epochs: 16 || Local Duration: 4252786 microseconds 

Epochs: 16 || Local Duration: 4276804 microseconds 

Epochs: 16 || Local Duration: 4260987 microseconds 

Epochs: 16 || Local Duration: 4253161 microseconds 

Epochs: 16 || Local Duration: 4362424 microseconds 

Epochs: 16 || Local Duration: 4274647 microseconds 

Epochs: 16 || Local Duration: 4275593 microseconds 

Epochs: 16 || Local Duration: 4262822 microseconds 

Epochs: 16 || Local Duration: 4261687 microseconds 

Epochs: 16 || Local Duration: 4139684 microseconds 

Epochs: 16 || Local Duration: 4119908 microseconds 

Epochs: 16 || Local Duration: 4021845 microseconds 

Epochs: 32 || Local Duration: 8055047 microseconds 

Epochs: 32 || Local Duration: 7974207 microseconds 

Epochs: 32 || Local Duration: 8202566 microseconds 

Epochs: 32 || Local Duration: 7974102 microseconds 

Epochs: 32 || Local Duration: 7932140 microseconds 

Epochs: 32 || Local Duration: 8299305 microseconds 

Epochs: 32 || Local Duration: 7986345 microseconds 

Epochs: 32 || Local Duration: 7938673 microseconds 

Epochs: 64 || Local Duration: 16285626 microseconds 

Epochs: 64 || Local Duration: 15974177 microseconds 

Epochs: 64 || Local Duration: 15884771 microseconds 

Epochs: 64 || Local Duration: 15948693 microseconds 

Epochs: 128 || Local Duration: 32318633 microseconds 

Epochs: 128 || Local Duration: 32080551 microseconds 

Overall Duration: 570847081 microseconds

real	9m31.160s
user	0m0.015s
sys	0m0.019s
rm -f  m5_ASH.o  m5_SH.o  m5_neural_network.o m5_ASH m5_SH
