make: Nothing to be done for `all'.
==1227== Memcheck, a memory error detector
==1227== Copyright (C) 2002-2017, and GNU GPL'd, by Julian Seward et al.
==1227== Using Valgrind-3.13.0 and LibVEX; rerun with -h for copyright info
==1227== Command: ./m5_SH 16
==1227== 
--1227-- WARNING: Serious error when reading debug info
--1227-- When reading debug info from /n/sw/helmod/apps/centos7/Core/gcc/12.1.0-fasrc01/lib64/libstdc++.so.6.0.30:
--1227-- Ignoring non-Dwarf2/3/4 block in .debug_info
--1227-- WARNING: Serious error when reading debug info
--1227-- When reading debug info from /n/sw/helmod/apps/centos7/Core/gcc/12.1.0-fasrc01/lib64/libstdc++.so.6.0.30:
--1227-- Ignoring non-Dwarf2/3/4 block in .debug_info
--1227-- WARNING: Serious error when reading debug info
--1227-- When reading debug info from /n/sw/helmod/apps/centos7/Core/gcc/12.1.0-fasrc01/lib64/libstdc++.so.6.0.30:
--1227-- Ignoring non-Dwarf2/3/4 block in .debug_info
--1227-- WARNING: Serious error when reading debug info
--1227-- When reading debug info from /n/sw/helmod/apps/centos7/Core/gcc/12.1.0-fasrc01/lib64/libstdc++.so.6.0.30:
--1227-- Ignoring non-Dwarf2/3/4 block in .debug_info
--1227-- WARNING: Serious error when reading debug info
--1227-- When reading debug info from /n/sw/helmod/apps/centos7/Core/gcc/12.1.0-fasrc01/lib64/libstdc++.so.6.0.30:
--1227-- Ignoring non-Dwarf2/3/4 block in .debug_info
--1227-- WARNING: Serious error when reading debug info
--1227-- When reading debug info from /n/sw/helmod/apps/centos7/Core/gcc/12.1.0-fasrc01/lib64/libstdc++.so.6.0.30:
--1227-- Ignoring non-Dwarf2/3/4 block in .debug_info
--1227-- WARNING: Serious error when reading debug info
--1227-- When reading debug info from /n/sw/helmod/apps/centos7/Core/gcc/12.1.0-fasrc01/lib64/libstdc++.so.6.0.30:
--1227-- Ignoring non-Dwarf2/3/4 block in .debug_info
--1227-- WARNING: Serious error when reading debug info
--1227-- When reading debug info from /n/sw/helmod/apps/centos7/Core/gcc/12.1.0-fasrc01/lib64/libstdc++.so.6.0.30:
--1227-- Ignoring non-Dwarf2/3/4 block in .debug_info
--1227-- WARNING: Serious error when reading debug info
--1227-- When reading debug info from /n/sw/helmod/apps/centos7/Core/gcc/12.1.0-fasrc01/lib64/libstdc++.so.6.0.30:
--1227-- Ignoring non-Dwarf2/3/4 block in .debug_info
--1227-- WARNING: Serious error when reading debug info
--1227-- When reading debug info from /n/sw/helmod/apps/centos7/Core/gcc/12.1.0-fasrc01/lib64/libstdc++.so.6.0.30:
--1227-- Ignoring non-Dwarf2/3/4 block in .debug_info
--1227-- WARNING: Serious error when reading debug info
--1227-- When reading debug info from /n/sw/helmod/apps/centos7/Core/gcc/12.1.0-fasrc01/lib64/libstdc++.so.6.0.30:
--1227-- Ignoring non-Dwarf2/3/4 block in .debug_info
--1227-- WARNING: Serious error when reading debug info
--1227-- When reading debug info from /n/sw/helmod/apps/centos7/Core/gcc/12.1.0-fasrc01/lib64/libstdc++.so.6.0.30:
--1227-- Ignoring non-Dwarf2/3/4 block in .debug_info
--1227-- WARNING: Serious error when reading debug info
--1227-- When reading debug info from /n/sw/helmod/apps/centos7/Core/gcc/12.1.0-fasrc01/lib64/libstdc++.so.6.0.30:
--1227-- Ignoring non-Dwarf2/3/4 block in .debug_info
--1227-- WARNING: Serious error when reading debug info
--1227-- When reading debug info from /n/sw/helmod/apps/centos7/Core/gcc/12.1.0-fasrc01/lib64/libstdc++.so.6.0.30:
--1227-- Ignoring non-Dwarf2/3/4 block in .debug_info
--1227-- WARNING: Serious error when reading debug info
--1227-- When reading debug info from /n/sw/helmod/apps/centos7/Core/gcc/12.1.0-fasrc01/lib64/libstdc++.so.6.0.30:
--1227-- Ignoring non-Dwarf2/3/4 block in .debug_info
--1227-- WARNING: Serious error when reading debug info
--1227-- When reading debug info from /n/sw/helmod/apps/centos7/Core/gcc/12.1.0-fasrc01/lib64/libstdc++.so.6.0.30:
--1227-- Ignoring non-Dwarf2/3/4 block in .debug_info
--1227-- WARNING: Serious error when reading debug info
--1227-- When reading debug info from /n/sw/helmod/apps/centos7/Core/gcc/12.1.0-fasrc01/lib64/libstdc++.so.6.0.30:
--1227-- Ignoring non-Dwarf2/3/4 block in .debug_info
--1227-- WARNING: Serious error when reading debug info
--1227-- When reading debug info from /n/sw/helmod/apps/centos7/Core/gcc/12.1.0-fasrc01/lib64/libstdc++.so.6.0.30:
--1227-- Ignoring non-Dwarf2/3/4 block in .debug_info
--1227-- WARNING: Serious error when reading debug info
--1227-- When reading debug info from /n/sw/helmod/apps/centos7/Core/gcc/12.1.0-fasrc01/lib64/libstdc++.so.6.0.30:
--1227-- Ignoring non-Dwarf2/3/4 block in .debug_info
--1227-- WARNING: Serious error when reading debug info
--1227-- When reading debug info from /n/sw/helmod/apps/centos7/Core/gcc/12.1.0-fasrc01/lib64/libstdc++.so.6.0.30:
--1227-- Ignoring non-Dwarf2/3/4 block in .debug_info
--1227-- WARNING: Serious error when reading debug info
--1227-- When reading debug info from /n/sw/helmod/apps/centos7/Core/gcc/12.1.0-fasrc01/lib64/libstdc++.so.6.0.30:
--1227-- Ignoring non-Dwarf2/3/4 block in .debug_info
--1227-- WARNING: Serious error when reading debug info
--1227-- When reading debug info from /n/sw/helmod/apps/centos7/Core/gcc/12.1.0-fasrc01/lib64/libstdc++.so.6.0.30:
--1227-- Ignoring non-Dwarf2/3/4 block in .debug_info
--1227-- WARNING: Serious error when reading debug info
--1227-- When reading debug info from /n/sw/helmod/apps/centos7/Core/gcc/12.1.0-fasrc01/lib64/libstdc++.so.6.0.30:
--1227-- Ignoring non-Dwarf2/3/4 block in .debug_info
--1227-- WARNING: Serious error when reading debug info
--1227-- When reading debug info from /n/sw/helmod/apps/centos7/Core/gcc/12.1.0-fasrc01/lib64/libstdc++.so.6.0.30:
--1227-- Ignoring non-Dwarf2/3/4 block in .debug_info
--1227-- WARNING: Serious error when reading debug info
--1227-- When reading debug info from /n/sw/helmod/apps/centos7/Core/gcc/12.1.0-fasrc01/lib64/libstdc++.so.6.0.30:
--1227-- Ignoring non-Dwarf2/3/4 block in .debug_info
--1227-- WARNING: Serious error when reading debug info
--1227-- When reading debug info from /n/sw/helmod/apps/centos7/Core/gcc/12.1.0-fasrc01/lib64/libstdc++.so.6.0.30:
--1227-- Ignoring non-Dwarf2/3/4 block in .debug_info
--1227-- WARNING: Serious error when reading debug info
--1227-- When reading debug info from /n/sw/helmod/apps/centos7/Core/gcc/12.1.0-fasrc01/lib64/libstdc++.so.6.0.30:
--1227-- Ignoring non-Dwarf2/3/4 block in .debug_info
--1227-- WARNING: Serious error when reading debug info
--1227-- When reading debug info from /n/sw/helmod/apps/centos7/Core/gcc/12.1.0-fasrc01/lib64/libstdc++.so.6.0.30:
--1227-- Ignoring non-Dwarf2/3/4 block in .debug_info
--1227-- WARNING: Serious error when reading debug info
--1227-- When reading debug info from /n/sw/helmod/apps/centos7/Core/gcc/12.1.0-fasrc01/lib64/libstdc++.so.6.0.30:
--1227-- Ignoring non-Dwarf2/3/4 block in .debug_info
--1227-- WARNING: Serious error when reading debug info
--1227-- When reading debug info from /n/sw/helmod/apps/centos7/Core/gcc/12.1.0-fasrc01/lib64/libstdc++.so.6.0.30:
--1227-- Ignoring non-Dwarf2/3/4 block in .debug_info
--1227-- WARNING: Serious error when reading debug info
--1227-- When reading debug info from /n/sw/helmod/apps/centos7/Core/gcc/12.1.0-fasrc01/lib64/libstdc++.so.6.0.30:
--1227-- Ignoring non-Dwarf2/3/4 block in .debug_info
--1227-- WARNING: Serious error when reading debug info
--1227-- When reading debug info from /n/sw/helmod/apps/centos7/Core/gcc/12.1.0-fasrc01/lib64/libstdc++.so.6.0.30:
--1227-- Ignoring non-Dwarf2/3/4 block in .debug_info
--1227-- WARNING: Serious error when reading debug info
--1227-- When reading debug info from /n/sw/helmod/apps/centos7/Core/gcc/12.1.0-fasrc01/lib64/libstdc++.so.6.0.30:
--1227-- Ignoring non-Dwarf2/3/4 block in .debug_info
--1227-- WARNING: Serious error when reading debug info
--1227-- When reading debug info from /n/sw/helmod/apps/centos7/Core/gcc/12.1.0-fasrc01/lib64/libstdc++.so.6.0.30:
--1227-- Ignoring non-Dwarf2/3/4 block in .debug_info
--1227-- WARNING: Serious error when reading debug info
--1227-- When reading debug info from /n/sw/helmod/apps/centos7/Core/gcc/12.1.0-fasrc01/lib64/libstdc++.so.6.0.30:
--1227-- Ignoring non-Dwarf2/3/4 block in .debug_info
--1227-- WARNING: Serious error when reading debug info
--1227-- When reading debug info from /n/sw/helmod/apps/centos7/Core/gcc/12.1.0-fasrc01/lib64/libstdc++.so.6.0.30:
--1227-- Ignoring non-Dwarf2/3/4 block in .debug_info
--1227-- WARNING: Serious error when reading debug info
--1227-- When reading debug info from /n/sw/helmod/apps/centos7/Core/gcc/12.1.0-fasrc01/lib64/libstdc++.so.6.0.30:
--1227-- Ignoring non-Dwarf2/3/4 block in .debug_info
--1227-- WARNING: Serious error when reading debug info
--1227-- When reading debug info from /n/sw/helmod/apps/centos7/Core/gcc/12.1.0-fasrc01/lib64/libstdc++.so.6.0.30:
--1227-- Ignoring non-Dwarf2/3/4 block in .debug_info
--1227-- WARNING: Serious error when reading debug info
--1227-- When reading debug info from /n/sw/helmod/apps/centos7/Core/gcc/12.1.0-fasrc01/lib64/libstdc++.so.6.0.30:
--1227-- Ignoring non-Dwarf2/3/4 block in .debug_info
--1227-- WARNING: Serious error when reading debug info
--1227-- When reading debug info from /n/sw/helmod/apps/centos7/Core/gcc/12.1.0-fasrc01/lib64/libstdc++.so.6.0.30:
--1227-- Ignoring non-Dwarf2/3/4 block in .debug_info
--1227-- WARNING: Serious error when reading debug info
--1227-- When reading debug info from /n/sw/helmod/apps/centos7/Core/gcc/12.1.0-fasrc01/lib64/libstdc++.so.6.0.30:
--1227-- Ignoring non-Dwarf2/3/4 block in .debug_info
--1227-- WARNING: Serious error when reading debug info
--1227-- When reading debug info from /n/sw/helmod/apps/centos7/Core/gcc/12.1.0-fasrc01/lib64/libstdc++.so.6.0.30:
--1227-- Ignoring non-Dwarf2/3/4 block in .debug_info
--1227-- WARNING: Serious error when reading debug info
--1227-- When reading debug info from /n/sw/helmod/apps/centos7/Core/gcc/12.1.0-fasrc01/lib64/libstdc++.so.6.0.30:
--1227-- Ignoring non-Dwarf2/3/4 block in .debug_info
--1227-- WARNING: Serious error when reading debug info
--1227-- When reading debug info from /n/sw/helmod/apps/centos7/Core/gcc/12.1.0-fasrc01/lib64/libstdc++.so.6.0.30:
--1227-- Ignoring non-Dwarf2/3/4 block in .debug_info
--1227-- WARNING: Serious error when reading debug info
--1227-- When reading debug info from /n/sw/helmod/apps/centos7/Core/gcc/12.1.0-fasrc01/lib64/libstdc++.so.6.0.30:
--1227-- Ignoring non-Dwarf2/3/4 block in .debug_info
--1227-- WARNING: Serious error when reading debug info
--1227-- When reading debug info from /n/sw/helmod/apps/centos7/Core/gcc/12.1.0-fasrc01/lib64/libstdc++.so.6.0.30:
--1227-- Ignoring non-Dwarf2/3/4 block in .debug_info
--1227-- WARNING: Serious error when reading debug info
--1227-- When reading debug info from /n/sw/helmod/apps/centos7/Core/gcc/12.1.0-fasrc01/lib64/libstdc++.so.6.0.30:
--1227-- Ignoring non-Dwarf2/3/4 block in .debug_info
--1227-- WARNING: Serious error when reading debug info
--1227-- When reading debug info from /n/sw/helmod/apps/centos7/Core/gcc/12.1.0-fasrc01/lib64/libstdc++.so.6.0.30:
--1227-- Ignoring non-Dwarf2/3/4 block in .debug_info
--1227-- WARNING: Serious error when reading debug info
--1227-- When reading debug info from /n/sw/helmod/apps/centos7/Core/gcc/12.1.0-fasrc01/lib64/libstdc++.so.6.0.30:
--1227-- Ignoring non-Dwarf2/3/4 block in .debug_info
--1227-- WARNING: Serious error when reading debug info
--1227-- When reading debug info from /n/sw/helmod/apps/centos7/Core/gcc/12.1.0-fasrc01/lib64/libstdc++.so.6.0.30:
--1227-- Ignoring non-Dwarf2/3/4 block in .debug_info
--1227-- WARNING: Serious error when reading debug info
--1227-- When reading debug info from /n/sw/helmod/apps/centos7/Core/gcc/12.1.0-fasrc01/lib64/libstdc++.so.6.0.30:
--1227-- Ignoring non-Dwarf2/3/4 block in .debug_info
--1227-- WARNING: Serious error when reading debug info
--1227-- When reading debug info from /n/sw/helmod/apps/centos7/Core/gcc/12.1.0-fasrc01/lib64/libstdc++.so.6.0.30:
--1227-- Ignoring non-Dwarf2/3/4 block in .debug_info
--1227-- WARNING: Serious error when reading debug info
--1227-- When reading debug info from /n/sw/helmod/apps/centos7/Core/gcc/12.1.0-fasrc01/lib64/libstdc++.so.6.0.30:
--1227-- Ignoring non-Dwarf2/3/4 block in .debug_info
--1227-- WARNING: Serious error when reading debug info
--1227-- When reading debug info from /n/sw/helmod/apps/centos7/Core/gcc/12.1.0-fasrc01/lib64/libstdc++.so.6.0.30:
--1227-- Ignoring non-Dwarf2/3/4 block in .debug_info
--1227-- WARNING: Serious error when reading debug info
--1227-- When reading debug info from /n/sw/helmod/apps/centos7/Core/gcc/12.1.0-fasrc01/lib64/libstdc++.so.6.0.30:
--1227-- Ignoring non-Dwarf2/3/4 block in .debug_info
--1227-- WARNING: Serious error when reading debug info
--1227-- When reading debug info from /n/sw/helmod/apps/centos7/Core/gcc/12.1.0-fasrc01/lib64/libstdc++.so.6.0.30:
--1227-- Ignoring non-Dwarf2/3/4 block in .debug_info
--1227-- WARNING: Serious error when reading debug info
--1227-- When reading debug info from /n/sw/helmod/apps/centos7/Core/gcc/12.1.0-fasrc01/lib64/libstdc++.so.6.0.30:
--1227-- Ignoring non-Dwarf2/3/4 block in .debug_info
--1227-- WARNING: Serious error when reading debug info
--1227-- When reading debug info from /n/sw/helmod/apps/centos7/Core/gcc/12.1.0-fasrc01/lib64/libstdc++.so.6.0.30:
--1227-- Ignoring non-Dwarf2/3/4 block in .debug_info
--1227-- WARNING: Serious error when reading debug info
--1227-- When reading debug info from /n/sw/helmod/apps/centos7/Core/gcc/12.1.0-fasrc01/lib64/libstdc++.so.6.0.30:
--1227-- Ignoring non-Dwarf2/3/4 block in .debug_info
--1227-- WARNING: Serious error when reading debug info
--1227-- When reading debug info from /n/sw/helmod/apps/centos7/Core/gcc/12.1.0-fasrc01/lib64/libstdc++.so.6.0.30:
--1227-- Ignoring non-Dwarf2/3/4 block in .debug_info
--1227-- WARNING: Serious error when reading debug info
--1227-- When reading debug info from /n/sw/helmod/apps/centos7/Core/gcc/12.1.0-fasrc01/lib64/libstdc++.so.6.0.30:
--1227-- Ignoring non-Dwarf2/3/4 block in .debug_info
--1227-- WARNING: Serious error when reading debug info
--1227-- When reading debug info from /n/sw/helmod/apps/centos7/Core/gcc/12.1.0-fasrc01/lib64/libstdc++.so.6.0.30:
--1227-- Ignoring non-Dwarf2/3/4 block in .debug_info
--1227-- WARNING: Serious error when reading debug info
--1227-- When reading debug info from /n/sw/helmod/apps/centos7/Core/gcc/12.1.0-fasrc01/lib64/libstdc++.so.6.0.30:
--1227-- Ignoring non-Dwarf2/3/4 block in .debug_info
--1227-- WARNING: Serious error when reading debug info
--1227-- When reading debug info from /n/sw/helmod/apps/centos7/Core/gcc/12.1.0-fasrc01/lib64/libstdc++.so.6.0.30:
--1227-- Ignoring non-Dwarf2/3/4 block in .debug_info
--1227-- WARNING: Serious error when reading debug info
--1227-- When reading debug info from /n/sw/helmod/apps/centos7/Core/gcc/12.1.0-fasrc01/lib64/libstdc++.so.6.0.30:
--1227-- Ignoring non-Dwarf2/3/4 block in .debug_info
--1227-- WARNING: Serious error when reading debug info
--1227-- When reading debug info from /n/sw/helmod/apps/centos7/Core/gcc/12.1.0-fasrc01/lib64/libstdc++.so.6.0.30:
--1227-- Ignoring non-Dwarf2/3/4 block in .debug_info
--1227-- WARNING: Serious error when reading debug info
--1227-- When reading debug info from /n/sw/helmod/apps/centos7/Core/gcc/12.1.0-fasrc01/lib64/libstdc++.so.6.0.30:
--1227-- Ignoring non-Dwarf2/3/4 block in .debug_info
--1227-- WARNING: Serious error when reading debug info
--1227-- When reading debug info from /n/sw/helmod/apps/centos7/Core/gcc/12.1.0-fasrc01/lib64/libstdc++.so.6.0.30:
--1227-- Ignoring non-Dwarf2/3/4 block in .debug_info
--1227-- WARNING: Serious error when reading debug info
--1227-- When reading debug info from /n/sw/helmod/apps/centos7/Core/gcc/12.1.0-fasrc01/lib64/libstdc++.so.6.0.30:
--1227-- Ignoring non-Dwarf2/3/4 block in .debug_info
--1227-- WARNING: Serious error when reading debug info
--1227-- When reading debug info from /n/sw/helmod/apps/centos7/Core/gcc/12.1.0-fasrc01/lib64/libstdc++.so.6.0.30:
--1227-- Ignoring non-Dwarf2/3/4 block in .debug_info
--1227-- WARNING: Serious error when reading debug info
--1227-- When reading debug info from /n/sw/helmod/apps/centos7/Core/gcc/12.1.0-fasrc01/lib64/libstdc++.so.6.0.30:
--1227-- Ignoring non-Dwarf2/3/4 block in .debug_info
--1227-- WARNING: Serious error when reading debug info
--1227-- When reading debug info from /n/sw/helmod/apps/centos7/Core/gcc/12.1.0-fasrc01/lib64/libstdc++.so.6.0.30:
--1227-- Ignoring non-Dwarf2/3/4 block in .debug_info
--1227-- WARNING: Serious error when reading debug info
--1227-- When reading debug info from /n/sw/helmod/apps/centos7/Core/gcc/12.1.0-fasrc01/lib64/libstdc++.so.6.0.30:
--1227-- Ignoring non-Dwarf2/3/4 block in .debug_info
--1227-- WARNING: Serious error when reading debug info
--1227-- When reading debug info from /n/sw/helmod/apps/centos7/Core/gcc/12.1.0-fasrc01/lib64/libstdc++.so.6.0.30:
--1227-- Ignoring non-Dwarf2/3/4 block in .debug_info
--1227-- WARNING: Serious error when reading debug info
--1227-- When reading debug info from /n/sw/helmod/apps/centos7/Core/gcc/12.1.0-fasrc01/lib64/libstdc++.so.6.0.30:
--1227-- Ignoring non-Dwarf2/3/4 block in .debug_info
--1227-- WARNING: Serious error when reading debug info
--1227-- When reading debug info from /n/sw/helmod/apps/centos7/Core/gcc/12.1.0-fasrc01/lib64/libstdc++.so.6.0.30:
--1227-- Ignoring non-Dwarf2/3/4 block in .debug_info
--1227-- WARNING: Serious error when reading debug info
--1227-- When reading debug info from /n/sw/helmod/apps/centos7/Core/gcc/12.1.0-fasrc01/lib64/libstdc++.so.6.0.30:
--1227-- Ignoring non-Dwarf2/3/4 block in .debug_info
--1227-- WARNING: Serious error when reading debug info
--1227-- When reading debug info from /n/sw/helmod/apps/centos7/Core/gcc/12.1.0-fasrc01/lib64/libstdc++.so.6.0.30:
--1227-- Ignoring non-Dwarf2/3/4 block in .debug_info
--1227-- WARNING: Serious error when reading debug info
--1227-- When reading debug info from /n/sw/helmod/apps/centos7/Core/gcc/12.1.0-fasrc01/lib64/libstdc++.so.6.0.30:
--1227-- Ignoring non-Dwarf2/3/4 block in .debug_info
--1227-- WARNING: Serious error when reading debug info
--1227-- When reading debug info from /n/sw/helmod/apps/centos7/Core/gcc/12.1.0-fasrc01/lib64/libstdc++.so.6.0.30:
--1227-- Ignoring non-Dwarf2/3/4 block in .debug_info
--1227-- WARNING: Serious error when reading debug info
--1227-- When reading debug info from /n/sw/helmod/apps/centos7/Core/gcc/12.1.0-fasrc01/lib64/libstdc++.so.6.0.30:
--1227-- Ignoring non-Dwarf2/3/4 block in .debug_info
--1227-- WARNING: Serious error when reading debug info
--1227-- When reading debug info from /n/sw/helmod/apps/centos7/Core/gcc/12.1.0-fasrc01/lib64/libstdc++.so.6.0.30:
--1227-- Ignoring non-Dwarf2/3/4 block in .debug_info
--1227-- WARNING: Serious error when reading debug info
--1227-- When reading debug info from /n/sw/helmod/apps/centos7/Core/gcc/12.1.0-fasrc01/lib64/libstdc++.so.6.0.30:
--1227-- Ignoring non-Dwarf2/3/4 block in .debug_info
--1227-- WARNING: Serious error when reading debug info
--1227-- When reading debug info from /n/sw/helmod/apps/centos7/Core/gcc/12.1.0-fasrc01/lib64/libstdc++.so.6.0.30:
--1227-- Ignoring non-Dwarf2/3/4 block in .debug_info
--1227-- WARNING: Serious error when reading debug info
--1227-- When reading debug info from /n/sw/helmod/apps/centos7/Core/gcc/12.1.0-fasrc01/lib64/libstdc++.so.6.0.30:
--1227-- Ignoring non-Dwarf2/3/4 block in .debug_info
--1227-- WARNING: Serious error when reading debug info
--1227-- When reading debug info from /n/sw/helmod/apps/centos7/Core/gcc/12.1.0-fasrc01/lib64/libstdc++.so.6.0.30:
--1227-- Ignoring non-Dwarf2/3/4 block in .debug_info
--1227-- WARNING: Serious error when reading debug info
--1227-- When reading debug info from /n/sw/helmod/apps/centos7/Core/gcc/12.1.0-fasrc01/lib64/libstdc++.so.6.0.30:
--1227-- Ignoring non-Dwarf2/3/4 block in .debug_info
--1227-- WARNING: Serious error when reading debug info
--1227-- When reading debug info from /n/sw/helmod/apps/centos7/Core/gcc/12.1.0-fasrc01/lib64/libstdc++.so.6.0.30:
--1227-- Ignoring non-Dwarf2/3/4 block in .debug_info
--1227-- WARNING: Serious error when reading debug info
--1227-- When reading debug info from /n/sw/helmod/apps/centos7/Core/gcc/12.1.0-fasrc01/lib64/libstdc++.so.6.0.30:
--1227-- Ignoring non-Dwarf2/3/4 block in .debug_info
--1227-- WARNING: Serious error when reading debug info
--1227-- When reading debug info from /n/sw/helmod/apps/centos7/Core/gcc/12.1.0-fasrc01/lib64/libstdc++.so.6.0.30:
--1227-- Ignoring non-Dwarf2/3/4 block in .debug_info
--1227-- WARNING: Serious error when reading debug info
--1227-- When reading debug info from /n/sw/helmod/apps/centos7/Core/gcc/12.1.0-fasrc01/lib64/libstdc++.so.6.0.30:
--1227-- Ignoring non-Dwarf2/3/4 block in .debug_info
--1227-- WARNING: Serious error when reading debug info
--1227-- When reading debug info from /n/sw/helmod/apps/centos7/Core/gcc/12.1.0-fasrc01/lib64/libstdc++.so.6.0.30:
--1227-- Ignoring non-Dwarf2/3/4 block in .debug_info
--1227-- WARNING: Serious error when reading debug info
--1227-- When reading debug info from /n/sw/helmod/apps/centos7/Core/gcc/12.1.0-fasrc01/lib64/libstdc++.so.6.0.30:
--1227-- Ignoring non-Dwarf2/3/4 block in .debug_info
--1227-- WARNING: Serious error when reading debug info
--1227-- When reading debug info from /n/sw/helmod/apps/centos7/Core/gcc/12.1.0-fasrc01/lib64/libstdc++.so.6.0.30:
--1227-- Ignoring non-Dwarf2/3/4 block in .debug_info
--1227-- WARNING: Serious error when reading debug info
--1227-- When reading debug info from /n/sw/helmod/apps/centos7/Core/gcc/12.1.0-fasrc01/lib64/libstdc++.so.6.0.30:
--1227-- Ignoring non-Dwarf2/3/4 block in .debug_info
--1227-- WARNING: Serious error when reading debug info
--1227-- When reading debug info from /n/sw/helmod/apps/centos7/Core/gcc/12.1.0-fasrc01/lib64/libstdc++.so.6.0.30:
--1227-- Ignoring non-Dwarf2/3/4 block in .debug_info
--1227-- WARNING: Serious error when reading debug info
--1227-- When reading debug info from /n/sw/helmod/apps/centos7/Core/gcc/12.1.0-fasrc01/lib64/libstdc++.so.6.0.30:
--1227-- Ignoring non-Dwarf2/3/4 block in .debug_info
--1227-- WARNING: Serious error when reading debug info
--1227-- When reading debug info from /n/sw/helmod/apps/centos7/Core/gcc/12.1.0-fasrc01/lib64/libstdc++.so.6.0.30:
--1227-- Ignoring non-Dwarf2/3/4 block in .debug_info
--1227-- WARNING: Serious error when reading debug info
--1227-- When reading debug info from /n/sw/helmod/apps/centos7/Core/gcc/12.1.0-fasrc01/lib64/libstdc++.so.6.0.30:
--1227-- Ignoring non-Dwarf2/3/4 block in .debug_info
--1227-- WARNING: Serious error when reading debug info
--1227-- When reading debug info from /n/sw/helmod/apps/centos7/Core/gcc/12.1.0-fasrc01/lib64/libstdc++.so.6.0.30:
--1227-- Ignoring non-Dwarf2/3/4 block in .debug_info
--1227-- WARNING: Serious error when reading debug info
--1227-- When reading debug info from /n/sw/helmod/apps/centos7/Core/gcc/12.1.0-fasrc01/lib64/libstdc++.so.6.0.30:
--1227-- Ignoring non-Dwarf2/3/4 block in .debug_info
--1227-- WARNING: Serious error when reading debug info
--1227-- When reading debug info from /n/sw/helmod/apps/centos7/Core/gcc/12.1.0-fasrc01/lib64/libstdc++.so.6.0.30:
--1227-- Ignoring non-Dwarf2/3/4 block in .debug_info
--1227-- WARNING: Serious error when reading debug info
--1227-- When reading debug info from /n/sw/helmod/apps/centos7/Core/gcc/12.1.0-fasrc01/lib64/libstdc++.so.6.0.30:
--1227-- Ignoring non-Dwarf2/3/4 block in .debug_info
--1227-- WARNING: Serious error when reading debug info
--1227-- When reading debug info from /n/sw/helmod/apps/centos7/Core/gcc/12.1.0-fasrc01/lib64/libstdc++.so.6.0.30:
--1227-- Ignoring non-Dwarf2/3/4 block in .debug_info
--1227-- WARNING: Serious error when reading debug info
--1227-- When reading debug info from /n/sw/helmod/apps/centos7/Core/gcc/12.1.0-fasrc01/lib64/libstdc++.so.6.0.30:
--1227-- Ignoring non-Dwarf2/3/4 block in .debug_info
--1227-- WARNING: Serious error when reading debug info
--1227-- When reading debug info from /n/sw/helmod/apps/centos7/Core/gcc/12.1.0-fasrc01/lib64/libstdc++.so.6.0.30:
--1227-- Ignoring non-Dwarf2/3/4 block in .debug_info
--1227-- WARNING: Serious error when reading debug info
--1227-- When reading debug info from /n/sw/helmod/apps/centos7/Core/gcc/12.1.0-fasrc01/lib64/libstdc++.so.6.0.30:
--1227-- Ignoring non-Dwarf2/3/4 block in .debug_info
--1227-- WARNING: Serious error when reading debug info
--1227-- When reading debug info from /n/sw/helmod/apps/centos7/Core/gcc/12.1.0-fasrc01/lib64/libstdc++.so.6.0.30:
--1227-- Ignoring non-Dwarf2/3/4 block in .debug_info
--1227-- WARNING: Serious error when reading debug info
--1227-- When reading debug info from /n/sw/helmod/apps/centos7/Core/gcc/12.1.0-fasrc01/lib64/libstdc++.so.6.0.30:
--1227-- Ignoring non-Dwarf2/3/4 block in .debug_info
--1227-- WARNING: Serious error when reading debug info
--1227-- When reading debug info from /n/sw/helmod/apps/centos7/Core/gcc/12.1.0-fasrc01/lib64/libstdc++.so.6.0.30:
--1227-- Ignoring non-Dwarf2/3/4 block in .debug_info
--1227-- WARNING: Serious error when reading debug info
--1227-- When reading debug info from /n/sw/helmod/apps/centos7/Core/gcc/12.1.0-fasrc01/lib64/libstdc++.so.6.0.30:
--1227-- Ignoring non-Dwarf2/3/4 block in .debug_info
--1227-- WARNING: Serious error when reading debug info
--1227-- When reading debug info from /n/sw/helmod/apps/centos7/Core/gcc/12.1.0-fasrc01/lib64/libstdc++.so.6.0.30:
--1227-- Ignoring non-Dwarf2/3/4 block in .debug_info
--1227-- WARNING: Serious error when reading debug info
--1227-- When reading debug info from /n/sw/helmod/apps/centos7/Core/gcc/12.1.0-fasrc01/lib64/libstdc++.so.6.0.30:
--1227-- Ignoring non-Dwarf2/3/4 block in .debug_info
--1227-- WARNING: Serious error when reading debug info
--1227-- When reading debug info from /n/sw/helmod/apps/centos7/Core/gcc/12.1.0-fasrc01/lib64/libstdc++.so.6.0.30:
--1227-- Ignoring non-Dwarf2/3/4 block in .debug_info
--1227-- WARNING: Serious error when reading debug info
--1227-- When reading debug info from /n/sw/helmod/apps/centos7/Core/gcc/12.1.0-fasrc01/lib64/libstdc++.so.6.0.30:
--1227-- Ignoring non-Dwarf2/3/4 block in .debug_info
--1227-- WARNING: Serious error when reading debug info
--1227-- When reading debug info from /n/sw/helmod/apps/centos7/Core/gcc/12.1.0-fasrc01/lib64/libstdc++.so.6.0.30:
--1227-- Ignoring non-Dwarf2/3/4 block in .debug_info
--1227-- WARNING: Serious error when reading debug info
--1227-- When reading debug info from /n/sw/helmod/apps/centos7/Core/gcc/12.1.0-fasrc01/lib64/libstdc++.so.6.0.30:
--1227-- Ignoring non-Dwarf2/3/4 block in .debug_info
--1227-- WARNING: Serious error when reading debug info
--1227-- When reading debug info from /n/sw/helmod/apps/centos7/Core/gcc/12.1.0-fasrc01/lib64/libstdc++.so.6.0.30:
--1227-- Ignoring non-Dwarf2/3/4 block in .debug_info
--1227-- WARNING: Serious error when reading debug info
--1227-- When reading debug info from /n/sw/helmod/apps/centos7/Core/gcc/12.1.0-fasrc01/lib64/libstdc++.so.6.0.30:
--1227-- Ignoring non-Dwarf2/3/4 block in .debug_info
--1227-- WARNING: Serious error when reading debug info
--1227-- When reading debug info from /n/sw/helmod/apps/centos7/Core/gcc/12.1.0-fasrc01/lib64/libstdc++.so.6.0.30:
--1227-- Ignoring non-Dwarf2/3/4 block in .debug_info
--1227-- WARNING: Serious error when reading debug info
--1227-- When reading debug info from /n/sw/helmod/apps/centos7/Core/gcc/12.1.0-fasrc01/lib64/libstdc++.so.6.0.30:
--1227-- Ignoring non-Dwarf2/3/4 block in .debug_info
--1227-- WARNING: Serious error when reading debug info
--1227-- When reading debug info from /n/sw/helmod/apps/centos7/Core/gcc/12.1.0-fasrc01/lib64/libstdc++.so.6.0.30:
--1227-- Ignoring non-Dwarf2/3/4 block in .debug_info
--1227-- WARNING: Serious error when reading debug info
--1227-- When reading debug info from /n/sw/helmod/apps/centos7/Core/gcc/12.1.0-fasrc01/lib64/libstdc++.so.6.0.30:
--1227-- Ignoring non-Dwarf2/3/4 block in .debug_info
--1227-- WARNING: Serious error when reading debug info
--1227-- When reading debug info from /n/sw/helmod/apps/centos7/Core/gcc/12.1.0-fasrc01/lib64/libstdc++.so.6.0.30:
--1227-- Ignoring non-Dwarf2/3/4 block in .debug_info
--1227-- WARNING: Serious error when reading debug info
--1227-- When reading debug info from /n/sw/helmod/apps/centos7/Core/gcc/12.1.0-fasrc01/lib64/libstdc++.so.6.0.30:
--1227-- Ignoring non-Dwarf2/3/4 block in .debug_info
--1227-- WARNING: Serious error when reading debug info
--1227-- When reading debug info from /n/sw/helmod/apps/centos7/Core/gcc/12.1.0-fasrc01/lib64/libstdc++.so.6.0.30:
--1227-- Ignoring non-Dwarf2/3/4 block in .debug_info
--1227-- WARNING: Serious error when reading debug info
--1227-- When reading debug info from /n/sw/helmod/apps/centos7/Core/gcc/12.1.0-fasrc01/lib64/libstdc++.so.6.0.30:
--1227-- Ignoring non-Dwarf2/3/4 block in .debug_info
--1227-- WARNING: Serious error when reading debug info
--1227-- When reading debug info from /n/sw/helmod/apps/centos7/Core/gcc/12.1.0-fasrc01/lib64/libstdc++.so.6.0.30:
--1227-- Ignoring non-Dwarf2/3/4 block in .debug_info
--1227-- WARNING: Serious error when reading debug info
--1227-- When reading debug info from /n/sw/helmod/apps/centos7/Core/gcc/12.1.0-fasrc01/lib64/libstdc++.so.6.0.30:
--1227-- Ignoring non-Dwarf2/3/4 block in .debug_info
--1227-- WARNING: Serious error when reading debug info
--1227-- When reading debug info from /n/sw/helmod/apps/centos7/Core/gcc/12.1.0-fasrc01/lib64/libstdc++.so.6.0.30:
--1227-- Ignoring non-Dwarf2/3/4 block in .debug_info
--1227-- WARNING: Serious error when reading debug info
--1227-- When reading debug info from /n/sw/helmod/apps/centos7/Core/gcc/12.1.0-fasrc01/lib64/libstdc++.so.6.0.30:
--1227-- Ignoring non-Dwarf2/3/4 block in .debug_info
--1227-- WARNING: Serious error when reading debug info
--1227-- When reading debug info from /n/sw/helmod/apps/centos7/Core/gcc/12.1.0-fasrc01/lib64/libstdc++.so.6.0.30:
--1227-- Ignoring non-Dwarf2/3/4 block in .debug_info
--1227-- WARNING: Serious error when reading debug info
--1227-- When reading debug info from /n/sw/helmod/apps/centos7/Core/gcc/12.1.0-fasrc01/lib64/libstdc++.so.6.0.30:
--1227-- Ignoring non-Dwarf2/3/4 block in .debug_info
--1227-- WARNING: Serious error when reading debug info
--1227-- When reading debug info from /n/sw/helmod/apps/centos7/Core/gcc/12.1.0-fasrc01/lib64/libstdc++.so.6.0.30:
--1227-- Ignoring non-Dwarf2/3/4 block in .debug_info
--1227-- WARNING: Serious error when reading debug info
--1227-- When reading debug info from /n/sw/helmod/apps/centos7/Core/gcc/12.1.0-fasrc01/lib64/libstdc++.so.6.0.30:
--1227-- Ignoring non-Dwarf2/3/4 block in .debug_info
--1227-- WARNING: Serious error when reading debug info
--1227-- When reading debug info from /n/sw/helmod/apps/centos7/Core/gcc/12.1.0-fasrc01/lib64/libstdc++.so.6.0.30:
--1227-- Ignoring non-Dwarf2/3/4 block in .debug_info
--1227-- WARNING: Serious error when reading debug info
--1227-- When reading debug info from /n/sw/helmod/apps/centos7/Core/gcc/12.1.0-fasrc01/lib64/libstdc++.so.6.0.30:
--1227-- Ignoring non-Dwarf2/3/4 block in .debug_info
--1227-- WARNING: Serious error when reading debug info
--1227-- When reading debug info from /n/sw/helmod/apps/centos7/Core/gcc/12.1.0-fasrc01/lib64/libstdc++.so.6.0.30:
--1227-- Ignoring non-Dwarf2/3/4 block in .debug_info
--1227-- WARNING: Serious error when reading debug info
--1227-- When reading debug info from /n/sw/helmod/apps/centos7/Core/gcc/12.1.0-fasrc01/lib64/libstdc++.so.6.0.30:
--1227-- Ignoring non-Dwarf2/3/4 block in .debug_info
--1227-- WARNING: Serious error when reading debug info
--1227-- When reading debug info from /n/sw/helmod/apps/centos7/Core/gcc/12.1.0-fasrc01/lib64/libstdc++.so.6.0.30:
--1227-- Ignoring non-Dwarf2/3/4 block in .debug_info
--1227-- WARNING: Serious error when reading debug info
--1227-- When reading debug info from /n/sw/helmod/apps/centos7/Core/gcc/12.1.0-fasrc01/lib64/libstdc++.so.6.0.30:
--1227-- Ignoring non-Dwarf2/3/4 block in .debug_info
--1227-- WARNING: Serious error when reading debug info
--1227-- When reading debug info from /n/sw/helmod/apps/centos7/Core/gcc/12.1.0-fasrc01/lib64/libstdc++.so.6.0.30:
--1227-- Ignoring non-Dwarf2/3/4 block in .debug_info
--1227-- WARNING: Serious error when reading debug info
--1227-- When reading debug info from /n/sw/helmod/apps/centos7/Core/gcc/12.1.0-fasrc01/lib64/libstdc++.so.6.0.30:
--1227-- Ignoring non-Dwarf2/3/4 block in .debug_info
--1227-- WARNING: Serious error when reading debug info
--1227-- When reading debug info from /n/sw/helmod/apps/centos7/Core/gcc/12.1.0-fasrc01/lib64/libstdc++.so.6.0.30:
--1227-- Ignoring non-Dwarf2/3/4 block in .debug_info
--1227-- WARNING: Serious error when reading debug info
--1227-- When reading debug info from /n/sw/helmod/apps/centos7/Core/gcc/12.1.0-fasrc01/lib64/libstdc++.so.6.0.30:
--1227-- Ignoring non-Dwarf2/3/4 block in .debug_info
--1227-- WARNING: Serious error when reading debug info
--1227-- When reading debug info from /n/sw/helmod/apps/centos7/Core/gcc/12.1.0-fasrc01/lib64/libstdc++.so.6.0.30:
--1227-- Ignoring non-Dwarf2/3/4 block in .debug_info
--1227-- WARNING: Serious error when reading debug info
--1227-- When reading debug info from /n/sw/helmod/apps/centos7/Core/gcc/12.1.0-fasrc01/lib64/libstdc++.so.6.0.30:
--1227-- Ignoring non-Dwarf2/3/4 block in .debug_info
--1227-- WARNING: Serious error when reading debug info
--1227-- When reading debug info from /n/sw/helmod/apps/centos7/Core/gcc/12.1.0-fasrc01/lib64/libstdc++.so.6.0.30:
--1227-- Ignoring non-Dwarf2/3/4 block in .debug_info
--1227-- WARNING: Serious error when reading debug info
--1227-- When reading debug info from /n/sw/helmod/apps/centos7/Core/gcc/12.1.0-fasrc01/lib64/libstdc++.so.6.0.30:
--1227-- Ignoring non-Dwarf2/3/4 block in .debug_info
--1227-- WARNING: Serious error when reading debug info
--1227-- When reading debug info from /n/sw/helmod/apps/centos7/Core/gcc/12.1.0-fasrc01/lib64/libstdc++.so.6.0.30:
--1227-- Ignoring non-Dwarf2/3/4 block in .debug_info
--1227-- WARNING: Serious error when reading debug info
--1227-- When reading debug info from /n/sw/helmod/apps/centos7/Core/gcc/12.1.0-fasrc01/lib64/libstdc++.so.6.0.30:
--1227-- Ignoring non-Dwarf2/3/4 block in .debug_info
--1227-- WARNING: Serious error when reading debug info
--1227-- When reading debug info from /n/sw/helmod/apps/centos7/Core/gcc/12.1.0-fasrc01/lib64/libstdc++.so.6.0.30:
--1227-- Ignoring non-Dwarf2/3/4 block in .debug_info
--1227-- WARNING: Serious error when reading debug info
--1227-- When reading debug info from /n/sw/helmod/apps/centos7/Core/gcc/12.1.0-fasrc01/lib64/libstdc++.so.6.0.30:
--1227-- Ignoring non-Dwarf2/3/4 block in .debug_info
--1227-- WARNING: Serious error when reading debug info
--1227-- When reading debug info from /n/sw/helmod/apps/centos7/Core/gcc/12.1.0-fasrc01/lib64/libstdc++.so.6.0.30:
--1227-- Ignoring non-Dwarf2/3/4 block in .debug_info
--1227-- WARNING: Serious error when reading debug info
--1227-- When reading debug info from /n/sw/helmod/apps/centos7/Core/gcc/12.1.0-fasrc01/lib64/libstdc++.so.6.0.30:
--1227-- Ignoring non-Dwarf2/3/4 block in .debug_info
--1227-- WARNING: Serious error when reading debug info
--1227-- When reading debug info from /n/sw/helmod/apps/centos7/Core/gcc/12.1.0-fasrc01/lib64/libstdc++.so.6.0.30:
--1227-- Ignoring non-Dwarf2/3/4 block in .debug_info
--1227-- WARNING: Serious error when reading debug info
--1227-- When reading debug info from /n/sw/helmod/apps/centos7/Core/gcc/12.1.0-fasrc01/lib64/libstdc++.so.6.0.30:
--1227-- Ignoring non-Dwarf2/3/4 block in .debug_info
--1227-- WARNING: Serious error when reading debug info
--1227-- When reading debug info from /n/sw/helmod/apps/centos7/Core/gcc/12.1.0-fasrc01/lib64/libstdc++.so.6.0.30:
--1227-- Ignoring non-Dwarf2/3/4 block in .debug_info
--1227-- WARNING: Serious error when reading debug info
--1227-- When reading debug info from /n/sw/helmod/apps/centos7/Core/gcc/12.1.0-fasrc01/lib64/libstdc++.so.6.0.30:
--1227-- Ignoring non-Dwarf2/3/4 block in .debug_info
--1227-- WARNING: Serious error when reading debug info
--1227-- When reading debug info from /n/sw/helmod/apps/centos7/Core/gcc/12.1.0-fasrc01/lib64/libstdc++.so.6.0.30:
--1227-- Ignoring non-Dwarf2/3/4 block in .debug_info
--1227-- WARNING: Serious error when reading debug info
--1227-- When reading debug info from /n/sw/helmod/apps/centos7/Core/gcc/12.1.0-fasrc01/lib64/libstdc++.so.6.0.30:
--1227-- Ignoring non-Dwarf2/3/4 block in .debug_info
--1227-- WARNING: Serious error when reading debug info
--1227-- When reading debug info from /n/sw/helmod/apps/centos7/Core/gcc/12.1.0-fasrc01/lib64/libstdc++.so.6.0.30:
--1227-- Ignoring non-Dwarf2/3/4 block in .debug_info
--1227-- WARNING: Serious error when reading debug info
--1227-- When reading debug info from /n/sw/helmod/apps/centos7/Core/gcc/12.1.0-fasrc01/lib64/libstdc++.so.6.0.30:
--1227-- Ignoring non-Dwarf2/3/4 block in .debug_info
--1227-- WARNING: Serious error when reading debug info
--1227-- When reading debug info from /n/sw/helmod/apps/centos7/Core/gcc/12.1.0-fasrc01/lib64/libstdc++.so.6.0.30:
--1227-- Ignoring non-Dwarf2/3/4 block in .debug_info
--1227-- WARNING: Serious error when reading debug info
--1227-- When reading debug info from /n/sw/helmod/apps/centos7/Core/gcc/12.1.0-fasrc01/lib64/libstdc++.so.6.0.30:
--1227-- Ignoring non-Dwarf2/3/4 block in .debug_info
--1227-- WARNING: Serious error when reading debug info
--1227-- When reading debug info from /n/sw/helmod/apps/centos7/Core/gcc/12.1.0-fasrc01/lib64/libstdc++.so.6.0.30:
--1227-- Ignoring non-Dwarf2/3/4 block in .debug_info
--1227-- WARNING: Serious error when reading debug info
--1227-- When reading debug info from /n/sw/helmod/apps/centos7/Core/gcc/12.1.0-fasrc01/lib64/libstdc++.so.6.0.30:
--1227-- Ignoring non-Dwarf2/3/4 block in .debug_info
--1227-- WARNING: Serious error when reading debug info
--1227-- When reading debug info from /n/sw/helmod/apps/centos7/Core/gcc/12.1.0-fasrc01/lib64/libstdc++.so.6.0.30:
--1227-- Ignoring non-Dwarf2/3/4 block in .debug_info
--1227-- WARNING: Serious error when reading debug info
--1227-- When reading debug info from /n/sw/helmod/apps/centos7/Core/gcc/12.1.0-fasrc01/lib64/libstdc++.so.6.0.30:
--1227-- Ignoring non-Dwarf2/3/4 block in .debug_info
--1227-- WARNING: Serious error when reading debug info
--1227-- When reading debug info from /n/sw/helmod/apps/centos7/Core/gcc/12.1.0-fasrc01/lib64/libstdc++.so.6.0.30:
--1227-- Ignoring non-Dwarf2/3/4 block in .debug_info
--1227-- WARNING: Serious error when reading debug info
--1227-- When reading debug info from /n/sw/helmod/apps/centos7/Core/gcc/12.1.0-fasrc01/lib64/libstdc++.so.6.0.30:
--1227-- Ignoring non-Dwarf2/3/4 block in .debug_info
--1227-- WARNING: Serious error when reading debug info
--1227-- When reading debug info from /n/sw/helmod/apps/centos7/Core/gcc/12.1.0-fasrc01/lib64/libstdc++.so.6.0.30:
--1227-- Ignoring non-Dwarf2/3/4 block in .debug_info
--1227-- WARNING: Serious error when reading debug info
--1227-- When reading debug info from /n/sw/helmod/apps/centos7/Core/gcc/12.1.0-fasrc01/lib64/libstdc++.so.6.0.30:
--1227-- Ignoring non-Dwarf2/3/4 block in .debug_info
--1227-- WARNING: Serious error when reading debug info
--1227-- When reading debug info from /n/sw/helmod/apps/centos7/Core/gcc/12.1.0-fasrc01/lib64/libstdc++.so.6.0.30:
--1227-- Ignoring non-Dwarf2/3/4 block in .debug_info
--1227-- WARNING: Serious error when reading debug info
--1227-- When reading debug info from /n/sw/helmod/apps/centos7/Core/gcc/12.1.0-fasrc01/lib64/libstdc++.so.6.0.30:
--1227-- Ignoring non-Dwarf2/3/4 block in .debug_info
--1227-- WARNING: Serious error when reading debug info
--1227-- When reading debug info from /n/sw/helmod/apps/centos7/Core/gcc/12.1.0-fasrc01/lib64/libstdc++.so.6.0.30:
--1227-- Ignoring non-Dwarf2/3/4 block in .debug_info
--1227-- WARNING: Serious error when reading debug info
--1227-- When reading debug info from /n/sw/helmod/apps/centos7/Core/gcc/12.1.0-fasrc01/lib64/libstdc++.so.6.0.30:
--1227-- Ignoring non-Dwarf2/3/4 block in .debug_info
--1227-- WARNING: Serious error when reading debug info
--1227-- When reading debug info from /n/sw/helmod/apps/centos7/Core/gcc/12.1.0-fasrc01/lib64/libstdc++.so.6.0.30:
--1227-- Ignoring non-Dwarf2/3/4 block in .debug_info
--1227-- WARNING: Serious error when reading debug info
--1227-- When reading debug info from /n/sw/helmod/apps/centos7/Core/gcc/12.1.0-fasrc01/lib64/libstdc++.so.6.0.30:
--1227-- Ignoring non-Dwarf2/3/4 block in .debug_info
--1227-- WARNING: Serious error when reading debug info
--1227-- When reading debug info from /n/sw/helmod/apps/centos7/Core/gcc/12.1.0-fasrc01/lib64/libstdc++.so.6.0.30:
--1227-- Ignoring non-Dwarf2/3/4 block in .debug_info
--1227-- WARNING: Serious error when reading debug info
--1227-- When reading debug info from /n/sw/helmod/apps/centos7/Core/gcc/12.1.0-fasrc01/lib64/libstdc++.so.6.0.30:
--1227-- Ignoring non-Dwarf2/3/4 block in .debug_info
--1227-- WARNING: Serious error when reading debug info
--1227-- When reading debug info from /n/sw/helmod/apps/centos7/Core/gcc/12.1.0-fasrc01/lib64/libstdc++.so.6.0.30:
--1227-- parse_CU_Header: is neither DWARF2 nor DWARF3 nor DWARF4
--1227-- WARNING: Serious error when reading debug info
--1227-- When reading debug info from /n/sw/helmod/apps/centos7/Core/gcc/12.1.0-fasrc01/lib64/libgomp.so.1.0.0:
--1227-- Ignoring non-Dwarf2/3/4 block in .debug_info
--1227-- WARNING: Serious error when reading debug info
--1227-- When reading debug info from /n/sw/helmod/apps/centos7/Core/gcc/12.1.0-fasrc01/lib64/libgomp.so.1.0.0:
--1227-- Ignoring non-Dwarf2/3/4 block in .debug_info
--1227-- WARNING: Serious error when reading debug info
--1227-- When reading debug info from /n/sw/helmod/apps/centos7/Core/gcc/12.1.0-fasrc01/lib64/libgomp.so.1.0.0:
--1227-- Ignoring non-Dwarf2/3/4 block in .debug_info
--1227-- WARNING: Serious error when reading debug info
--1227-- When reading debug info from /n/sw/helmod/apps/centos7/Core/gcc/12.1.0-fasrc01/lib64/libgomp.so.1.0.0:
--1227-- Ignoring non-Dwarf2/3/4 block in .debug_info
--1227-- WARNING: Serious error when reading debug info
--1227-- When reading debug info from /n/sw/helmod/apps/centos7/Core/gcc/12.1.0-fasrc01/lib64/libgomp.so.1.0.0:
--1227-- Ignoring non-Dwarf2/3/4 block in .debug_info
--1227-- WARNING: Serious error when reading debug info
--1227-- When reading debug info from /n/sw/helmod/apps/centos7/Core/gcc/12.1.0-fasrc01/lib64/libgomp.so.1.0.0:
--1227-- Ignoring non-Dwarf2/3/4 block in .debug_info
--1227-- WARNING: Serious error when reading debug info
--1227-- When reading debug info from /n/sw/helmod/apps/centos7/Core/gcc/12.1.0-fasrc01/lib64/libgomp.so.1.0.0:
--1227-- Ignoring non-Dwarf2/3/4 block in .debug_info
--1227-- WARNING: Serious error when reading debug info
--1227-- When reading debug info from /n/sw/helmod/apps/centos7/Core/gcc/12.1.0-fasrc01/lib64/libgomp.so.1.0.0:
--1227-- Ignoring non-Dwarf2/3/4 block in .debug_info
--1227-- WARNING: Serious error when reading debug info
--1227-- When reading debug info from /n/sw/helmod/apps/centos7/Core/gcc/12.1.0-fasrc01/lib64/libgomp.so.1.0.0:
--1227-- Ignoring non-Dwarf2/3/4 block in .debug_info
--1227-- WARNING: Serious error when reading debug info
--1227-- When reading debug info from /n/sw/helmod/apps/centos7/Core/gcc/12.1.0-fasrc01/lib64/libgomp.so.1.0.0:
--1227-- Ignoring non-Dwarf2/3/4 block in .debug_info
--1227-- WARNING: Serious error when reading debug info
--1227-- When reading debug info from /n/sw/helmod/apps/centos7/Core/gcc/12.1.0-fasrc01/lib64/libgomp.so.1.0.0:
--1227-- Ignoring non-Dwarf2/3/4 block in .debug_info
--1227-- WARNING: Serious error when reading debug info
--1227-- When reading debug info from /n/sw/helmod/apps/centos7/Core/gcc/12.1.0-fasrc01/lib64/libgomp.so.1.0.0:
--1227-- Ignoring non-Dwarf2/3/4 block in .debug_info
--1227-- WARNING: Serious error when reading debug info
--1227-- When reading debug info from /n/sw/helmod/apps/centos7/Core/gcc/12.1.0-fasrc01/lib64/libgomp.so.1.0.0:
--1227-- Ignoring non-Dwarf2/3/4 block in .debug_info
--1227-- WARNING: Serious error when reading debug info
--1227-- When reading debug info from /n/sw/helmod/apps/centos7/Core/gcc/12.1.0-fasrc01/lib64/libgomp.so.1.0.0:
--1227-- Ignoring non-Dwarf2/3/4 block in .debug_info
--1227-- WARNING: Serious error when reading debug info
--1227-- When reading debug info from /n/sw/helmod/apps/centos7/Core/gcc/12.1.0-fasrc01/lib64/libgomp.so.1.0.0:
--1227-- Ignoring non-Dwarf2/3/4 block in .debug_info
--1227-- WARNING: Serious error when reading debug info
--1227-- When reading debug info from /n/sw/helmod/apps/centos7/Core/gcc/12.1.0-fasrc01/lib64/libgomp.so.1.0.0:
--1227-- Ignoring non-Dwarf2/3/4 block in .debug_info
--1227-- WARNING: Serious error when reading debug info
--1227-- When reading debug info from /n/sw/helmod/apps/centos7/Core/gcc/12.1.0-fasrc01/lib64/libgomp.so.1.0.0:
--1227-- Ignoring non-Dwarf2/3/4 block in .debug_info
--1227-- WARNING: Serious error when reading debug info
--1227-- When reading debug info from /n/sw/helmod/apps/centos7/Core/gcc/12.1.0-fasrc01/lib64/libgomp.so.1.0.0:
--1227-- Ignoring non-Dwarf2/3/4 block in .debug_info
--1227-- WARNING: Serious error when reading debug info
--1227-- When reading debug info from /n/sw/helmod/apps/centos7/Core/gcc/12.1.0-fasrc01/lib64/libgomp.so.1.0.0:
--1227-- Ignoring non-Dwarf2/3/4 block in .debug_info
--1227-- WARNING: Serious error when reading debug info
--1227-- When reading debug info from /n/sw/helmod/apps/centos7/Core/gcc/12.1.0-fasrc01/lib64/libgomp.so.1.0.0:
--1227-- Ignoring non-Dwarf2/3/4 block in .debug_info
--1227-- WARNING: Serious error when reading debug info
--1227-- When reading debug info from /n/sw/helmod/apps/centos7/Core/gcc/12.1.0-fasrc01/lib64/libgomp.so.1.0.0:
--1227-- Ignoring non-Dwarf2/3/4 block in .debug_info
--1227-- WARNING: Serious error when reading debug info
--1227-- When reading debug info from /n/sw/helmod/apps/centos7/Core/gcc/12.1.0-fasrc01/lib64/libgomp.so.1.0.0:
--1227-- Ignoring non-Dwarf2/3/4 block in .debug_info
--1227-- WARNING: Serious error when reading debug info
--1227-- When reading debug info from /n/sw/helmod/apps/centos7/Core/gcc/12.1.0-fasrc01/lib64/libgomp.so.1.0.0:
--1227-- Ignoring non-Dwarf2/3/4 block in .debug_info
--1227-- WARNING: Serious error when reading debug info
--1227-- When reading debug info from /n/sw/helmod/apps/centos7/Core/gcc/12.1.0-fasrc01/lib64/libgomp.so.1.0.0:
--1227-- Ignoring non-Dwarf2/3/4 block in .debug_info
--1227-- WARNING: Serious error when reading debug info
--1227-- When reading debug info from /n/sw/helmod/apps/centos7/Core/gcc/12.1.0-fasrc01/lib64/libgomp.so.1.0.0:
--1227-- Ignoring non-Dwarf2/3/4 block in .debug_info
--1227-- WARNING: Serious error when reading debug info
--1227-- When reading debug info from /n/sw/helmod/apps/centos7/Core/gcc/12.1.0-fasrc01/lib64/libgomp.so.1.0.0:
--1227-- Ignoring non-Dwarf2/3/4 block in .debug_info
--1227-- WARNING: Serious error when reading debug info
--1227-- When reading debug info from /n/sw/helmod/apps/centos7/Core/gcc/12.1.0-fasrc01/lib64/libgomp.so.1.0.0:
--1227-- Ignoring non-Dwarf2/3/4 block in .debug_info
--1227-- WARNING: Serious error when reading debug info
--1227-- When reading debug info from /n/sw/helmod/apps/centos7/Core/gcc/12.1.0-fasrc01/lib64/libgomp.so.1.0.0:
--1227-- Ignoring non-Dwarf2/3/4 block in .debug_info
--1227-- WARNING: Serious error when reading debug info
--1227-- When reading debug info from /n/sw/helmod/apps/centos7/Core/gcc/12.1.0-fasrc01/lib64/libgomp.so.1.0.0:
--1227-- Ignoring non-Dwarf2/3/4 block in .debug_info
--1227-- WARNING: Serious error when reading debug info
--1227-- When reading debug info from /n/sw/helmod/apps/centos7/Core/gcc/12.1.0-fasrc01/lib64/libgomp.so.1.0.0:
--1227-- Ignoring non-Dwarf2/3/4 block in .debug_info
--1227-- WARNING: Serious error when reading debug info
--1227-- When reading debug info from /n/sw/helmod/apps/centos7/Core/gcc/12.1.0-fasrc01/lib64/libgomp.so.1.0.0:
--1227-- Ignoring non-Dwarf2/3/4 block in .debug_info
--1227-- WARNING: Serious error when reading debug info
--1227-- When reading debug info from /n/sw/helmod/apps/centos7/Core/gcc/12.1.0-fasrc01/lib64/libgomp.so.1.0.0:
--1227-- Ignoring non-Dwarf2/3/4 block in .debug_info
--1227-- WARNING: Serious error when reading debug info
--1227-- When reading debug info from /n/sw/helmod/apps/centos7/Core/gcc/12.1.0-fasrc01/lib64/libgomp.so.1.0.0:
--1227-- Ignoring non-Dwarf2/3/4 block in .debug_info
--1227-- WARNING: Serious error when reading debug info
--1227-- When reading debug info from /n/sw/helmod/apps/centos7/Core/gcc/12.1.0-fasrc01/lib64/libgomp.so.1.0.0:
--1227-- Ignoring non-Dwarf2/3/4 block in .debug_info
--1227-- WARNING: Serious error when reading debug info
--1227-- When reading debug info from /n/sw/helmod/apps/centos7/Core/gcc/12.1.0-fasrc01/lib64/libgomp.so.1.0.0:
--1227-- Ignoring non-Dwarf2/3/4 block in .debug_info
--1227-- WARNING: Serious error when reading debug info
--1227-- When reading debug info from /n/sw/helmod/apps/centos7/Core/gcc/12.1.0-fasrc01/lib64/libgomp.so.1.0.0:
--1227-- Ignoring non-Dwarf2/3/4 block in .debug_info
--1227-- WARNING: Serious error when reading debug info
--1227-- When reading debug info from /n/sw/helmod/apps/centos7/Core/gcc/12.1.0-fasrc01/lib64/libgomp.so.1.0.0:
--1227-- Ignoring non-Dwarf2/3/4 block in .debug_info
--1227-- WARNING: Serious error when reading debug info
--1227-- When reading debug info from /n/sw/helmod/apps/centos7/Core/gcc/12.1.0-fasrc01/lib64/libgomp.so.1.0.0:
--1227-- Ignoring non-Dwarf2/3/4 block in .debug_info
--1227-- WARNING: Serious error when reading debug info
--1227-- When reading debug info from /n/sw/helmod/apps/centos7/Core/gcc/12.1.0-fasrc01/lib64/libgomp.so.1.0.0:
--1227-- Ignoring non-Dwarf2/3/4 block in .debug_info
--1227-- WARNING: Serious error when reading debug info
--1227-- When reading debug info from /n/sw/helmod/apps/centos7/Core/gcc/12.1.0-fasrc01/lib64/libgomp.so.1.0.0:
--1227-- Ignoring non-Dwarf2/3/4 block in .debug_info
--1227-- WARNING: Serious error when reading debug info
--1227-- When reading debug info from /n/sw/helmod/apps/centos7/Core/gcc/12.1.0-fasrc01/lib64/libgomp.so.1.0.0:
--1227-- Ignoring non-Dwarf2/3/4 block in .debug_info
--1227-- WARNING: Serious error when reading debug info
--1227-- When reading debug info from /n/sw/helmod/apps/centos7/Core/gcc/12.1.0-fasrc01/lib64/libgomp.so.1.0.0:
--1227-- Ignoring non-Dwarf2/3/4 block in .debug_info
--1227-- WARNING: Serious error when reading debug info
--1227-- When reading debug info from /n/sw/helmod/apps/centos7/Core/gcc/12.1.0-fasrc01/lib64/libgomp.so.1.0.0:
--1227-- Ignoring non-Dwarf2/3/4 block in .debug_info
--1227-- WARNING: Serious error when reading debug info
--1227-- When reading debug info from /n/sw/helmod/apps/centos7/Core/gcc/12.1.0-fasrc01/lib64/libgomp.so.1.0.0:
--1227-- Ignoring non-Dwarf2/3/4 block in .debug_info
--1227-- WARNING: Serious error when reading debug info
--1227-- When reading debug info from /n/sw/helmod/apps/centos7/Core/gcc/12.1.0-fasrc01/lib64/libgomp.so.1.0.0:
--1227-- parse_CU_Header: is neither DWARF2 nor DWARF3 nor DWARF4
--1227-- WARNING: Serious error when reading debug info
--1227-- When reading debug info from /n/sw/helmod/apps/centos7/Core/gcc/12.1.0-fasrc01/lib64/libgcc_s.so.1:
--1227-- Ignoring non-Dwarf2/3/4 block in .debug_info
--1227-- WARNING: Serious error when reading debug info
--1227-- When reading debug info from /n/sw/helmod/apps/centos7/Core/gcc/12.1.0-fasrc01/lib64/libgcc_s.so.1:
--1227-- Ignoring non-Dwarf2/3/4 block in .debug_info
--1227-- WARNING: Serious error when reading debug info
--1227-- When reading debug info from /n/sw/helmod/apps/centos7/Core/gcc/12.1.0-fasrc01/lib64/libgcc_s.so.1:
--1227-- Ignoring non-Dwarf2/3/4 block in .debug_info
--1227-- WARNING: Serious error when reading debug info
--1227-- When reading debug info from /n/sw/helmod/apps/centos7/Core/gcc/12.1.0-fasrc01/lib64/libgcc_s.so.1:
--1227-- Ignoring non-Dwarf2/3/4 block in .debug_info
--1227-- WARNING: Serious error when reading debug info
--1227-- When reading debug info from /n/sw/helmod/apps/centos7/Core/gcc/12.1.0-fasrc01/lib64/libgcc_s.so.1:
--1227-- Ignoring non-Dwarf2/3/4 block in .debug_info
--1227-- WARNING: Serious error when reading debug info
--1227-- When reading debug info from /n/sw/helmod/apps/centos7/Core/gcc/12.1.0-fasrc01/lib64/libgcc_s.so.1:
--1227-- Ignoring non-Dwarf2/3/4 block in .debug_info
--1227-- WARNING: Serious error when reading debug info
--1227-- When reading debug info from /n/sw/helmod/apps/centos7/Core/gcc/12.1.0-fasrc01/lib64/libgcc_s.so.1:
--1227-- Ignoring non-Dwarf2/3/4 block in .debug_info
--1227-- WARNING: Serious error when reading debug info
--1227-- When reading debug info from /n/sw/helmod/apps/centos7/Core/gcc/12.1.0-fasrc01/lib64/libgcc_s.so.1:
--1227-- Ignoring non-Dwarf2/3/4 block in .debug_info
--1227-- WARNING: Serious error when reading debug info
--1227-- When reading debug info from /n/sw/helmod/apps/centos7/Core/gcc/12.1.0-fasrc01/lib64/libgcc_s.so.1:
--1227-- Ignoring non-Dwarf2/3/4 block in .debug_info
--1227-- WARNING: Serious error when reading debug info
--1227-- When reading debug info from /n/sw/helmod/apps/centos7/Core/gcc/12.1.0-fasrc01/lib64/libgcc_s.so.1:
--1227-- Ignoring non-Dwarf2/3/4 block in .debug_info
--1227-- WARNING: Serious error when reading debug info
--1227-- When reading debug info from /n/sw/helmod/apps/centos7/Core/gcc/12.1.0-fasrc01/lib64/libgcc_s.so.1:
--1227-- Ignoring non-Dwarf2/3/4 block in .debug_info
--1227-- WARNING: Serious error when reading debug info
--1227-- When reading debug info from /n/sw/helmod/apps/centos7/Core/gcc/12.1.0-fasrc01/lib64/libgcc_s.so.1:
--1227-- Ignoring non-Dwarf2/3/4 block in .debug_info
--1227-- WARNING: Serious error when reading debug info
--1227-- When reading debug info from /n/sw/helmod/apps/centos7/Core/gcc/12.1.0-fasrc01/lib64/libgcc_s.so.1:
--1227-- Ignoring non-Dwarf2/3/4 block in .debug_info
--1227-- WARNING: Serious error when reading debug info
--1227-- When reading debug info from /n/sw/helmod/apps/centos7/Core/gcc/12.1.0-fasrc01/lib64/libgcc_s.so.1:
--1227-- Ignoring non-Dwarf2/3/4 block in .debug_info
--1227-- WARNING: Serious error when reading debug info
--1227-- When reading debug info from /n/sw/helmod/apps/centos7/Core/gcc/12.1.0-fasrc01/lib64/libgcc_s.so.1:
--1227-- Ignoring non-Dwarf2/3/4 block in .debug_info
--1227-- WARNING: Serious error when reading debug info
--1227-- When reading debug info from /n/sw/helmod/apps/centos7/Core/gcc/12.1.0-fasrc01/lib64/libgcc_s.so.1:
--1227-- Ignoring non-Dwarf2/3/4 block in .debug_info
--1227-- WARNING: Serious error when reading debug info
--1227-- When reading debug info from /n/sw/helmod/apps/centos7/Core/gcc/12.1.0-fasrc01/lib64/libgcc_s.so.1:
--1227-- Ignoring non-Dwarf2/3/4 block in .debug_info
--1227-- WARNING: Serious error when reading debug info
--1227-- When reading debug info from /n/sw/helmod/apps/centos7/Core/gcc/12.1.0-fasrc01/lib64/libgcc_s.so.1:
--1227-- Ignoring non-Dwarf2/3/4 block in .debug_info
--1227-- WARNING: Serious error when reading debug info
--1227-- When reading debug info from /n/sw/helmod/apps/centos7/Core/gcc/12.1.0-fasrc01/lib64/libgcc_s.so.1:
--1227-- Ignoring non-Dwarf2/3/4 block in .debug_info
--1227-- WARNING: Serious error when reading debug info
--1227-- When reading debug info from /n/sw/helmod/apps/centos7/Core/gcc/12.1.0-fasrc01/lib64/libgcc_s.so.1:
--1227-- Ignoring non-Dwarf2/3/4 block in .debug_info
--1227-- WARNING: Serious error when reading debug info
--1227-- When reading debug info from /n/sw/helmod/apps/centos7/Core/gcc/12.1.0-fasrc01/lib64/libgcc_s.so.1:
--1227-- Ignoring non-Dwarf2/3/4 block in .debug_info
--1227-- WARNING: Serious error when reading debug info
--1227-- When reading debug info from /n/sw/helmod/apps/centos7/Core/gcc/12.1.0-fasrc01/lib64/libgcc_s.so.1:
--1227-- Ignoring non-Dwarf2/3/4 block in .debug_info
--1227-- WARNING: Serious error when reading debug info
--1227-- When reading debug info from /n/sw/helmod/apps/centos7/Core/gcc/12.1.0-fasrc01/lib64/libgcc_s.so.1:
--1227-- Ignoring non-Dwarf2/3/4 block in .debug_info
--1227-- WARNING: Serious error when reading debug info
--1227-- When reading debug info from /n/sw/helmod/apps/centos7/Core/gcc/12.1.0-fasrc01/lib64/libgcc_s.so.1:
--1227-- Ignoring non-Dwarf2/3/4 block in .debug_info
--1227-- WARNING: Serious error when reading debug info
--1227-- When reading debug info from /n/sw/helmod/apps/centos7/Core/gcc/12.1.0-fasrc01/lib64/libgcc_s.so.1:
--1227-- Ignoring non-Dwarf2/3/4 block in .debug_info
--1227-- WARNING: Serious error when reading debug info
--1227-- When reading debug info from /n/sw/helmod/apps/centos7/Core/gcc/12.1.0-fasrc01/lib64/libgcc_s.so.1:
--1227-- Ignoring non-Dwarf2/3/4 block in .debug_info
--1227-- WARNING: Serious error when reading debug info
--1227-- When reading debug info from /n/sw/helmod/apps/centos7/Core/gcc/12.1.0-fasrc01/lib64/libgcc_s.so.1:
--1227-- Ignoring non-Dwarf2/3/4 block in .debug_info
--1227-- WARNING: Serious error when reading debug info
--1227-- When reading debug info from /n/sw/helmod/apps/centos7/Core/gcc/12.1.0-fasrc01/lib64/libgcc_s.so.1:
--1227-- Ignoring non-Dwarf2/3/4 block in .debug_info
--1227-- WARNING: Serious error when reading debug info
--1227-- When reading debug info from /n/sw/helmod/apps/centos7/Core/gcc/12.1.0-fasrc01/lib64/libgcc_s.so.1:
--1227-- Ignoring non-Dwarf2/3/4 block in .debug_info
--1227-- WARNING: Serious error when reading debug info
--1227-- When reading debug info from /n/sw/helmod/apps/centos7/Core/gcc/12.1.0-fasrc01/lib64/libgcc_s.so.1:
--1227-- Ignoring non-Dwarf2/3/4 block in .debug_info
--1227-- WARNING: Serious error when reading debug info
--1227-- When reading debug info from /n/sw/helmod/apps/centos7/Core/gcc/12.1.0-fasrc01/lib64/libgcc_s.so.1:
--1227-- Ignoring non-Dwarf2/3/4 block in .debug_info
--1227-- WARNING: Serious error when reading debug info
--1227-- When reading debug info from /n/sw/helmod/apps/centos7/Core/gcc/12.1.0-fasrc01/lib64/libgcc_s.so.1:
--1227-- Ignoring non-Dwarf2/3/4 block in .debug_info
--1227-- WARNING: Serious error when reading debug info
--1227-- When reading debug info from /n/sw/helmod/apps/centos7/Core/gcc/12.1.0-fasrc01/lib64/libgcc_s.so.1:
--1227-- Ignoring non-Dwarf2/3/4 block in .debug_info
--1227-- WARNING: Serious error when reading debug info
--1227-- When reading debug info from /n/sw/helmod/apps/centos7/Core/gcc/12.1.0-fasrc01/lib64/libgcc_s.so.1:
--1227-- Ignoring non-Dwarf2/3/4 block in .debug_info
--1227-- WARNING: Serious error when reading debug info
--1227-- When reading debug info from /n/sw/helmod/apps/centos7/Core/gcc/12.1.0-fasrc01/lib64/libgcc_s.so.1:
--1227-- Ignoring non-Dwarf2/3/4 block in .debug_info
--1227-- WARNING: Serious error when reading debug info
--1227-- When reading debug info from /n/sw/helmod/apps/centos7/Core/gcc/12.1.0-fasrc01/lib64/libgcc_s.so.1:
--1227-- Ignoring non-Dwarf2/3/4 block in .debug_info
--1227-- WARNING: Serious error when reading debug info
--1227-- When reading debug info from /n/sw/helmod/apps/centos7/Core/gcc/12.1.0-fasrc01/lib64/libgcc_s.so.1:
--1227-- Ignoring non-Dwarf2/3/4 block in .debug_info
--1227-- WARNING: Serious error when reading debug info
--1227-- When reading debug info from /n/sw/helmod/apps/centos7/Core/gcc/12.1.0-fasrc01/lib64/libgcc_s.so.1:
--1227-- Ignoring non-Dwarf2/3/4 block in .debug_info
--1227-- WARNING: Serious error when reading debug info
--1227-- When reading debug info from /n/sw/helmod/apps/centos7/Core/gcc/12.1.0-fasrc01/lib64/libgcc_s.so.1:
--1227-- Ignoring non-Dwarf2/3/4 block in .debug_info
--1227-- WARNING: Serious error when reading debug info
--1227-- When reading debug info from /n/sw/helmod/apps/centos7/Core/gcc/12.1.0-fasrc01/lib64/libgcc_s.so.1:
--1227-- Ignoring non-Dwarf2/3/4 block in .debug_info
--1227-- WARNING: Serious error when reading debug info
--1227-- When reading debug info from /n/sw/helmod/apps/centos7/Core/gcc/12.1.0-fasrc01/lib64/libgcc_s.so.1:
--1227-- Ignoring non-Dwarf2/3/4 block in .debug_info
--1227-- WARNING: Serious error when reading debug info
--1227-- When reading debug info from /n/sw/helmod/apps/centos7/Core/gcc/12.1.0-fasrc01/lib64/libgcc_s.so.1:
--1227-- Ignoring non-Dwarf2/3/4 block in .debug_info
--1227-- WARNING: Serious error when reading debug info
--1227-- When reading debug info from /n/sw/helmod/apps/centos7/Core/gcc/12.1.0-fasrc01/lib64/libgcc_s.so.1:
--1227-- Ignoring non-Dwarf2/3/4 block in .debug_info
--1227-- WARNING: Serious error when reading debug info
--1227-- When reading debug info from /n/sw/helmod/apps/centos7/Core/gcc/12.1.0-fasrc01/lib64/libgcc_s.so.1:
--1227-- Ignoring non-Dwarf2/3/4 block in .debug_info
--1227-- WARNING: Serious error when reading debug info
--1227-- When reading debug info from /n/sw/helmod/apps/centos7/Core/gcc/12.1.0-fasrc01/lib64/libgcc_s.so.1:
--1227-- Ignoring non-Dwarf2/3/4 block in .debug_info
--1227-- WARNING: Serious error when reading debug info
--1227-- When reading debug info from /n/sw/helmod/apps/centos7/Core/gcc/12.1.0-fasrc01/lib64/libgcc_s.so.1:
--1227-- Ignoring non-Dwarf2/3/4 block in .debug_info
--1227-- WARNING: Serious error when reading debug info
--1227-- When reading debug info from /n/sw/helmod/apps/centos7/Core/gcc/12.1.0-fasrc01/lib64/libgcc_s.so.1:
--1227-- Ignoring non-Dwarf2/3/4 block in .debug_info
--1227-- WARNING: Serious error when reading debug info
--1227-- When reading debug info from /n/sw/helmod/apps/centos7/Core/gcc/12.1.0-fasrc01/lib64/libgcc_s.so.1:
--1227-- Ignoring non-Dwarf2/3/4 block in .debug_info
--1227-- WARNING: Serious error when reading debug info
--1227-- When reading debug info from /n/sw/helmod/apps/centos7/Core/gcc/12.1.0-fasrc01/lib64/libgcc_s.so.1:
--1227-- Ignoring non-Dwarf2/3/4 block in .debug_info
--1227-- WARNING: Serious error when reading debug info
--1227-- When reading debug info from /n/sw/helmod/apps/centos7/Core/gcc/12.1.0-fasrc01/lib64/libgcc_s.so.1:
--1227-- Ignoring non-Dwarf2/3/4 block in .debug_info
--1227-- WARNING: Serious error when reading debug info
--1227-- When reading debug info from /n/sw/helmod/apps/centos7/Core/gcc/12.1.0-fasrc01/lib64/libgcc_s.so.1:
--1227-- Ignoring non-Dwarf2/3/4 block in .debug_info
--1227-- WARNING: Serious error when reading debug info
--1227-- When reading debug info from /n/sw/helmod/apps/centos7/Core/gcc/12.1.0-fasrc01/lib64/libgcc_s.so.1:
--1227-- Ignoring non-Dwarf2/3/4 block in .debug_info
--1227-- WARNING: Serious error when reading debug info
--1227-- When reading debug info from /n/sw/helmod/apps/centos7/Core/gcc/12.1.0-fasrc01/lib64/libgcc_s.so.1:
--1227-- Ignoring non-Dwarf2/3/4 block in .debug_info
--1227-- WARNING: Serious error when reading debug info
--1227-- When reading debug info from /n/sw/helmod/apps/centos7/Core/gcc/12.1.0-fasrc01/lib64/libgcc_s.so.1:
--1227-- Ignoring non-Dwarf2/3/4 block in .debug_info
--1227-- WARNING: Serious error when reading debug info
--1227-- When reading debug info from /n/sw/helmod/apps/centos7/Core/gcc/12.1.0-fasrc01/lib64/libgcc_s.so.1:
--1227-- Ignoring non-Dwarf2/3/4 block in .debug_info
--1227-- WARNING: Serious error when reading debug info
--1227-- When reading debug info from /n/sw/helmod/apps/centos7/Core/gcc/12.1.0-fasrc01/lib64/libgcc_s.so.1:
--1227-- Ignoring non-Dwarf2/3/4 block in .debug_info
--1227-- WARNING: Serious error when reading debug info
--1227-- When reading debug info from /n/sw/helmod/apps/centos7/Core/gcc/12.1.0-fasrc01/lib64/libgcc_s.so.1:
--1227-- Ignoring non-Dwarf2/3/4 block in .debug_info
--1227-- WARNING: Serious error when reading debug info
--1227-- When reading debug info from /n/sw/helmod/apps/centos7/Core/gcc/12.1.0-fasrc01/lib64/libgcc_s.so.1:
--1227-- Ignoring non-Dwarf2/3/4 block in .debug_info
--1227-- WARNING: Serious error when reading debug info
--1227-- When reading debug info from /n/sw/helmod/apps/centos7/Core/gcc/12.1.0-fasrc01/lib64/libgcc_s.so.1:
--1227-- Ignoring non-Dwarf2/3/4 block in .debug_info
--1227-- WARNING: Serious error when reading debug info
--1227-- When reading debug info from /n/sw/helmod/apps/centos7/Core/gcc/12.1.0-fasrc01/lib64/libgcc_s.so.1:
--1227-- Ignoring non-Dwarf2/3/4 block in .debug_info
--1227-- WARNING: Serious error when reading debug info
--1227-- When reading debug info from /n/sw/helmod/apps/centos7/Core/gcc/12.1.0-fasrc01/lib64/libgcc_s.so.1:
--1227-- Ignoring non-Dwarf2/3/4 block in .debug_info
--1227-- WARNING: Serious error when reading debug info
--1227-- When reading debug info from /n/sw/helmod/apps/centos7/Core/gcc/12.1.0-fasrc01/lib64/libgcc_s.so.1:
--1227-- Ignoring non-Dwarf2/3/4 block in .debug_info
--1227-- WARNING: Serious error when reading debug info
--1227-- When reading debug info from /n/sw/helmod/apps/centos7/Core/gcc/12.1.0-fasrc01/lib64/libgcc_s.so.1:
--1227-- Ignoring non-Dwarf2/3/4 block in .debug_info
--1227-- WARNING: Serious error when reading debug info
--1227-- When reading debug info from /n/sw/helmod/apps/centos7/Core/gcc/12.1.0-fasrc01/lib64/libgcc_s.so.1:
--1227-- Ignoring non-Dwarf2/3/4 block in .debug_info
--1227-- WARNING: Serious error when reading debug info
--1227-- When reading debug info from /n/sw/helmod/apps/centos7/Core/gcc/12.1.0-fasrc01/lib64/libgcc_s.so.1:
--1227-- Ignoring non-Dwarf2/3/4 block in .debug_info
--1227-- WARNING: Serious error when reading debug info
--1227-- When reading debug info from /n/sw/helmod/apps/centos7/Core/gcc/12.1.0-fasrc01/lib64/libgcc_s.so.1:
--1227-- Ignoring non-Dwarf2/3/4 block in .debug_info
--1227-- WARNING: Serious error when reading debug info
--1227-- When reading debug info from /n/sw/helmod/apps/centos7/Core/gcc/12.1.0-fasrc01/lib64/libgcc_s.so.1:
--1227-- Ignoring non-Dwarf2/3/4 block in .debug_info
--1227-- WARNING: Serious error when reading debug info
--1227-- When reading debug info from /n/sw/helmod/apps/centos7/Core/gcc/12.1.0-fasrc01/lib64/libgcc_s.so.1:
--1227-- Ignoring non-Dwarf2/3/4 block in .debug_info
--1227-- WARNING: Serious error when reading debug info
--1227-- When reading debug info from /n/sw/helmod/apps/centos7/Core/gcc/12.1.0-fasrc01/lib64/libgcc_s.so.1:
--1227-- Ignoring non-Dwarf2/3/4 block in .debug_info
--1227-- WARNING: Serious error when reading debug info
--1227-- When reading debug info from /n/sw/helmod/apps/centos7/Core/gcc/12.1.0-fasrc01/lib64/libgcc_s.so.1:
--1227-- Ignoring non-Dwarf2/3/4 block in .debug_info
--1227-- WARNING: Serious error when reading debug info
--1227-- When reading debug info from /n/sw/helmod/apps/centos7/Core/gcc/12.1.0-fasrc01/lib64/libgcc_s.so.1:
--1227-- Ignoring non-Dwarf2/3/4 block in .debug_info
--1227-- WARNING: Serious error when reading debug info
--1227-- When reading debug info from /n/sw/helmod/apps/centos7/Core/gcc/12.1.0-fasrc01/lib64/libgcc_s.so.1:
--1227-- Ignoring non-Dwarf2/3/4 block in .debug_info
--1227-- WARNING: Serious error when reading debug info
--1227-- When reading debug info from /n/sw/helmod/apps/centos7/Core/gcc/12.1.0-fasrc01/lib64/libgcc_s.so.1:
--1227-- Ignoring non-Dwarf2/3/4 block in .debug_info
--1227-- WARNING: Serious error when reading debug info
--1227-- When reading debug info from /n/sw/helmod/apps/centos7/Core/gcc/12.1.0-fasrc01/lib64/libgcc_s.so.1:
--1227-- Ignoring non-Dwarf2/3/4 block in .debug_info
--1227-- WARNING: Serious error when reading debug info
--1227-- When reading debug info from /n/sw/helmod/apps/centos7/Core/gcc/12.1.0-fasrc01/lib64/libgcc_s.so.1:
--1227-- Ignoring non-Dwarf2/3/4 block in .debug_info
--1227-- WARNING: Serious error when reading debug info
--1227-- When reading debug info from /n/sw/helmod/apps/centos7/Core/gcc/12.1.0-fasrc01/lib64/libgcc_s.so.1:
--1227-- Ignoring non-Dwarf2/3/4 block in .debug_info
--1227-- WARNING: Serious error when reading debug info
--1227-- When reading debug info from /n/sw/helmod/apps/centos7/Core/gcc/12.1.0-fasrc01/lib64/libgcc_s.so.1:
--1227-- Ignoring non-Dwarf2/3/4 block in .debug_info
--1227-- WARNING: Serious error when reading debug info
--1227-- When reading debug info from /n/sw/helmod/apps/centos7/Core/gcc/12.1.0-fasrc01/lib64/libgcc_s.so.1:
--1227-- Ignoring non-Dwarf2/3/4 block in .debug_info
--1227-- WARNING: Serious error when reading debug info
--1227-- When reading debug info from /n/sw/helmod/apps/centos7/Core/gcc/12.1.0-fasrc01/lib64/libgcc_s.so.1:
--1227-- Ignoring non-Dwarf2/3/4 block in .debug_info
--1227-- WARNING: Serious error when reading debug info
--1227-- When reading debug info from /n/sw/helmod/apps/centos7/Core/gcc/12.1.0-fasrc01/lib64/libgcc_s.so.1:
--1227-- Ignoring non-Dwarf2/3/4 block in .debug_info
--1227-- WARNING: Serious error when reading debug info
--1227-- When reading debug info from /n/sw/helmod/apps/centos7/Core/gcc/12.1.0-fasrc01/lib64/libgcc_s.so.1:
--1227-- Ignoring non-Dwarf2/3/4 block in .debug_info
--1227-- WARNING: Serious error when reading debug info
--1227-- When reading debug info from /n/sw/helmod/apps/centos7/Core/gcc/12.1.0-fasrc01/lib64/libgcc_s.so.1:
--1227-- Ignoring non-Dwarf2/3/4 block in .debug_info
--1227-- WARNING: Serious error when reading debug info
--1227-- When reading debug info from /n/sw/helmod/apps/centos7/Core/gcc/12.1.0-fasrc01/lib64/libgcc_s.so.1:
--1227-- Ignoring non-Dwarf2/3/4 block in .debug_info
--1227-- WARNING: Serious error when reading debug info
--1227-- When reading debug info from /n/sw/helmod/apps/centos7/Core/gcc/12.1.0-fasrc01/lib64/libgcc_s.so.1:
--1227-- Ignoring non-Dwarf2/3/4 block in .debug_info
--1227-- WARNING: Serious error when reading debug info
--1227-- When reading debug info from /n/sw/helmod/apps/centos7/Core/gcc/12.1.0-fasrc01/lib64/libgcc_s.so.1:
--1227-- Ignoring non-Dwarf2/3/4 block in .debug_info
--1227-- WARNING: Serious error when reading debug info
--1227-- When reading debug info from /n/sw/helmod/apps/centos7/Core/gcc/12.1.0-fasrc01/lib64/libgcc_s.so.1:
--1227-- Ignoring non-Dwarf2/3/4 block in .debug_info
--1227-- WARNING: Serious error when reading debug info
--1227-- When reading debug info from /n/sw/helmod/apps/centos7/Core/gcc/12.1.0-fasrc01/lib64/libgcc_s.so.1:
--1227-- Ignoring non-Dwarf2/3/4 block in .debug_info
--1227-- WARNING: Serious error when reading debug info
--1227-- When reading debug info from /n/sw/helmod/apps/centos7/Core/gcc/12.1.0-fasrc01/lib64/libgcc_s.so.1:
--1227-- Ignoring non-Dwarf2/3/4 block in .debug_info
--1227-- WARNING: Serious error when reading debug info
--1227-- When reading debug info from /n/sw/helmod/apps/centos7/Core/gcc/12.1.0-fasrc01/lib64/libgcc_s.so.1:
--1227-- Ignoring non-Dwarf2/3/4 block in .debug_info
--1227-- WARNING: Serious error when reading debug info
--1227-- When reading debug info from /n/sw/helmod/apps/centos7/Core/gcc/12.1.0-fasrc01/lib64/libgcc_s.so.1:
--1227-- Ignoring non-Dwarf2/3/4 block in .debug_info
--1227-- WARNING: Serious error when reading debug info
--1227-- When reading debug info from /n/sw/helmod/apps/centos7/Core/gcc/12.1.0-fasrc01/lib64/libgcc_s.so.1:
--1227-- Ignoring non-Dwarf2/3/4 block in .debug_info
--1227-- WARNING: Serious error when reading debug info
--1227-- When reading debug info from /n/sw/helmod/apps/centos7/Core/gcc/12.1.0-fasrc01/lib64/libgcc_s.so.1:
--1227-- Ignoring non-Dwarf2/3/4 block in .debug_info
--1227-- WARNING: Serious error when reading debug info
--1227-- When reading debug info from /n/sw/helmod/apps/centos7/Core/gcc/12.1.0-fasrc01/lib64/libgcc_s.so.1:
--1227-- Ignoring non-Dwarf2/3/4 block in .debug_info
--1227-- WARNING: Serious error when reading debug info
--1227-- When reading debug info from /n/sw/helmod/apps/centos7/Core/gcc/12.1.0-fasrc01/lib64/libgcc_s.so.1:
--1227-- Ignoring non-Dwarf2/3/4 block in .debug_info
--1227-- WARNING: Serious error when reading debug info
--1227-- When reading debug info from /n/sw/helmod/apps/centos7/Core/gcc/12.1.0-fasrc01/lib64/libgcc_s.so.1:
--1227-- Ignoring non-Dwarf2/3/4 block in .debug_info
--1227-- WARNING: Serious error when reading debug info
--1227-- When reading debug info from /n/sw/helmod/apps/centos7/Core/gcc/12.1.0-fasrc01/lib64/libgcc_s.so.1:
--1227-- Ignoring non-Dwarf2/3/4 block in .debug_info
--1227-- WARNING: Serious error when reading debug info
--1227-- When reading debug info from /n/sw/helmod/apps/centos7/Core/gcc/12.1.0-fasrc01/lib64/libgcc_s.so.1:
--1227-- Ignoring non-Dwarf2/3/4 block in .debug_info
--1227-- WARNING: Serious error when reading debug info
--1227-- When reading debug info from /n/sw/helmod/apps/centos7/Core/gcc/12.1.0-fasrc01/lib64/libgcc_s.so.1:
--1227-- Ignoring non-Dwarf2/3/4 block in .debug_info
--1227-- WARNING: Serious error when reading debug info
--1227-- When reading debug info from /n/sw/helmod/apps/centos7/Core/gcc/12.1.0-fasrc01/lib64/libgcc_s.so.1:
--1227-- Ignoring non-Dwarf2/3/4 block in .debug_info
--1227-- WARNING: Serious error when reading debug info
--1227-- When reading debug info from /n/sw/helmod/apps/centos7/Core/gcc/12.1.0-fasrc01/lib64/libgcc_s.so.1:
--1227-- Ignoring non-Dwarf2/3/4 block in .debug_info
--1227-- WARNING: Serious error when reading debug info
--1227-- When reading debug info from /n/sw/helmod/apps/centos7/Core/gcc/12.1.0-fasrc01/lib64/libgcc_s.so.1:
--1227-- Ignoring non-Dwarf2/3/4 block in .debug_info
--1227-- WARNING: Serious error when reading debug info
--1227-- When reading debug info from /n/sw/helmod/apps/centos7/Core/gcc/12.1.0-fasrc01/lib64/libgcc_s.so.1:
--1227-- Ignoring non-Dwarf2/3/4 block in .debug_info
--1227-- WARNING: Serious error when reading debug info
--1227-- When reading debug info from /n/sw/helmod/apps/centos7/Core/gcc/12.1.0-fasrc01/lib64/libgcc_s.so.1:
--1227-- Ignoring non-Dwarf2/3/4 block in .debug_info
--1227-- WARNING: Serious error when reading debug info
--1227-- When reading debug info from /n/sw/helmod/apps/centos7/Core/gcc/12.1.0-fasrc01/lib64/libgcc_s.so.1:
--1227-- Ignoring non-Dwarf2/3/4 block in .debug_info
--1227-- WARNING: Serious error when reading debug info
--1227-- When reading debug info from /n/sw/helmod/apps/centos7/Core/gcc/12.1.0-fasrc01/lib64/libgcc_s.so.1:
--1227-- Ignoring non-Dwarf2/3/4 block in .debug_info
--1227-- WARNING: Serious error when reading debug info
--1227-- When reading debug info from /n/sw/helmod/apps/centos7/Core/gcc/12.1.0-fasrc01/lib64/libgcc_s.so.1:
--1227-- Ignoring non-Dwarf2/3/4 block in .debug_info
--1227-- WARNING: Serious error when reading debug info
--1227-- When reading debug info from /n/sw/helmod/apps/centos7/Core/gcc/12.1.0-fasrc01/lib64/libgcc_s.so.1:
--1227-- Ignoring non-Dwarf2/3/4 block in .debug_info
--1227-- WARNING: Serious error when reading debug info
--1227-- When reading debug info from /n/sw/helmod/apps/centos7/Core/gcc/12.1.0-fasrc01/lib64/libgcc_s.so.1:
--1227-- Ignoring non-Dwarf2/3/4 block in .debug_info
--1227-- WARNING: Serious error when reading debug info
--1227-- When reading debug info from /n/sw/helmod/apps/centos7/Core/gcc/12.1.0-fasrc01/lib64/libgcc_s.so.1:
--1227-- Ignoring non-Dwarf2/3/4 block in .debug_info
--1227-- WARNING: Serious error when reading debug info
--1227-- When reading debug info from /n/sw/helmod/apps/centos7/Core/gcc/12.1.0-fasrc01/lib64/libgcc_s.so.1:
--1227-- Ignoring non-Dwarf2/3/4 block in .debug_info
--1227-- WARNING: Serious error when reading debug info
--1227-- When reading debug info from /n/sw/helmod/apps/centos7/Core/gcc/12.1.0-fasrc01/lib64/libgcc_s.so.1:
--1227-- Ignoring non-Dwarf2/3/4 block in .debug_info
--1227-- WARNING: Serious error when reading debug info
--1227-- When reading debug info from /n/sw/helmod/apps/centos7/Core/gcc/12.1.0-fasrc01/lib64/libgcc_s.so.1:
--1227-- Ignoring non-Dwarf2/3/4 block in .debug_info
--1227-- WARNING: Serious error when reading debug info
--1227-- When reading debug info from /n/sw/helmod/apps/centos7/Core/gcc/12.1.0-fasrc01/lib64/libgcc_s.so.1:
--1227-- Ignoring non-Dwarf2/3/4 block in .debug_info
--1227-- WARNING: Serious error when reading debug info
--1227-- When reading debug info from /n/sw/helmod/apps/centos7/Core/gcc/12.1.0-fasrc01/lib64/libgcc_s.so.1:
--1227-- Ignoring non-Dwarf2/3/4 block in .debug_info
--1227-- WARNING: Serious error when reading debug info
--1227-- When reading debug info from /n/sw/helmod/apps/centos7/Core/gcc/12.1.0-fasrc01/lib64/libgcc_s.so.1:
--1227-- Ignoring non-Dwarf2/3/4 block in .debug_info
--1227-- WARNING: Serious error when reading debug info
--1227-- When reading debug info from /n/sw/helmod/apps/centos7/Core/gcc/12.1.0-fasrc01/lib64/libgcc_s.so.1:
--1227-- Ignoring non-Dwarf2/3/4 block in .debug_info
--1227-- WARNING: Serious error when reading debug info
--1227-- When reading debug info from /n/sw/helmod/apps/centos7/Core/gcc/12.1.0-fasrc01/lib64/libgcc_s.so.1:
--1227-- Ignoring non-Dwarf2/3/4 block in .debug_info
--1227-- WARNING: Serious error when reading debug info
--1227-- When reading debug info from /n/sw/helmod/apps/centos7/Core/gcc/12.1.0-fasrc01/lib64/libgcc_s.so.1:
--1227-- Ignoring non-Dwarf2/3/4 block in .debug_info
--1227-- WARNING: Serious error when reading debug info
--1227-- When reading debug info from /n/sw/helmod/apps/centos7/Core/gcc/12.1.0-fasrc01/lib64/libgcc_s.so.1:
--1227-- Ignoring non-Dwarf2/3/4 block in .debug_info
--1227-- WARNING: Serious error when reading debug info
--1227-- When reading debug info from /n/sw/helmod/apps/centos7/Core/gcc/12.1.0-fasrc01/lib64/libgcc_s.so.1:
--1227-- Ignoring non-Dwarf2/3/4 block in .debug_info
--1227-- WARNING: Serious error when reading debug info
--1227-- When reading debug info from /n/sw/helmod/apps/centos7/Core/gcc/12.1.0-fasrc01/lib64/libgcc_s.so.1:
--1227-- Ignoring non-Dwarf2/3/4 block in .debug_info
--1227-- WARNING: Serious error when reading debug info
--1227-- When reading debug info from /n/sw/helmod/apps/centos7/Core/gcc/12.1.0-fasrc01/lib64/libgcc_s.so.1:
--1227-- Ignoring non-Dwarf2/3/4 block in .debug_info
--1227-- WARNING: Serious error when reading debug info
--1227-- When reading debug info from /n/sw/helmod/apps/centos7/Core/gcc/12.1.0-fasrc01/lib64/libgcc_s.so.1:
--1227-- Ignoring non-Dwarf2/3/4 block in .debug_info
--1227-- WARNING: Serious error when reading debug info
--1227-- When reading debug info from /n/sw/helmod/apps/centos7/Core/gcc/12.1.0-fasrc01/lib64/libgcc_s.so.1:
--1227-- parse_CU_Header: is neither DWARF2 nor DWARF3 nor DWARF4
SH: 16 models
Overall Duration: 678765195 microseconds
==1227== 
==1227== HEAP SUMMARY:
==1227==     in use at exit: 575,018 bytes in 3,841 blocks
==1227==   total heap usage: 287,373,912 allocs, 287,370,071 frees, 23,789,004,701 bytes allocated
==1227== 
==1227== 557,970 (3,840 direct, 554,130 indirect) bytes in 30 blocks are definitely lost in loss record 15 of 15
==1227==    at 0x4C2A243: operator new(unsigned long) (vg_replace_malloc.c:334)
==1227==    by 0x402F10: helper(double, int) (in /n/academic_homes/g113711/u338904g113711/cs205/team21/code/m5_SH)
==1227==    by 0x401720: main (in /n/academic_homes/g113711/u338904g113711/cs205/team21/code/m5_SH)
==1227== 
==1227== LEAK SUMMARY:
==1227==    definitely lost: 3,840 bytes in 30 blocks
==1227==    indirectly lost: 554,130 bytes in 3,780 blocks
==1227==      possibly lost: 0 bytes in 0 blocks
==1227==    still reachable: 17,048 bytes in 31 blocks
==1227==         suppressed: 0 bytes in 0 blocks
==1227== Reachable blocks (those to which a pointer was found) are not shown.
==1227== To see them, rerun with: --leak-check=full --show-leak-kinds=all
==1227== 
==1227== For counts of detected and suppressed errors, rerun with: -v
==1227== ERROR SUMMARY: 1 errors from 1 contexts (suppressed: 0 from 0)

real	11m19.463s
user	0m0.017s
sys	0m0.013s
rm -f  m5_ASH.o  m5_SH.o  m5_neural_network.o m5_ASH m5_SH