make: Nothing to be done for `all'.
==1360== Memcheck, a memory error detector
==1360== Copyright (C) 2002-2017, and GNU GPL'd, by Julian Seward et al.
==1360== Using Valgrind-3.13.0 and LibVEX; rerun with -h for copyright info
==1360== Command: ./m5_SH 32
==1360== 
--1360-- WARNING: Serious error when reading debug info
--1360-- When reading debug info from /n/sw/helmod/apps/centos7/Core/gcc/12.1.0-fasrc01/lib64/libstdc++.so.6.0.30:
--1360-- Ignoring non-Dwarf2/3/4 block in .debug_info
--1360-- WARNING: Serious error when reading debug info
--1360-- When reading debug info from /n/sw/helmod/apps/centos7/Core/gcc/12.1.0-fasrc01/lib64/libstdc++.so.6.0.30:
--1360-- Ignoring non-Dwarf2/3/4 block in .debug_info
--1360-- WARNING: Serious error when reading debug info
--1360-- When reading debug info from /n/sw/helmod/apps/centos7/Core/gcc/12.1.0-fasrc01/lib64/libstdc++.so.6.0.30:
--1360-- Ignoring non-Dwarf2/3/4 block in .debug_info
--1360-- WARNING: Serious error when reading debug info
--1360-- When reading debug info from /n/sw/helmod/apps/centos7/Core/gcc/12.1.0-fasrc01/lib64/libstdc++.so.6.0.30:
--1360-- Ignoring non-Dwarf2/3/4 block in .debug_info
--1360-- WARNING: Serious error when reading debug info
--1360-- When reading debug info from /n/sw/helmod/apps/centos7/Core/gcc/12.1.0-fasrc01/lib64/libstdc++.so.6.0.30:
--1360-- Ignoring non-Dwarf2/3/4 block in .debug_info
--1360-- WARNING: Serious error when reading debug info
--1360-- When reading debug info from /n/sw/helmod/apps/centos7/Core/gcc/12.1.0-fasrc01/lib64/libstdc++.so.6.0.30:
--1360-- Ignoring non-Dwarf2/3/4 block in .debug_info
--1360-- WARNING: Serious error when reading debug info
--1360-- When reading debug info from /n/sw/helmod/apps/centos7/Core/gcc/12.1.0-fasrc01/lib64/libstdc++.so.6.0.30:
--1360-- Ignoring non-Dwarf2/3/4 block in .debug_info
--1360-- WARNING: Serious error when reading debug info
--1360-- When reading debug info from /n/sw/helmod/apps/centos7/Core/gcc/12.1.0-fasrc01/lib64/libstdc++.so.6.0.30:
--1360-- Ignoring non-Dwarf2/3/4 block in .debug_info
--1360-- WARNING: Serious error when reading debug info
--1360-- When reading debug info from /n/sw/helmod/apps/centos7/Core/gcc/12.1.0-fasrc01/lib64/libstdc++.so.6.0.30:
--1360-- Ignoring non-Dwarf2/3/4 block in .debug_info
--1360-- WARNING: Serious error when reading debug info
--1360-- When reading debug info from /n/sw/helmod/apps/centos7/Core/gcc/12.1.0-fasrc01/lib64/libstdc++.so.6.0.30:
--1360-- Ignoring non-Dwarf2/3/4 block in .debug_info
--1360-- WARNING: Serious error when reading debug info
--1360-- When reading debug info from /n/sw/helmod/apps/centos7/Core/gcc/12.1.0-fasrc01/lib64/libstdc++.so.6.0.30:
--1360-- Ignoring non-Dwarf2/3/4 block in .debug_info
--1360-- WARNING: Serious error when reading debug info
--1360-- When reading debug info from /n/sw/helmod/apps/centos7/Core/gcc/12.1.0-fasrc01/lib64/libstdc++.so.6.0.30:
--1360-- Ignoring non-Dwarf2/3/4 block in .debug_info
--1360-- WARNING: Serious error when reading debug info
--1360-- When reading debug info from /n/sw/helmod/apps/centos7/Core/gcc/12.1.0-fasrc01/lib64/libstdc++.so.6.0.30:
--1360-- Ignoring non-Dwarf2/3/4 block in .debug_info
--1360-- WARNING: Serious error when reading debug info
--1360-- When reading debug info from /n/sw/helmod/apps/centos7/Core/gcc/12.1.0-fasrc01/lib64/libstdc++.so.6.0.30:
--1360-- Ignoring non-Dwarf2/3/4 block in .debug_info
--1360-- WARNING: Serious error when reading debug info
--1360-- When reading debug info from /n/sw/helmod/apps/centos7/Core/gcc/12.1.0-fasrc01/lib64/libstdc++.so.6.0.30:
--1360-- Ignoring non-Dwarf2/3/4 block in .debug_info
--1360-- WARNING: Serious error when reading debug info
--1360-- When reading debug info from /n/sw/helmod/apps/centos7/Core/gcc/12.1.0-fasrc01/lib64/libstdc++.so.6.0.30:
--1360-- Ignoring non-Dwarf2/3/4 block in .debug_info
--1360-- WARNING: Serious error when reading debug info
--1360-- When reading debug info from /n/sw/helmod/apps/centos7/Core/gcc/12.1.0-fasrc01/lib64/libstdc++.so.6.0.30:
--1360-- Ignoring non-Dwarf2/3/4 block in .debug_info
--1360-- WARNING: Serious error when reading debug info
--1360-- When reading debug info from /n/sw/helmod/apps/centos7/Core/gcc/12.1.0-fasrc01/lib64/libstdc++.so.6.0.30:
--1360-- Ignoring non-Dwarf2/3/4 block in .debug_info
--1360-- WARNING: Serious error when reading debug info
--1360-- When reading debug info from /n/sw/helmod/apps/centos7/Core/gcc/12.1.0-fasrc01/lib64/libstdc++.so.6.0.30:
--1360-- Ignoring non-Dwarf2/3/4 block in .debug_info
--1360-- WARNING: Serious error when reading debug info
--1360-- When reading debug info from /n/sw/helmod/apps/centos7/Core/gcc/12.1.0-fasrc01/lib64/libstdc++.so.6.0.30:
--1360-- Ignoring non-Dwarf2/3/4 block in .debug_info
--1360-- WARNING: Serious error when reading debug info
--1360-- When reading debug info from /n/sw/helmod/apps/centos7/Core/gcc/12.1.0-fasrc01/lib64/libstdc++.so.6.0.30:
--1360-- Ignoring non-Dwarf2/3/4 block in .debug_info
--1360-- WARNING: Serious error when reading debug info
--1360-- When reading debug info from /n/sw/helmod/apps/centos7/Core/gcc/12.1.0-fasrc01/lib64/libstdc++.so.6.0.30:
--1360-- Ignoring non-Dwarf2/3/4 block in .debug_info
--1360-- WARNING: Serious error when reading debug info
--1360-- When reading debug info from /n/sw/helmod/apps/centos7/Core/gcc/12.1.0-fasrc01/lib64/libstdc++.so.6.0.30:
--1360-- Ignoring non-Dwarf2/3/4 block in .debug_info
--1360-- WARNING: Serious error when reading debug info
--1360-- When reading debug info from /n/sw/helmod/apps/centos7/Core/gcc/12.1.0-fasrc01/lib64/libstdc++.so.6.0.30:
--1360-- Ignoring non-Dwarf2/3/4 block in .debug_info
--1360-- WARNING: Serious error when reading debug info
--1360-- When reading debug info from /n/sw/helmod/apps/centos7/Core/gcc/12.1.0-fasrc01/lib64/libstdc++.so.6.0.30:
--1360-- Ignoring non-Dwarf2/3/4 block in .debug_info
--1360-- WARNING: Serious error when reading debug info
--1360-- When reading debug info from /n/sw/helmod/apps/centos7/Core/gcc/12.1.0-fasrc01/lib64/libstdc++.so.6.0.30:
--1360-- Ignoring non-Dwarf2/3/4 block in .debug_info
--1360-- WARNING: Serious error when reading debug info
--1360-- When reading debug info from /n/sw/helmod/apps/centos7/Core/gcc/12.1.0-fasrc01/lib64/libstdc++.so.6.0.30:
--1360-- Ignoring non-Dwarf2/3/4 block in .debug_info
--1360-- WARNING: Serious error when reading debug info
--1360-- When reading debug info from /n/sw/helmod/apps/centos7/Core/gcc/12.1.0-fasrc01/lib64/libstdc++.so.6.0.30:
--1360-- Ignoring non-Dwarf2/3/4 block in .debug_info
--1360-- WARNING: Serious error when reading debug info
--1360-- When reading debug info from /n/sw/helmod/apps/centos7/Core/gcc/12.1.0-fasrc01/lib64/libstdc++.so.6.0.30:
--1360-- Ignoring non-Dwarf2/3/4 block in .debug_info
--1360-- WARNING: Serious error when reading debug info
--1360-- When reading debug info from /n/sw/helmod/apps/centos7/Core/gcc/12.1.0-fasrc01/lib64/libstdc++.so.6.0.30:
--1360-- Ignoring non-Dwarf2/3/4 block in .debug_info
--1360-- WARNING: Serious error when reading debug info
--1360-- When reading debug info from /n/sw/helmod/apps/centos7/Core/gcc/12.1.0-fasrc01/lib64/libstdc++.so.6.0.30:
--1360-- Ignoring non-Dwarf2/3/4 block in .debug_info
--1360-- WARNING: Serious error when reading debug info
--1360-- When reading debug info from /n/sw/helmod/apps/centos7/Core/gcc/12.1.0-fasrc01/lib64/libstdc++.so.6.0.30:
--1360-- Ignoring non-Dwarf2/3/4 block in .debug_info
--1360-- WARNING: Serious error when reading debug info
--1360-- When reading debug info from /n/sw/helmod/apps/centos7/Core/gcc/12.1.0-fasrc01/lib64/libstdc++.so.6.0.30:
--1360-- Ignoring non-Dwarf2/3/4 block in .debug_info
--1360-- WARNING: Serious error when reading debug info
--1360-- When reading debug info from /n/sw/helmod/apps/centos7/Core/gcc/12.1.0-fasrc01/lib64/libstdc++.so.6.0.30:
--1360-- Ignoring non-Dwarf2/3/4 block in .debug_info
--1360-- WARNING: Serious error when reading debug info
--1360-- When reading debug info from /n/sw/helmod/apps/centos7/Core/gcc/12.1.0-fasrc01/lib64/libstdc++.so.6.0.30:
--1360-- Ignoring non-Dwarf2/3/4 block in .debug_info
--1360-- WARNING: Serious error when reading debug info
--1360-- When reading debug info from /n/sw/helmod/apps/centos7/Core/gcc/12.1.0-fasrc01/lib64/libstdc++.so.6.0.30:
--1360-- Ignoring non-Dwarf2/3/4 block in .debug_info
--1360-- WARNING: Serious error when reading debug info
--1360-- When reading debug info from /n/sw/helmod/apps/centos7/Core/gcc/12.1.0-fasrc01/lib64/libstdc++.so.6.0.30:
--1360-- Ignoring non-Dwarf2/3/4 block in .debug_info
--1360-- WARNING: Serious error when reading debug info
--1360-- When reading debug info from /n/sw/helmod/apps/centos7/Core/gcc/12.1.0-fasrc01/lib64/libstdc++.so.6.0.30:
--1360-- Ignoring non-Dwarf2/3/4 block in .debug_info
--1360-- WARNING: Serious error when reading debug info
--1360-- When reading debug info from /n/sw/helmod/apps/centos7/Core/gcc/12.1.0-fasrc01/lib64/libstdc++.so.6.0.30:
--1360-- Ignoring non-Dwarf2/3/4 block in .debug_info
--1360-- WARNING: Serious error when reading debug info
--1360-- When reading debug info from /n/sw/helmod/apps/centos7/Core/gcc/12.1.0-fasrc01/lib64/libstdc++.so.6.0.30:
--1360-- Ignoring non-Dwarf2/3/4 block in .debug_info
--1360-- WARNING: Serious error when reading debug info
--1360-- When reading debug info from /n/sw/helmod/apps/centos7/Core/gcc/12.1.0-fasrc01/lib64/libstdc++.so.6.0.30:
--1360-- Ignoring non-Dwarf2/3/4 block in .debug_info
--1360-- WARNING: Serious error when reading debug info
--1360-- When reading debug info from /n/sw/helmod/apps/centos7/Core/gcc/12.1.0-fasrc01/lib64/libstdc++.so.6.0.30:
--1360-- Ignoring non-Dwarf2/3/4 block in .debug_info
--1360-- WARNING: Serious error when reading debug info
--1360-- When reading debug info from /n/sw/helmod/apps/centos7/Core/gcc/12.1.0-fasrc01/lib64/libstdc++.so.6.0.30:
--1360-- Ignoring non-Dwarf2/3/4 block in .debug_info
--1360-- WARNING: Serious error when reading debug info
--1360-- When reading debug info from /n/sw/helmod/apps/centos7/Core/gcc/12.1.0-fasrc01/lib64/libstdc++.so.6.0.30:
--1360-- Ignoring non-Dwarf2/3/4 block in .debug_info
--1360-- WARNING: Serious error when reading debug info
--1360-- When reading debug info from /n/sw/helmod/apps/centos7/Core/gcc/12.1.0-fasrc01/lib64/libstdc++.so.6.0.30:
--1360-- Ignoring non-Dwarf2/3/4 block in .debug_info
--1360-- WARNING: Serious error when reading debug info
--1360-- When reading debug info from /n/sw/helmod/apps/centos7/Core/gcc/12.1.0-fasrc01/lib64/libstdc++.so.6.0.30:
--1360-- Ignoring non-Dwarf2/3/4 block in .debug_info
--1360-- WARNING: Serious error when reading debug info
--1360-- When reading debug info from /n/sw/helmod/apps/centos7/Core/gcc/12.1.0-fasrc01/lib64/libstdc++.so.6.0.30:
--1360-- Ignoring non-Dwarf2/3/4 block in .debug_info
--1360-- WARNING: Serious error when reading debug info
--1360-- When reading debug info from /n/sw/helmod/apps/centos7/Core/gcc/12.1.0-fasrc01/lib64/libstdc++.so.6.0.30:
--1360-- Ignoring non-Dwarf2/3/4 block in .debug_info
--1360-- WARNING: Serious error when reading debug info
--1360-- When reading debug info from /n/sw/helmod/apps/centos7/Core/gcc/12.1.0-fasrc01/lib64/libstdc++.so.6.0.30:
--1360-- Ignoring non-Dwarf2/3/4 block in .debug_info
--1360-- WARNING: Serious error when reading debug info
--1360-- When reading debug info from /n/sw/helmod/apps/centos7/Core/gcc/12.1.0-fasrc01/lib64/libstdc++.so.6.0.30:
--1360-- Ignoring non-Dwarf2/3/4 block in .debug_info
--1360-- WARNING: Serious error when reading debug info
--1360-- When reading debug info from /n/sw/helmod/apps/centos7/Core/gcc/12.1.0-fasrc01/lib64/libstdc++.so.6.0.30:
--1360-- Ignoring non-Dwarf2/3/4 block in .debug_info
--1360-- WARNING: Serious error when reading debug info
--1360-- When reading debug info from /n/sw/helmod/apps/centos7/Core/gcc/12.1.0-fasrc01/lib64/libstdc++.so.6.0.30:
--1360-- Ignoring non-Dwarf2/3/4 block in .debug_info
--1360-- WARNING: Serious error when reading debug info
--1360-- When reading debug info from /n/sw/helmod/apps/centos7/Core/gcc/12.1.0-fasrc01/lib64/libstdc++.so.6.0.30:
--1360-- Ignoring non-Dwarf2/3/4 block in .debug_info
--1360-- WARNING: Serious error when reading debug info
--1360-- When reading debug info from /n/sw/helmod/apps/centos7/Core/gcc/12.1.0-fasrc01/lib64/libstdc++.so.6.0.30:
--1360-- Ignoring non-Dwarf2/3/4 block in .debug_info
--1360-- WARNING: Serious error when reading debug info
--1360-- When reading debug info from /n/sw/helmod/apps/centos7/Core/gcc/12.1.0-fasrc01/lib64/libstdc++.so.6.0.30:
--1360-- Ignoring non-Dwarf2/3/4 block in .debug_info
--1360-- WARNING: Serious error when reading debug info
--1360-- When reading debug info from /n/sw/helmod/apps/centos7/Core/gcc/12.1.0-fasrc01/lib64/libstdc++.so.6.0.30:
--1360-- Ignoring non-Dwarf2/3/4 block in .debug_info
--1360-- WARNING: Serious error when reading debug info
--1360-- When reading debug info from /n/sw/helmod/apps/centos7/Core/gcc/12.1.0-fasrc01/lib64/libstdc++.so.6.0.30:
--1360-- Ignoring non-Dwarf2/3/4 block in .debug_info
--1360-- WARNING: Serious error when reading debug info
--1360-- When reading debug info from /n/sw/helmod/apps/centos7/Core/gcc/12.1.0-fasrc01/lib64/libstdc++.so.6.0.30:
--1360-- Ignoring non-Dwarf2/3/4 block in .debug_info
--1360-- WARNING: Serious error when reading debug info
--1360-- When reading debug info from /n/sw/helmod/apps/centos7/Core/gcc/12.1.0-fasrc01/lib64/libstdc++.so.6.0.30:
--1360-- Ignoring non-Dwarf2/3/4 block in .debug_info
--1360-- WARNING: Serious error when reading debug info
--1360-- When reading debug info from /n/sw/helmod/apps/centos7/Core/gcc/12.1.0-fasrc01/lib64/libstdc++.so.6.0.30:
--1360-- Ignoring non-Dwarf2/3/4 block in .debug_info
--1360-- WARNING: Serious error when reading debug info
--1360-- When reading debug info from /n/sw/helmod/apps/centos7/Core/gcc/12.1.0-fasrc01/lib64/libstdc++.so.6.0.30:
--1360-- Ignoring non-Dwarf2/3/4 block in .debug_info
--1360-- WARNING: Serious error when reading debug info
--1360-- When reading debug info from /n/sw/helmod/apps/centos7/Core/gcc/12.1.0-fasrc01/lib64/libstdc++.so.6.0.30:
--1360-- Ignoring non-Dwarf2/3/4 block in .debug_info
--1360-- WARNING: Serious error when reading debug info
--1360-- When reading debug info from /n/sw/helmod/apps/centos7/Core/gcc/12.1.0-fasrc01/lib64/libstdc++.so.6.0.30:
--1360-- Ignoring non-Dwarf2/3/4 block in .debug_info
--1360-- WARNING: Serious error when reading debug info
--1360-- When reading debug info from /n/sw/helmod/apps/centos7/Core/gcc/12.1.0-fasrc01/lib64/libstdc++.so.6.0.30:
--1360-- Ignoring non-Dwarf2/3/4 block in .debug_info
--1360-- WARNING: Serious error when reading debug info
--1360-- When reading debug info from /n/sw/helmod/apps/centos7/Core/gcc/12.1.0-fasrc01/lib64/libstdc++.so.6.0.30:
--1360-- Ignoring non-Dwarf2/3/4 block in .debug_info
--1360-- WARNING: Serious error when reading debug info
--1360-- When reading debug info from /n/sw/helmod/apps/centos7/Core/gcc/12.1.0-fasrc01/lib64/libstdc++.so.6.0.30:
--1360-- Ignoring non-Dwarf2/3/4 block in .debug_info
--1360-- WARNING: Serious error when reading debug info
--1360-- When reading debug info from /n/sw/helmod/apps/centos7/Core/gcc/12.1.0-fasrc01/lib64/libstdc++.so.6.0.30:
--1360-- Ignoring non-Dwarf2/3/4 block in .debug_info
--1360-- WARNING: Serious error when reading debug info
--1360-- When reading debug info from /n/sw/helmod/apps/centos7/Core/gcc/12.1.0-fasrc01/lib64/libstdc++.so.6.0.30:
--1360-- Ignoring non-Dwarf2/3/4 block in .debug_info
--1360-- WARNING: Serious error when reading debug info
--1360-- When reading debug info from /n/sw/helmod/apps/centos7/Core/gcc/12.1.0-fasrc01/lib64/libstdc++.so.6.0.30:
--1360-- Ignoring non-Dwarf2/3/4 block in .debug_info
--1360-- WARNING: Serious error when reading debug info
--1360-- When reading debug info from /n/sw/helmod/apps/centos7/Core/gcc/12.1.0-fasrc01/lib64/libstdc++.so.6.0.30:
--1360-- Ignoring non-Dwarf2/3/4 block in .debug_info
--1360-- WARNING: Serious error when reading debug info
--1360-- When reading debug info from /n/sw/helmod/apps/centos7/Core/gcc/12.1.0-fasrc01/lib64/libstdc++.so.6.0.30:
--1360-- Ignoring non-Dwarf2/3/4 block in .debug_info
--1360-- WARNING: Serious error when reading debug info
--1360-- When reading debug info from /n/sw/helmod/apps/centos7/Core/gcc/12.1.0-fasrc01/lib64/libstdc++.so.6.0.30:
--1360-- Ignoring non-Dwarf2/3/4 block in .debug_info
--1360-- WARNING: Serious error when reading debug info
--1360-- When reading debug info from /n/sw/helmod/apps/centos7/Core/gcc/12.1.0-fasrc01/lib64/libstdc++.so.6.0.30:
--1360-- Ignoring non-Dwarf2/3/4 block in .debug_info
--1360-- WARNING: Serious error when reading debug info
--1360-- When reading debug info from /n/sw/helmod/apps/centos7/Core/gcc/12.1.0-fasrc01/lib64/libstdc++.so.6.0.30:
--1360-- Ignoring non-Dwarf2/3/4 block in .debug_info
--1360-- WARNING: Serious error when reading debug info
--1360-- When reading debug info from /n/sw/helmod/apps/centos7/Core/gcc/12.1.0-fasrc01/lib64/libstdc++.so.6.0.30:
--1360-- Ignoring non-Dwarf2/3/4 block in .debug_info
--1360-- WARNING: Serious error when reading debug info
--1360-- When reading debug info from /n/sw/helmod/apps/centos7/Core/gcc/12.1.0-fasrc01/lib64/libstdc++.so.6.0.30:
--1360-- Ignoring non-Dwarf2/3/4 block in .debug_info
--1360-- WARNING: Serious error when reading debug info
--1360-- When reading debug info from /n/sw/helmod/apps/centos7/Core/gcc/12.1.0-fasrc01/lib64/libstdc++.so.6.0.30:
--1360-- Ignoring non-Dwarf2/3/4 block in .debug_info
--1360-- WARNING: Serious error when reading debug info
--1360-- When reading debug info from /n/sw/helmod/apps/centos7/Core/gcc/12.1.0-fasrc01/lib64/libstdc++.so.6.0.30:
--1360-- Ignoring non-Dwarf2/3/4 block in .debug_info
--1360-- WARNING: Serious error when reading debug info
--1360-- When reading debug info from /n/sw/helmod/apps/centos7/Core/gcc/12.1.0-fasrc01/lib64/libstdc++.so.6.0.30:
--1360-- Ignoring non-Dwarf2/3/4 block in .debug_info
--1360-- WARNING: Serious error when reading debug info
--1360-- When reading debug info from /n/sw/helmod/apps/centos7/Core/gcc/12.1.0-fasrc01/lib64/libstdc++.so.6.0.30:
--1360-- Ignoring non-Dwarf2/3/4 block in .debug_info
--1360-- WARNING: Serious error when reading debug info
--1360-- When reading debug info from /n/sw/helmod/apps/centos7/Core/gcc/12.1.0-fasrc01/lib64/libstdc++.so.6.0.30:
--1360-- Ignoring non-Dwarf2/3/4 block in .debug_info
--1360-- WARNING: Serious error when reading debug info
--1360-- When reading debug info from /n/sw/helmod/apps/centos7/Core/gcc/12.1.0-fasrc01/lib64/libstdc++.so.6.0.30:
--1360-- Ignoring non-Dwarf2/3/4 block in .debug_info
--1360-- WARNING: Serious error when reading debug info
--1360-- When reading debug info from /n/sw/helmod/apps/centos7/Core/gcc/12.1.0-fasrc01/lib64/libstdc++.so.6.0.30:
--1360-- Ignoring non-Dwarf2/3/4 block in .debug_info
--1360-- WARNING: Serious error when reading debug info
--1360-- When reading debug info from /n/sw/helmod/apps/centos7/Core/gcc/12.1.0-fasrc01/lib64/libstdc++.so.6.0.30:
--1360-- Ignoring non-Dwarf2/3/4 block in .debug_info
--1360-- WARNING: Serious error when reading debug info
--1360-- When reading debug info from /n/sw/helmod/apps/centos7/Core/gcc/12.1.0-fasrc01/lib64/libstdc++.so.6.0.30:
--1360-- Ignoring non-Dwarf2/3/4 block in .debug_info
--1360-- WARNING: Serious error when reading debug info
--1360-- When reading debug info from /n/sw/helmod/apps/centos7/Core/gcc/12.1.0-fasrc01/lib64/libstdc++.so.6.0.30:
--1360-- Ignoring non-Dwarf2/3/4 block in .debug_info
--1360-- WARNING: Serious error when reading debug info
--1360-- When reading debug info from /n/sw/helmod/apps/centos7/Core/gcc/12.1.0-fasrc01/lib64/libstdc++.so.6.0.30:
--1360-- Ignoring non-Dwarf2/3/4 block in .debug_info
--1360-- WARNING: Serious error when reading debug info
--1360-- When reading debug info from /n/sw/helmod/apps/centos7/Core/gcc/12.1.0-fasrc01/lib64/libstdc++.so.6.0.30:
--1360-- Ignoring non-Dwarf2/3/4 block in .debug_info
--1360-- WARNING: Serious error when reading debug info
--1360-- When reading debug info from /n/sw/helmod/apps/centos7/Core/gcc/12.1.0-fasrc01/lib64/libstdc++.so.6.0.30:
--1360-- Ignoring non-Dwarf2/3/4 block in .debug_info
--1360-- WARNING: Serious error when reading debug info
--1360-- When reading debug info from /n/sw/helmod/apps/centos7/Core/gcc/12.1.0-fasrc01/lib64/libstdc++.so.6.0.30:
--1360-- Ignoring non-Dwarf2/3/4 block in .debug_info
--1360-- WARNING: Serious error when reading debug info
--1360-- When reading debug info from /n/sw/helmod/apps/centos7/Core/gcc/12.1.0-fasrc01/lib64/libstdc++.so.6.0.30:
--1360-- Ignoring non-Dwarf2/3/4 block in .debug_info
--1360-- WARNING: Serious error when reading debug info
--1360-- When reading debug info from /n/sw/helmod/apps/centos7/Core/gcc/12.1.0-fasrc01/lib64/libstdc++.so.6.0.30:
--1360-- Ignoring non-Dwarf2/3/4 block in .debug_info
--1360-- WARNING: Serious error when reading debug info
--1360-- When reading debug info from /n/sw/helmod/apps/centos7/Core/gcc/12.1.0-fasrc01/lib64/libstdc++.so.6.0.30:
--1360-- Ignoring non-Dwarf2/3/4 block in .debug_info
--1360-- WARNING: Serious error when reading debug info
--1360-- When reading debug info from /n/sw/helmod/apps/centos7/Core/gcc/12.1.0-fasrc01/lib64/libstdc++.so.6.0.30:
--1360-- Ignoring non-Dwarf2/3/4 block in .debug_info
--1360-- WARNING: Serious error when reading debug info
--1360-- When reading debug info from /n/sw/helmod/apps/centos7/Core/gcc/12.1.0-fasrc01/lib64/libstdc++.so.6.0.30:
--1360-- Ignoring non-Dwarf2/3/4 block in .debug_info
--1360-- WARNING: Serious error when reading debug info
--1360-- When reading debug info from /n/sw/helmod/apps/centos7/Core/gcc/12.1.0-fasrc01/lib64/libstdc++.so.6.0.30:
--1360-- Ignoring non-Dwarf2/3/4 block in .debug_info
--1360-- WARNING: Serious error when reading debug info
--1360-- When reading debug info from /n/sw/helmod/apps/centos7/Core/gcc/12.1.0-fasrc01/lib64/libstdc++.so.6.0.30:
--1360-- Ignoring non-Dwarf2/3/4 block in .debug_info
--1360-- WARNING: Serious error when reading debug info
--1360-- When reading debug info from /n/sw/helmod/apps/centos7/Core/gcc/12.1.0-fasrc01/lib64/libstdc++.so.6.0.30:
--1360-- Ignoring non-Dwarf2/3/4 block in .debug_info
--1360-- WARNING: Serious error when reading debug info
--1360-- When reading debug info from /n/sw/helmod/apps/centos7/Core/gcc/12.1.0-fasrc01/lib64/libstdc++.so.6.0.30:
--1360-- Ignoring non-Dwarf2/3/4 block in .debug_info
--1360-- WARNING: Serious error when reading debug info
--1360-- When reading debug info from /n/sw/helmod/apps/centos7/Core/gcc/12.1.0-fasrc01/lib64/libstdc++.so.6.0.30:
--1360-- Ignoring non-Dwarf2/3/4 block in .debug_info
--1360-- WARNING: Serious error when reading debug info
--1360-- When reading debug info from /n/sw/helmod/apps/centos7/Core/gcc/12.1.0-fasrc01/lib64/libstdc++.so.6.0.30:
--1360-- Ignoring non-Dwarf2/3/4 block in .debug_info
--1360-- WARNING: Serious error when reading debug info
--1360-- When reading debug info from /n/sw/helmod/apps/centos7/Core/gcc/12.1.0-fasrc01/lib64/libstdc++.so.6.0.30:
--1360-- Ignoring non-Dwarf2/3/4 block in .debug_info
--1360-- WARNING: Serious error when reading debug info
--1360-- When reading debug info from /n/sw/helmod/apps/centos7/Core/gcc/12.1.0-fasrc01/lib64/libstdc++.so.6.0.30:
--1360-- Ignoring non-Dwarf2/3/4 block in .debug_info
--1360-- WARNING: Serious error when reading debug info
--1360-- When reading debug info from /n/sw/helmod/apps/centos7/Core/gcc/12.1.0-fasrc01/lib64/libstdc++.so.6.0.30:
--1360-- Ignoring non-Dwarf2/3/4 block in .debug_info
--1360-- WARNING: Serious error when reading debug info
--1360-- When reading debug info from /n/sw/helmod/apps/centos7/Core/gcc/12.1.0-fasrc01/lib64/libstdc++.so.6.0.30:
--1360-- Ignoring non-Dwarf2/3/4 block in .debug_info
--1360-- WARNING: Serious error when reading debug info
--1360-- When reading debug info from /n/sw/helmod/apps/centos7/Core/gcc/12.1.0-fasrc01/lib64/libstdc++.so.6.0.30:
--1360-- Ignoring non-Dwarf2/3/4 block in .debug_info
--1360-- WARNING: Serious error when reading debug info
--1360-- When reading debug info from /n/sw/helmod/apps/centos7/Core/gcc/12.1.0-fasrc01/lib64/libstdc++.so.6.0.30:
--1360-- Ignoring non-Dwarf2/3/4 block in .debug_info
--1360-- WARNING: Serious error when reading debug info
--1360-- When reading debug info from /n/sw/helmod/apps/centos7/Core/gcc/12.1.0-fasrc01/lib64/libstdc++.so.6.0.30:
--1360-- Ignoring non-Dwarf2/3/4 block in .debug_info
--1360-- WARNING: Serious error when reading debug info
--1360-- When reading debug info from /n/sw/helmod/apps/centos7/Core/gcc/12.1.0-fasrc01/lib64/libstdc++.so.6.0.30:
--1360-- Ignoring non-Dwarf2/3/4 block in .debug_info
--1360-- WARNING: Serious error when reading debug info
--1360-- When reading debug info from /n/sw/helmod/apps/centos7/Core/gcc/12.1.0-fasrc01/lib64/libstdc++.so.6.0.30:
--1360-- Ignoring non-Dwarf2/3/4 block in .debug_info
--1360-- WARNING: Serious error when reading debug info
--1360-- When reading debug info from /n/sw/helmod/apps/centos7/Core/gcc/12.1.0-fasrc01/lib64/libstdc++.so.6.0.30:
--1360-- Ignoring non-Dwarf2/3/4 block in .debug_info
--1360-- WARNING: Serious error when reading debug info
--1360-- When reading debug info from /n/sw/helmod/apps/centos7/Core/gcc/12.1.0-fasrc01/lib64/libstdc++.so.6.0.30:
--1360-- Ignoring non-Dwarf2/3/4 block in .debug_info
--1360-- WARNING: Serious error when reading debug info
--1360-- When reading debug info from /n/sw/helmod/apps/centos7/Core/gcc/12.1.0-fasrc01/lib64/libstdc++.so.6.0.30:
--1360-- Ignoring non-Dwarf2/3/4 block in .debug_info
--1360-- WARNING: Serious error when reading debug info
--1360-- When reading debug info from /n/sw/helmod/apps/centos7/Core/gcc/12.1.0-fasrc01/lib64/libstdc++.so.6.0.30:
--1360-- Ignoring non-Dwarf2/3/4 block in .debug_info
--1360-- WARNING: Serious error when reading debug info
--1360-- When reading debug info from /n/sw/helmod/apps/centos7/Core/gcc/12.1.0-fasrc01/lib64/libstdc++.so.6.0.30:
--1360-- Ignoring non-Dwarf2/3/4 block in .debug_info
--1360-- WARNING: Serious error when reading debug info
--1360-- When reading debug info from /n/sw/helmod/apps/centos7/Core/gcc/12.1.0-fasrc01/lib64/libstdc++.so.6.0.30:
--1360-- Ignoring non-Dwarf2/3/4 block in .debug_info
--1360-- WARNING: Serious error when reading debug info
--1360-- When reading debug info from /n/sw/helmod/apps/centos7/Core/gcc/12.1.0-fasrc01/lib64/libstdc++.so.6.0.30:
--1360-- Ignoring non-Dwarf2/3/4 block in .debug_info
--1360-- WARNING: Serious error when reading debug info
--1360-- When reading debug info from /n/sw/helmod/apps/centos7/Core/gcc/12.1.0-fasrc01/lib64/libstdc++.so.6.0.30:
--1360-- Ignoring non-Dwarf2/3/4 block in .debug_info
--1360-- WARNING: Serious error when reading debug info
--1360-- When reading debug info from /n/sw/helmod/apps/centos7/Core/gcc/12.1.0-fasrc01/lib64/libstdc++.so.6.0.30:
--1360-- Ignoring non-Dwarf2/3/4 block in .debug_info
--1360-- WARNING: Serious error when reading debug info
--1360-- When reading debug info from /n/sw/helmod/apps/centos7/Core/gcc/12.1.0-fasrc01/lib64/libstdc++.so.6.0.30:
--1360-- Ignoring non-Dwarf2/3/4 block in .debug_info
--1360-- WARNING: Serious error when reading debug info
--1360-- When reading debug info from /n/sw/helmod/apps/centos7/Core/gcc/12.1.0-fasrc01/lib64/libstdc++.so.6.0.30:
--1360-- Ignoring non-Dwarf2/3/4 block in .debug_info
--1360-- WARNING: Serious error when reading debug info
--1360-- When reading debug info from /n/sw/helmod/apps/centos7/Core/gcc/12.1.0-fasrc01/lib64/libstdc++.so.6.0.30:
--1360-- Ignoring non-Dwarf2/3/4 block in .debug_info
--1360-- WARNING: Serious error when reading debug info
--1360-- When reading debug info from /n/sw/helmod/apps/centos7/Core/gcc/12.1.0-fasrc01/lib64/libstdc++.so.6.0.30:
--1360-- Ignoring non-Dwarf2/3/4 block in .debug_info
--1360-- WARNING: Serious error when reading debug info
--1360-- When reading debug info from /n/sw/helmod/apps/centos7/Core/gcc/12.1.0-fasrc01/lib64/libstdc++.so.6.0.30:
--1360-- Ignoring non-Dwarf2/3/4 block in .debug_info
--1360-- WARNING: Serious error when reading debug info
--1360-- When reading debug info from /n/sw/helmod/apps/centos7/Core/gcc/12.1.0-fasrc01/lib64/libstdc++.so.6.0.30:
--1360-- Ignoring non-Dwarf2/3/4 block in .debug_info
--1360-- WARNING: Serious error when reading debug info
--1360-- When reading debug info from /n/sw/helmod/apps/centos7/Core/gcc/12.1.0-fasrc01/lib64/libstdc++.so.6.0.30:
--1360-- Ignoring non-Dwarf2/3/4 block in .debug_info
--1360-- WARNING: Serious error when reading debug info
--1360-- When reading debug info from /n/sw/helmod/apps/centos7/Core/gcc/12.1.0-fasrc01/lib64/libstdc++.so.6.0.30:
--1360-- Ignoring non-Dwarf2/3/4 block in .debug_info
--1360-- WARNING: Serious error when reading debug info
--1360-- When reading debug info from /n/sw/helmod/apps/centos7/Core/gcc/12.1.0-fasrc01/lib64/libstdc++.so.6.0.30:
--1360-- Ignoring non-Dwarf2/3/4 block in .debug_info
--1360-- WARNING: Serious error when reading debug info
--1360-- When reading debug info from /n/sw/helmod/apps/centos7/Core/gcc/12.1.0-fasrc01/lib64/libstdc++.so.6.0.30:
--1360-- Ignoring non-Dwarf2/3/4 block in .debug_info
--1360-- WARNING: Serious error when reading debug info
--1360-- When reading debug info from /n/sw/helmod/apps/centos7/Core/gcc/12.1.0-fasrc01/lib64/libstdc++.so.6.0.30:
--1360-- Ignoring non-Dwarf2/3/4 block in .debug_info
--1360-- WARNING: Serious error when reading debug info
--1360-- When reading debug info from /n/sw/helmod/apps/centos7/Core/gcc/12.1.0-fasrc01/lib64/libstdc++.so.6.0.30:
--1360-- Ignoring non-Dwarf2/3/4 block in .debug_info
--1360-- WARNING: Serious error when reading debug info
--1360-- When reading debug info from /n/sw/helmod/apps/centos7/Core/gcc/12.1.0-fasrc01/lib64/libstdc++.so.6.0.30:
--1360-- Ignoring non-Dwarf2/3/4 block in .debug_info
--1360-- WARNING: Serious error when reading debug info
--1360-- When reading debug info from /n/sw/helmod/apps/centos7/Core/gcc/12.1.0-fasrc01/lib64/libstdc++.so.6.0.30:
--1360-- Ignoring non-Dwarf2/3/4 block in .debug_info
--1360-- WARNING: Serious error when reading debug info
--1360-- When reading debug info from /n/sw/helmod/apps/centos7/Core/gcc/12.1.0-fasrc01/lib64/libstdc++.so.6.0.30:
--1360-- Ignoring non-Dwarf2/3/4 block in .debug_info
--1360-- WARNING: Serious error when reading debug info
--1360-- When reading debug info from /n/sw/helmod/apps/centos7/Core/gcc/12.1.0-fasrc01/lib64/libstdc++.so.6.0.30:
--1360-- Ignoring non-Dwarf2/3/4 block in .debug_info
--1360-- WARNING: Serious error when reading debug info
--1360-- When reading debug info from /n/sw/helmod/apps/centos7/Core/gcc/12.1.0-fasrc01/lib64/libstdc++.so.6.0.30:
--1360-- Ignoring non-Dwarf2/3/4 block in .debug_info
--1360-- WARNING: Serious error when reading debug info
--1360-- When reading debug info from /n/sw/helmod/apps/centos7/Core/gcc/12.1.0-fasrc01/lib64/libstdc++.so.6.0.30:
--1360-- Ignoring non-Dwarf2/3/4 block in .debug_info
--1360-- WARNING: Serious error when reading debug info
--1360-- When reading debug info from /n/sw/helmod/apps/centos7/Core/gcc/12.1.0-fasrc01/lib64/libstdc++.so.6.0.30:
--1360-- Ignoring non-Dwarf2/3/4 block in .debug_info
--1360-- WARNING: Serious error when reading debug info
--1360-- When reading debug info from /n/sw/helmod/apps/centos7/Core/gcc/12.1.0-fasrc01/lib64/libstdc++.so.6.0.30:
--1360-- Ignoring non-Dwarf2/3/4 block in .debug_info
--1360-- WARNING: Serious error when reading debug info
--1360-- When reading debug info from /n/sw/helmod/apps/centos7/Core/gcc/12.1.0-fasrc01/lib64/libstdc++.so.6.0.30:
--1360-- Ignoring non-Dwarf2/3/4 block in .debug_info
--1360-- WARNING: Serious error when reading debug info
--1360-- When reading debug info from /n/sw/helmod/apps/centos7/Core/gcc/12.1.0-fasrc01/lib64/libstdc++.so.6.0.30:
--1360-- Ignoring non-Dwarf2/3/4 block in .debug_info
--1360-- WARNING: Serious error when reading debug info
--1360-- When reading debug info from /n/sw/helmod/apps/centos7/Core/gcc/12.1.0-fasrc01/lib64/libstdc++.so.6.0.30:
--1360-- Ignoring non-Dwarf2/3/4 block in .debug_info
--1360-- WARNING: Serious error when reading debug info
--1360-- When reading debug info from /n/sw/helmod/apps/centos7/Core/gcc/12.1.0-fasrc01/lib64/libstdc++.so.6.0.30:
--1360-- Ignoring non-Dwarf2/3/4 block in .debug_info
--1360-- WARNING: Serious error when reading debug info
--1360-- When reading debug info from /n/sw/helmod/apps/centos7/Core/gcc/12.1.0-fasrc01/lib64/libstdc++.so.6.0.30:
--1360-- Ignoring non-Dwarf2/3/4 block in .debug_info
--1360-- WARNING: Serious error when reading debug info
--1360-- When reading debug info from /n/sw/helmod/apps/centos7/Core/gcc/12.1.0-fasrc01/lib64/libstdc++.so.6.0.30:
--1360-- Ignoring non-Dwarf2/3/4 block in .debug_info
--1360-- WARNING: Serious error when reading debug info
--1360-- When reading debug info from /n/sw/helmod/apps/centos7/Core/gcc/12.1.0-fasrc01/lib64/libstdc++.so.6.0.30:
--1360-- Ignoring non-Dwarf2/3/4 block in .debug_info
--1360-- WARNING: Serious error when reading debug info
--1360-- When reading debug info from /n/sw/helmod/apps/centos7/Core/gcc/12.1.0-fasrc01/lib64/libstdc++.so.6.0.30:
--1360-- Ignoring non-Dwarf2/3/4 block in .debug_info
--1360-- WARNING: Serious error when reading debug info
--1360-- When reading debug info from /n/sw/helmod/apps/centos7/Core/gcc/12.1.0-fasrc01/lib64/libstdc++.so.6.0.30:
--1360-- Ignoring non-Dwarf2/3/4 block in .debug_info
--1360-- WARNING: Serious error when reading debug info
--1360-- When reading debug info from /n/sw/helmod/apps/centos7/Core/gcc/12.1.0-fasrc01/lib64/libstdc++.so.6.0.30:
--1360-- Ignoring non-Dwarf2/3/4 block in .debug_info
--1360-- WARNING: Serious error when reading debug info
--1360-- When reading debug info from /n/sw/helmod/apps/centos7/Core/gcc/12.1.0-fasrc01/lib64/libstdc++.so.6.0.30:
--1360-- Ignoring non-Dwarf2/3/4 block in .debug_info
--1360-- WARNING: Serious error when reading debug info
--1360-- When reading debug info from /n/sw/helmod/apps/centos7/Core/gcc/12.1.0-fasrc01/lib64/libstdc++.so.6.0.30:
--1360-- Ignoring non-Dwarf2/3/4 block in .debug_info
--1360-- WARNING: Serious error when reading debug info
--1360-- When reading debug info from /n/sw/helmod/apps/centos7/Core/gcc/12.1.0-fasrc01/lib64/libstdc++.so.6.0.30:
--1360-- Ignoring non-Dwarf2/3/4 block in .debug_info
--1360-- WARNING: Serious error when reading debug info
--1360-- When reading debug info from /n/sw/helmod/apps/centos7/Core/gcc/12.1.0-fasrc01/lib64/libstdc++.so.6.0.30:
--1360-- Ignoring non-Dwarf2/3/4 block in .debug_info
--1360-- WARNING: Serious error when reading debug info
--1360-- When reading debug info from /n/sw/helmod/apps/centos7/Core/gcc/12.1.0-fasrc01/lib64/libstdc++.so.6.0.30:
--1360-- Ignoring non-Dwarf2/3/4 block in .debug_info
--1360-- WARNING: Serious error when reading debug info
--1360-- When reading debug info from /n/sw/helmod/apps/centos7/Core/gcc/12.1.0-fasrc01/lib64/libstdc++.so.6.0.30:
--1360-- Ignoring non-Dwarf2/3/4 block in .debug_info
--1360-- WARNING: Serious error when reading debug info
--1360-- When reading debug info from /n/sw/helmod/apps/centos7/Core/gcc/12.1.0-fasrc01/lib64/libstdc++.so.6.0.30:
--1360-- Ignoring non-Dwarf2/3/4 block in .debug_info
--1360-- WARNING: Serious error when reading debug info
--1360-- When reading debug info from /n/sw/helmod/apps/centos7/Core/gcc/12.1.0-fasrc01/lib64/libstdc++.so.6.0.30:
--1360-- Ignoring non-Dwarf2/3/4 block in .debug_info
--1360-- WARNING: Serious error when reading debug info
--1360-- When reading debug info from /n/sw/helmod/apps/centos7/Core/gcc/12.1.0-fasrc01/lib64/libstdc++.so.6.0.30:
--1360-- Ignoring non-Dwarf2/3/4 block in .debug_info
--1360-- WARNING: Serious error when reading debug info
--1360-- When reading debug info from /n/sw/helmod/apps/centos7/Core/gcc/12.1.0-fasrc01/lib64/libstdc++.so.6.0.30:
--1360-- Ignoring non-Dwarf2/3/4 block in .debug_info
--1360-- WARNING: Serious error when reading debug info
--1360-- When reading debug info from /n/sw/helmod/apps/centos7/Core/gcc/12.1.0-fasrc01/lib64/libstdc++.so.6.0.30:
--1360-- Ignoring non-Dwarf2/3/4 block in .debug_info
--1360-- WARNING: Serious error when reading debug info
--1360-- When reading debug info from /n/sw/helmod/apps/centos7/Core/gcc/12.1.0-fasrc01/lib64/libstdc++.so.6.0.30:
--1360-- Ignoring non-Dwarf2/3/4 block in .debug_info
--1360-- WARNING: Serious error when reading debug info
--1360-- When reading debug info from /n/sw/helmod/apps/centos7/Core/gcc/12.1.0-fasrc01/lib64/libstdc++.so.6.0.30:
--1360-- Ignoring non-Dwarf2/3/4 block in .debug_info
--1360-- WARNING: Serious error when reading debug info
--1360-- When reading debug info from /n/sw/helmod/apps/centos7/Core/gcc/12.1.0-fasrc01/lib64/libstdc++.so.6.0.30:
--1360-- Ignoring non-Dwarf2/3/4 block in .debug_info
--1360-- WARNING: Serious error when reading debug info
--1360-- When reading debug info from /n/sw/helmod/apps/centos7/Core/gcc/12.1.0-fasrc01/lib64/libstdc++.so.6.0.30:
--1360-- Ignoring non-Dwarf2/3/4 block in .debug_info
--1360-- WARNING: Serious error when reading debug info
--1360-- When reading debug info from /n/sw/helmod/apps/centos7/Core/gcc/12.1.0-fasrc01/lib64/libstdc++.so.6.0.30:
--1360-- Ignoring non-Dwarf2/3/4 block in .debug_info
--1360-- WARNING: Serious error when reading debug info
--1360-- When reading debug info from /n/sw/helmod/apps/centos7/Core/gcc/12.1.0-fasrc01/lib64/libstdc++.so.6.0.30:
--1360-- Ignoring non-Dwarf2/3/4 block in .debug_info
--1360-- WARNING: Serious error when reading debug info
--1360-- When reading debug info from /n/sw/helmod/apps/centos7/Core/gcc/12.1.0-fasrc01/lib64/libstdc++.so.6.0.30:
--1360-- Ignoring non-Dwarf2/3/4 block in .debug_info
--1360-- WARNING: Serious error when reading debug info
--1360-- When reading debug info from /n/sw/helmod/apps/centos7/Core/gcc/12.1.0-fasrc01/lib64/libstdc++.so.6.0.30:
--1360-- Ignoring non-Dwarf2/3/4 block in .debug_info
--1360-- WARNING: Serious error when reading debug info
--1360-- When reading debug info from /n/sw/helmod/apps/centos7/Core/gcc/12.1.0-fasrc01/lib64/libstdc++.so.6.0.30:
--1360-- Ignoring non-Dwarf2/3/4 block in .debug_info
--1360-- WARNING: Serious error when reading debug info
--1360-- When reading debug info from /n/sw/helmod/apps/centos7/Core/gcc/12.1.0-fasrc01/lib64/libstdc++.so.6.0.30:
--1360-- Ignoring non-Dwarf2/3/4 block in .debug_info
--1360-- WARNING: Serious error when reading debug info
--1360-- When reading debug info from /n/sw/helmod/apps/centos7/Core/gcc/12.1.0-fasrc01/lib64/libstdc++.so.6.0.30:
--1360-- Ignoring non-Dwarf2/3/4 block in .debug_info
--1360-- WARNING: Serious error when reading debug info
--1360-- When reading debug info from /n/sw/helmod/apps/centos7/Core/gcc/12.1.0-fasrc01/lib64/libstdc++.so.6.0.30:
--1360-- Ignoring non-Dwarf2/3/4 block in .debug_info
--1360-- WARNING: Serious error when reading debug info
--1360-- When reading debug info from /n/sw/helmod/apps/centos7/Core/gcc/12.1.0-fasrc01/lib64/libstdc++.so.6.0.30:
--1360-- Ignoring non-Dwarf2/3/4 block in .debug_info
--1360-- WARNING: Serious error when reading debug info
--1360-- When reading debug info from /n/sw/helmod/apps/centos7/Core/gcc/12.1.0-fasrc01/lib64/libstdc++.so.6.0.30:
--1360-- Ignoring non-Dwarf2/3/4 block in .debug_info
--1360-- WARNING: Serious error when reading debug info
--1360-- When reading debug info from /n/sw/helmod/apps/centos7/Core/gcc/12.1.0-fasrc01/lib64/libstdc++.so.6.0.30:
--1360-- Ignoring non-Dwarf2/3/4 block in .debug_info
--1360-- WARNING: Serious error when reading debug info
--1360-- When reading debug info from /n/sw/helmod/apps/centos7/Core/gcc/12.1.0-fasrc01/lib64/libstdc++.so.6.0.30:
--1360-- Ignoring non-Dwarf2/3/4 block in .debug_info
--1360-- WARNING: Serious error when reading debug info
--1360-- When reading debug info from /n/sw/helmod/apps/centos7/Core/gcc/12.1.0-fasrc01/lib64/libstdc++.so.6.0.30:
--1360-- Ignoring non-Dwarf2/3/4 block in .debug_info
--1360-- WARNING: Serious error when reading debug info
--1360-- When reading debug info from /n/sw/helmod/apps/centos7/Core/gcc/12.1.0-fasrc01/lib64/libstdc++.so.6.0.30:
--1360-- Ignoring non-Dwarf2/3/4 block in .debug_info
--1360-- WARNING: Serious error when reading debug info
--1360-- When reading debug info from /n/sw/helmod/apps/centos7/Core/gcc/12.1.0-fasrc01/lib64/libstdc++.so.6.0.30:
--1360-- Ignoring non-Dwarf2/3/4 block in .debug_info
--1360-- WARNING: Serious error when reading debug info
--1360-- When reading debug info from /n/sw/helmod/apps/centos7/Core/gcc/12.1.0-fasrc01/lib64/libstdc++.so.6.0.30:
--1360-- Ignoring non-Dwarf2/3/4 block in .debug_info
--1360-- WARNING: Serious error when reading debug info
--1360-- When reading debug info from /n/sw/helmod/apps/centos7/Core/gcc/12.1.0-fasrc01/lib64/libstdc++.so.6.0.30:
--1360-- Ignoring non-Dwarf2/3/4 block in .debug_info
--1360-- WARNING: Serious error when reading debug info
--1360-- When reading debug info from /n/sw/helmod/apps/centos7/Core/gcc/12.1.0-fasrc01/lib64/libstdc++.so.6.0.30:
--1360-- parse_CU_Header: is neither DWARF2 nor DWARF3 nor DWARF4
--1360-- WARNING: Serious error when reading debug info
--1360-- When reading debug info from /n/sw/helmod/apps/centos7/Core/gcc/12.1.0-fasrc01/lib64/libgomp.so.1.0.0:
--1360-- Ignoring non-Dwarf2/3/4 block in .debug_info
--1360-- WARNING: Serious error when reading debug info
--1360-- When reading debug info from /n/sw/helmod/apps/centos7/Core/gcc/12.1.0-fasrc01/lib64/libgomp.so.1.0.0:
--1360-- Ignoring non-Dwarf2/3/4 block in .debug_info
--1360-- WARNING: Serious error when reading debug info
--1360-- When reading debug info from /n/sw/helmod/apps/centos7/Core/gcc/12.1.0-fasrc01/lib64/libgomp.so.1.0.0:
--1360-- Ignoring non-Dwarf2/3/4 block in .debug_info
--1360-- WARNING: Serious error when reading debug info
--1360-- When reading debug info from /n/sw/helmod/apps/centos7/Core/gcc/12.1.0-fasrc01/lib64/libgomp.so.1.0.0:
--1360-- Ignoring non-Dwarf2/3/4 block in .debug_info
--1360-- WARNING: Serious error when reading debug info
--1360-- When reading debug info from /n/sw/helmod/apps/centos7/Core/gcc/12.1.0-fasrc01/lib64/libgomp.so.1.0.0:
--1360-- Ignoring non-Dwarf2/3/4 block in .debug_info
--1360-- WARNING: Serious error when reading debug info
--1360-- When reading debug info from /n/sw/helmod/apps/centos7/Core/gcc/12.1.0-fasrc01/lib64/libgomp.so.1.0.0:
--1360-- Ignoring non-Dwarf2/3/4 block in .debug_info
--1360-- WARNING: Serious error when reading debug info
--1360-- When reading debug info from /n/sw/helmod/apps/centos7/Core/gcc/12.1.0-fasrc01/lib64/libgomp.so.1.0.0:
--1360-- Ignoring non-Dwarf2/3/4 block in .debug_info
--1360-- WARNING: Serious error when reading debug info
--1360-- When reading debug info from /n/sw/helmod/apps/centos7/Core/gcc/12.1.0-fasrc01/lib64/libgomp.so.1.0.0:
--1360-- Ignoring non-Dwarf2/3/4 block in .debug_info
--1360-- WARNING: Serious error when reading debug info
--1360-- When reading debug info from /n/sw/helmod/apps/centos7/Core/gcc/12.1.0-fasrc01/lib64/libgomp.so.1.0.0:
--1360-- Ignoring non-Dwarf2/3/4 block in .debug_info
--1360-- WARNING: Serious error when reading debug info
--1360-- When reading debug info from /n/sw/helmod/apps/centos7/Core/gcc/12.1.0-fasrc01/lib64/libgomp.so.1.0.0:
--1360-- Ignoring non-Dwarf2/3/4 block in .debug_info
--1360-- WARNING: Serious error when reading debug info
--1360-- When reading debug info from /n/sw/helmod/apps/centos7/Core/gcc/12.1.0-fasrc01/lib64/libgomp.so.1.0.0:
--1360-- Ignoring non-Dwarf2/3/4 block in .debug_info
--1360-- WARNING: Serious error when reading debug info
--1360-- When reading debug info from /n/sw/helmod/apps/centos7/Core/gcc/12.1.0-fasrc01/lib64/libgomp.so.1.0.0:
--1360-- Ignoring non-Dwarf2/3/4 block in .debug_info
--1360-- WARNING: Serious error when reading debug info
--1360-- When reading debug info from /n/sw/helmod/apps/centos7/Core/gcc/12.1.0-fasrc01/lib64/libgomp.so.1.0.0:
--1360-- Ignoring non-Dwarf2/3/4 block in .debug_info
--1360-- WARNING: Serious error when reading debug info
--1360-- When reading debug info from /n/sw/helmod/apps/centos7/Core/gcc/12.1.0-fasrc01/lib64/libgomp.so.1.0.0:
--1360-- Ignoring non-Dwarf2/3/4 block in .debug_info
--1360-- WARNING: Serious error when reading debug info
--1360-- When reading debug info from /n/sw/helmod/apps/centos7/Core/gcc/12.1.0-fasrc01/lib64/libgomp.so.1.0.0:
--1360-- Ignoring non-Dwarf2/3/4 block in .debug_info
--1360-- WARNING: Serious error when reading debug info
--1360-- When reading debug info from /n/sw/helmod/apps/centos7/Core/gcc/12.1.0-fasrc01/lib64/libgomp.so.1.0.0:
--1360-- Ignoring non-Dwarf2/3/4 block in .debug_info
--1360-- WARNING: Serious error when reading debug info
--1360-- When reading debug info from /n/sw/helmod/apps/centos7/Core/gcc/12.1.0-fasrc01/lib64/libgomp.so.1.0.0:
--1360-- Ignoring non-Dwarf2/3/4 block in .debug_info
--1360-- WARNING: Serious error when reading debug info
--1360-- When reading debug info from /n/sw/helmod/apps/centos7/Core/gcc/12.1.0-fasrc01/lib64/libgomp.so.1.0.0:
--1360-- Ignoring non-Dwarf2/3/4 block in .debug_info
--1360-- WARNING: Serious error when reading debug info
--1360-- When reading debug info from /n/sw/helmod/apps/centos7/Core/gcc/12.1.0-fasrc01/lib64/libgomp.so.1.0.0:
--1360-- Ignoring non-Dwarf2/3/4 block in .debug_info
--1360-- WARNING: Serious error when reading debug info
--1360-- When reading debug info from /n/sw/helmod/apps/centos7/Core/gcc/12.1.0-fasrc01/lib64/libgomp.so.1.0.0:
--1360-- Ignoring non-Dwarf2/3/4 block in .debug_info
--1360-- WARNING: Serious error when reading debug info
--1360-- When reading debug info from /n/sw/helmod/apps/centos7/Core/gcc/12.1.0-fasrc01/lib64/libgomp.so.1.0.0:
--1360-- Ignoring non-Dwarf2/3/4 block in .debug_info
--1360-- WARNING: Serious error when reading debug info
--1360-- When reading debug info from /n/sw/helmod/apps/centos7/Core/gcc/12.1.0-fasrc01/lib64/libgomp.so.1.0.0:
--1360-- Ignoring non-Dwarf2/3/4 block in .debug_info
--1360-- WARNING: Serious error when reading debug info
--1360-- When reading debug info from /n/sw/helmod/apps/centos7/Core/gcc/12.1.0-fasrc01/lib64/libgomp.so.1.0.0:
--1360-- Ignoring non-Dwarf2/3/4 block in .debug_info
--1360-- WARNING: Serious error when reading debug info
--1360-- When reading debug info from /n/sw/helmod/apps/centos7/Core/gcc/12.1.0-fasrc01/lib64/libgomp.so.1.0.0:
--1360-- Ignoring non-Dwarf2/3/4 block in .debug_info
--1360-- WARNING: Serious error when reading debug info
--1360-- When reading debug info from /n/sw/helmod/apps/centos7/Core/gcc/12.1.0-fasrc01/lib64/libgomp.so.1.0.0:
--1360-- Ignoring non-Dwarf2/3/4 block in .debug_info
--1360-- WARNING: Serious error when reading debug info
--1360-- When reading debug info from /n/sw/helmod/apps/centos7/Core/gcc/12.1.0-fasrc01/lib64/libgomp.so.1.0.0:
--1360-- Ignoring non-Dwarf2/3/4 block in .debug_info
--1360-- WARNING: Serious error when reading debug info
--1360-- When reading debug info from /n/sw/helmod/apps/centos7/Core/gcc/12.1.0-fasrc01/lib64/libgomp.so.1.0.0:
--1360-- Ignoring non-Dwarf2/3/4 block in .debug_info
--1360-- WARNING: Serious error when reading debug info
--1360-- When reading debug info from /n/sw/helmod/apps/centos7/Core/gcc/12.1.0-fasrc01/lib64/libgomp.so.1.0.0:
--1360-- Ignoring non-Dwarf2/3/4 block in .debug_info
--1360-- WARNING: Serious error when reading debug info
--1360-- When reading debug info from /n/sw/helmod/apps/centos7/Core/gcc/12.1.0-fasrc01/lib64/libgomp.so.1.0.0:
--1360-- Ignoring non-Dwarf2/3/4 block in .debug_info
--1360-- WARNING: Serious error when reading debug info
--1360-- When reading debug info from /n/sw/helmod/apps/centos7/Core/gcc/12.1.0-fasrc01/lib64/libgomp.so.1.0.0:
--1360-- Ignoring non-Dwarf2/3/4 block in .debug_info
--1360-- WARNING: Serious error when reading debug info
--1360-- When reading debug info from /n/sw/helmod/apps/centos7/Core/gcc/12.1.0-fasrc01/lib64/libgomp.so.1.0.0:
--1360-- Ignoring non-Dwarf2/3/4 block in .debug_info
--1360-- WARNING: Serious error when reading debug info
--1360-- When reading debug info from /n/sw/helmod/apps/centos7/Core/gcc/12.1.0-fasrc01/lib64/libgomp.so.1.0.0:
--1360-- Ignoring non-Dwarf2/3/4 block in .debug_info
--1360-- WARNING: Serious error when reading debug info
--1360-- When reading debug info from /n/sw/helmod/apps/centos7/Core/gcc/12.1.0-fasrc01/lib64/libgomp.so.1.0.0:
--1360-- Ignoring non-Dwarf2/3/4 block in .debug_info
--1360-- WARNING: Serious error when reading debug info
--1360-- When reading debug info from /n/sw/helmod/apps/centos7/Core/gcc/12.1.0-fasrc01/lib64/libgomp.so.1.0.0:
--1360-- Ignoring non-Dwarf2/3/4 block in .debug_info
--1360-- WARNING: Serious error when reading debug info
--1360-- When reading debug info from /n/sw/helmod/apps/centos7/Core/gcc/12.1.0-fasrc01/lib64/libgomp.so.1.0.0:
--1360-- Ignoring non-Dwarf2/3/4 block in .debug_info
--1360-- WARNING: Serious error when reading debug info
--1360-- When reading debug info from /n/sw/helmod/apps/centos7/Core/gcc/12.1.0-fasrc01/lib64/libgomp.so.1.0.0:
--1360-- Ignoring non-Dwarf2/3/4 block in .debug_info
--1360-- WARNING: Serious error when reading debug info
--1360-- When reading debug info from /n/sw/helmod/apps/centos7/Core/gcc/12.1.0-fasrc01/lib64/libgomp.so.1.0.0:
--1360-- Ignoring non-Dwarf2/3/4 block in .debug_info
--1360-- WARNING: Serious error when reading debug info
--1360-- When reading debug info from /n/sw/helmod/apps/centos7/Core/gcc/12.1.0-fasrc01/lib64/libgomp.so.1.0.0:
--1360-- Ignoring non-Dwarf2/3/4 block in .debug_info
--1360-- WARNING: Serious error when reading debug info
--1360-- When reading debug info from /n/sw/helmod/apps/centos7/Core/gcc/12.1.0-fasrc01/lib64/libgomp.so.1.0.0:
--1360-- Ignoring non-Dwarf2/3/4 block in .debug_info
--1360-- WARNING: Serious error when reading debug info
--1360-- When reading debug info from /n/sw/helmod/apps/centos7/Core/gcc/12.1.0-fasrc01/lib64/libgomp.so.1.0.0:
--1360-- Ignoring non-Dwarf2/3/4 block in .debug_info
--1360-- WARNING: Serious error when reading debug info
--1360-- When reading debug info from /n/sw/helmod/apps/centos7/Core/gcc/12.1.0-fasrc01/lib64/libgomp.so.1.0.0:
--1360-- Ignoring non-Dwarf2/3/4 block in .debug_info
--1360-- WARNING: Serious error when reading debug info
--1360-- When reading debug info from /n/sw/helmod/apps/centos7/Core/gcc/12.1.0-fasrc01/lib64/libgomp.so.1.0.0:
--1360-- Ignoring non-Dwarf2/3/4 block in .debug_info
--1360-- WARNING: Serious error when reading debug info
--1360-- When reading debug info from /n/sw/helmod/apps/centos7/Core/gcc/12.1.0-fasrc01/lib64/libgomp.so.1.0.0:
--1360-- Ignoring non-Dwarf2/3/4 block in .debug_info
--1360-- WARNING: Serious error when reading debug info
--1360-- When reading debug info from /n/sw/helmod/apps/centos7/Core/gcc/12.1.0-fasrc01/lib64/libgomp.so.1.0.0:
--1360-- Ignoring non-Dwarf2/3/4 block in .debug_info
--1360-- WARNING: Serious error when reading debug info
--1360-- When reading debug info from /n/sw/helmod/apps/centos7/Core/gcc/12.1.0-fasrc01/lib64/libgomp.so.1.0.0:
--1360-- parse_CU_Header: is neither DWARF2 nor DWARF3 nor DWARF4
--1360-- WARNING: Serious error when reading debug info
--1360-- When reading debug info from /n/sw/helmod/apps/centos7/Core/gcc/12.1.0-fasrc01/lib64/libgcc_s.so.1:
--1360-- Ignoring non-Dwarf2/3/4 block in .debug_info
--1360-- WARNING: Serious error when reading debug info
--1360-- When reading debug info from /n/sw/helmod/apps/centos7/Core/gcc/12.1.0-fasrc01/lib64/libgcc_s.so.1:
--1360-- Ignoring non-Dwarf2/3/4 block in .debug_info
--1360-- WARNING: Serious error when reading debug info
--1360-- When reading debug info from /n/sw/helmod/apps/centos7/Core/gcc/12.1.0-fasrc01/lib64/libgcc_s.so.1:
--1360-- Ignoring non-Dwarf2/3/4 block in .debug_info
--1360-- WARNING: Serious error when reading debug info
--1360-- When reading debug info from /n/sw/helmod/apps/centos7/Core/gcc/12.1.0-fasrc01/lib64/libgcc_s.so.1:
--1360-- Ignoring non-Dwarf2/3/4 block in .debug_info
--1360-- WARNING: Serious error when reading debug info
--1360-- When reading debug info from /n/sw/helmod/apps/centos7/Core/gcc/12.1.0-fasrc01/lib64/libgcc_s.so.1:
--1360-- Ignoring non-Dwarf2/3/4 block in .debug_info
--1360-- WARNING: Serious error when reading debug info
--1360-- When reading debug info from /n/sw/helmod/apps/centos7/Core/gcc/12.1.0-fasrc01/lib64/libgcc_s.so.1:
--1360-- Ignoring non-Dwarf2/3/4 block in .debug_info
--1360-- WARNING: Serious error when reading debug info
--1360-- When reading debug info from /n/sw/helmod/apps/centos7/Core/gcc/12.1.0-fasrc01/lib64/libgcc_s.so.1:
--1360-- Ignoring non-Dwarf2/3/4 block in .debug_info
--1360-- WARNING: Serious error when reading debug info
--1360-- When reading debug info from /n/sw/helmod/apps/centos7/Core/gcc/12.1.0-fasrc01/lib64/libgcc_s.so.1:
--1360-- Ignoring non-Dwarf2/3/4 block in .debug_info
--1360-- WARNING: Serious error when reading debug info
--1360-- When reading debug info from /n/sw/helmod/apps/centos7/Core/gcc/12.1.0-fasrc01/lib64/libgcc_s.so.1:
--1360-- Ignoring non-Dwarf2/3/4 block in .debug_info
--1360-- WARNING: Serious error when reading debug info
--1360-- When reading debug info from /n/sw/helmod/apps/centos7/Core/gcc/12.1.0-fasrc01/lib64/libgcc_s.so.1:
--1360-- Ignoring non-Dwarf2/3/4 block in .debug_info
--1360-- WARNING: Serious error when reading debug info
--1360-- When reading debug info from /n/sw/helmod/apps/centos7/Core/gcc/12.1.0-fasrc01/lib64/libgcc_s.so.1:
--1360-- Ignoring non-Dwarf2/3/4 block in .debug_info
--1360-- WARNING: Serious error when reading debug info
--1360-- When reading debug info from /n/sw/helmod/apps/centos7/Core/gcc/12.1.0-fasrc01/lib64/libgcc_s.so.1:
--1360-- Ignoring non-Dwarf2/3/4 block in .debug_info
--1360-- WARNING: Serious error when reading debug info
--1360-- When reading debug info from /n/sw/helmod/apps/centos7/Core/gcc/12.1.0-fasrc01/lib64/libgcc_s.so.1:
--1360-- Ignoring non-Dwarf2/3/4 block in .debug_info
--1360-- WARNING: Serious error when reading debug info
--1360-- When reading debug info from /n/sw/helmod/apps/centos7/Core/gcc/12.1.0-fasrc01/lib64/libgcc_s.so.1:
--1360-- Ignoring non-Dwarf2/3/4 block in .debug_info
--1360-- WARNING: Serious error when reading debug info
--1360-- When reading debug info from /n/sw/helmod/apps/centos7/Core/gcc/12.1.0-fasrc01/lib64/libgcc_s.so.1:
--1360-- Ignoring non-Dwarf2/3/4 block in .debug_info
--1360-- WARNING: Serious error when reading debug info
--1360-- When reading debug info from /n/sw/helmod/apps/centos7/Core/gcc/12.1.0-fasrc01/lib64/libgcc_s.so.1:
--1360-- Ignoring non-Dwarf2/3/4 block in .debug_info
--1360-- WARNING: Serious error when reading debug info
--1360-- When reading debug info from /n/sw/helmod/apps/centos7/Core/gcc/12.1.0-fasrc01/lib64/libgcc_s.so.1:
--1360-- Ignoring non-Dwarf2/3/4 block in .debug_info
--1360-- WARNING: Serious error when reading debug info
--1360-- When reading debug info from /n/sw/helmod/apps/centos7/Core/gcc/12.1.0-fasrc01/lib64/libgcc_s.so.1:
--1360-- Ignoring non-Dwarf2/3/4 block in .debug_info
--1360-- WARNING: Serious error when reading debug info
--1360-- When reading debug info from /n/sw/helmod/apps/centos7/Core/gcc/12.1.0-fasrc01/lib64/libgcc_s.so.1:
--1360-- Ignoring non-Dwarf2/3/4 block in .debug_info
--1360-- WARNING: Serious error when reading debug info
--1360-- When reading debug info from /n/sw/helmod/apps/centos7/Core/gcc/12.1.0-fasrc01/lib64/libgcc_s.so.1:
--1360-- Ignoring non-Dwarf2/3/4 block in .debug_info
--1360-- WARNING: Serious error when reading debug info
--1360-- When reading debug info from /n/sw/helmod/apps/centos7/Core/gcc/12.1.0-fasrc01/lib64/libgcc_s.so.1:
--1360-- Ignoring non-Dwarf2/3/4 block in .debug_info
--1360-- WARNING: Serious error when reading debug info
--1360-- When reading debug info from /n/sw/helmod/apps/centos7/Core/gcc/12.1.0-fasrc01/lib64/libgcc_s.so.1:
--1360-- Ignoring non-Dwarf2/3/4 block in .debug_info
--1360-- WARNING: Serious error when reading debug info
--1360-- When reading debug info from /n/sw/helmod/apps/centos7/Core/gcc/12.1.0-fasrc01/lib64/libgcc_s.so.1:
--1360-- Ignoring non-Dwarf2/3/4 block in .debug_info
--1360-- WARNING: Serious error when reading debug info
--1360-- When reading debug info from /n/sw/helmod/apps/centos7/Core/gcc/12.1.0-fasrc01/lib64/libgcc_s.so.1:
--1360-- Ignoring non-Dwarf2/3/4 block in .debug_info
--1360-- WARNING: Serious error when reading debug info
--1360-- When reading debug info from /n/sw/helmod/apps/centos7/Core/gcc/12.1.0-fasrc01/lib64/libgcc_s.so.1:
--1360-- Ignoring non-Dwarf2/3/4 block in .debug_info
--1360-- WARNING: Serious error when reading debug info
--1360-- When reading debug info from /n/sw/helmod/apps/centos7/Core/gcc/12.1.0-fasrc01/lib64/libgcc_s.so.1:
--1360-- Ignoring non-Dwarf2/3/4 block in .debug_info
--1360-- WARNING: Serious error when reading debug info
--1360-- When reading debug info from /n/sw/helmod/apps/centos7/Core/gcc/12.1.0-fasrc01/lib64/libgcc_s.so.1:
--1360-- Ignoring non-Dwarf2/3/4 block in .debug_info
--1360-- WARNING: Serious error when reading debug info
--1360-- When reading debug info from /n/sw/helmod/apps/centos7/Core/gcc/12.1.0-fasrc01/lib64/libgcc_s.so.1:
--1360-- Ignoring non-Dwarf2/3/4 block in .debug_info
--1360-- WARNING: Serious error when reading debug info
--1360-- When reading debug info from /n/sw/helmod/apps/centos7/Core/gcc/12.1.0-fasrc01/lib64/libgcc_s.so.1:
--1360-- Ignoring non-Dwarf2/3/4 block in .debug_info
--1360-- WARNING: Serious error when reading debug info
--1360-- When reading debug info from /n/sw/helmod/apps/centos7/Core/gcc/12.1.0-fasrc01/lib64/libgcc_s.so.1:
--1360-- Ignoring non-Dwarf2/3/4 block in .debug_info
--1360-- WARNING: Serious error when reading debug info
--1360-- When reading debug info from /n/sw/helmod/apps/centos7/Core/gcc/12.1.0-fasrc01/lib64/libgcc_s.so.1:
--1360-- Ignoring non-Dwarf2/3/4 block in .debug_info
--1360-- WARNING: Serious error when reading debug info
--1360-- When reading debug info from /n/sw/helmod/apps/centos7/Core/gcc/12.1.0-fasrc01/lib64/libgcc_s.so.1:
--1360-- Ignoring non-Dwarf2/3/4 block in .debug_info
--1360-- WARNING: Serious error when reading debug info
--1360-- When reading debug info from /n/sw/helmod/apps/centos7/Core/gcc/12.1.0-fasrc01/lib64/libgcc_s.so.1:
--1360-- Ignoring non-Dwarf2/3/4 block in .debug_info
--1360-- WARNING: Serious error when reading debug info
--1360-- When reading debug info from /n/sw/helmod/apps/centos7/Core/gcc/12.1.0-fasrc01/lib64/libgcc_s.so.1:
--1360-- Ignoring non-Dwarf2/3/4 block in .debug_info
--1360-- WARNING: Serious error when reading debug info
--1360-- When reading debug info from /n/sw/helmod/apps/centos7/Core/gcc/12.1.0-fasrc01/lib64/libgcc_s.so.1:
--1360-- Ignoring non-Dwarf2/3/4 block in .debug_info
--1360-- WARNING: Serious error when reading debug info
--1360-- When reading debug info from /n/sw/helmod/apps/centos7/Core/gcc/12.1.0-fasrc01/lib64/libgcc_s.so.1:
--1360-- Ignoring non-Dwarf2/3/4 block in .debug_info
--1360-- WARNING: Serious error when reading debug info
--1360-- When reading debug info from /n/sw/helmod/apps/centos7/Core/gcc/12.1.0-fasrc01/lib64/libgcc_s.so.1:
--1360-- Ignoring non-Dwarf2/3/4 block in .debug_info
--1360-- WARNING: Serious error when reading debug info
--1360-- When reading debug info from /n/sw/helmod/apps/centos7/Core/gcc/12.1.0-fasrc01/lib64/libgcc_s.so.1:
--1360-- Ignoring non-Dwarf2/3/4 block in .debug_info
--1360-- WARNING: Serious error when reading debug info
--1360-- When reading debug info from /n/sw/helmod/apps/centos7/Core/gcc/12.1.0-fasrc01/lib64/libgcc_s.so.1:
--1360-- Ignoring non-Dwarf2/3/4 block in .debug_info
--1360-- WARNING: Serious error when reading debug info
--1360-- When reading debug info from /n/sw/helmod/apps/centos7/Core/gcc/12.1.0-fasrc01/lib64/libgcc_s.so.1:
--1360-- Ignoring non-Dwarf2/3/4 block in .debug_info
--1360-- WARNING: Serious error when reading debug info
--1360-- When reading debug info from /n/sw/helmod/apps/centos7/Core/gcc/12.1.0-fasrc01/lib64/libgcc_s.so.1:
--1360-- Ignoring non-Dwarf2/3/4 block in .debug_info
--1360-- WARNING: Serious error when reading debug info
--1360-- When reading debug info from /n/sw/helmod/apps/centos7/Core/gcc/12.1.0-fasrc01/lib64/libgcc_s.so.1:
--1360-- Ignoring non-Dwarf2/3/4 block in .debug_info
--1360-- WARNING: Serious error when reading debug info
--1360-- When reading debug info from /n/sw/helmod/apps/centos7/Core/gcc/12.1.0-fasrc01/lib64/libgcc_s.so.1:
--1360-- Ignoring non-Dwarf2/3/4 block in .debug_info
--1360-- WARNING: Serious error when reading debug info
--1360-- When reading debug info from /n/sw/helmod/apps/centos7/Core/gcc/12.1.0-fasrc01/lib64/libgcc_s.so.1:
--1360-- Ignoring non-Dwarf2/3/4 block in .debug_info
--1360-- WARNING: Serious error when reading debug info
--1360-- When reading debug info from /n/sw/helmod/apps/centos7/Core/gcc/12.1.0-fasrc01/lib64/libgcc_s.so.1:
--1360-- Ignoring non-Dwarf2/3/4 block in .debug_info
--1360-- WARNING: Serious error when reading debug info
--1360-- When reading debug info from /n/sw/helmod/apps/centos7/Core/gcc/12.1.0-fasrc01/lib64/libgcc_s.so.1:
--1360-- Ignoring non-Dwarf2/3/4 block in .debug_info
--1360-- WARNING: Serious error when reading debug info
--1360-- When reading debug info from /n/sw/helmod/apps/centos7/Core/gcc/12.1.0-fasrc01/lib64/libgcc_s.so.1:
--1360-- Ignoring non-Dwarf2/3/4 block in .debug_info
--1360-- WARNING: Serious error when reading debug info
--1360-- When reading debug info from /n/sw/helmod/apps/centos7/Core/gcc/12.1.0-fasrc01/lib64/libgcc_s.so.1:
--1360-- Ignoring non-Dwarf2/3/4 block in .debug_info
--1360-- WARNING: Serious error when reading debug info
--1360-- When reading debug info from /n/sw/helmod/apps/centos7/Core/gcc/12.1.0-fasrc01/lib64/libgcc_s.so.1:
--1360-- Ignoring non-Dwarf2/3/4 block in .debug_info
--1360-- WARNING: Serious error when reading debug info
--1360-- When reading debug info from /n/sw/helmod/apps/centos7/Core/gcc/12.1.0-fasrc01/lib64/libgcc_s.so.1:
--1360-- Ignoring non-Dwarf2/3/4 block in .debug_info
--1360-- WARNING: Serious error when reading debug info
--1360-- When reading debug info from /n/sw/helmod/apps/centos7/Core/gcc/12.1.0-fasrc01/lib64/libgcc_s.so.1:
--1360-- Ignoring non-Dwarf2/3/4 block in .debug_info
--1360-- WARNING: Serious error when reading debug info
--1360-- When reading debug info from /n/sw/helmod/apps/centos7/Core/gcc/12.1.0-fasrc01/lib64/libgcc_s.so.1:
--1360-- Ignoring non-Dwarf2/3/4 block in .debug_info
--1360-- WARNING: Serious error when reading debug info
--1360-- When reading debug info from /n/sw/helmod/apps/centos7/Core/gcc/12.1.0-fasrc01/lib64/libgcc_s.so.1:
--1360-- Ignoring non-Dwarf2/3/4 block in .debug_info
--1360-- WARNING: Serious error when reading debug info
--1360-- When reading debug info from /n/sw/helmod/apps/centos7/Core/gcc/12.1.0-fasrc01/lib64/libgcc_s.so.1:
--1360-- Ignoring non-Dwarf2/3/4 block in .debug_info
--1360-- WARNING: Serious error when reading debug info
--1360-- When reading debug info from /n/sw/helmod/apps/centos7/Core/gcc/12.1.0-fasrc01/lib64/libgcc_s.so.1:
--1360-- Ignoring non-Dwarf2/3/4 block in .debug_info
--1360-- WARNING: Serious error when reading debug info
--1360-- When reading debug info from /n/sw/helmod/apps/centos7/Core/gcc/12.1.0-fasrc01/lib64/libgcc_s.so.1:
--1360-- Ignoring non-Dwarf2/3/4 block in .debug_info
--1360-- WARNING: Serious error when reading debug info
--1360-- When reading debug info from /n/sw/helmod/apps/centos7/Core/gcc/12.1.0-fasrc01/lib64/libgcc_s.so.1:
--1360-- Ignoring non-Dwarf2/3/4 block in .debug_info
--1360-- WARNING: Serious error when reading debug info
--1360-- When reading debug info from /n/sw/helmod/apps/centos7/Core/gcc/12.1.0-fasrc01/lib64/libgcc_s.so.1:
--1360-- Ignoring non-Dwarf2/3/4 block in .debug_info
--1360-- WARNING: Serious error when reading debug info
--1360-- When reading debug info from /n/sw/helmod/apps/centos7/Core/gcc/12.1.0-fasrc01/lib64/libgcc_s.so.1:
--1360-- Ignoring non-Dwarf2/3/4 block in .debug_info
--1360-- WARNING: Serious error when reading debug info
--1360-- When reading debug info from /n/sw/helmod/apps/centos7/Core/gcc/12.1.0-fasrc01/lib64/libgcc_s.so.1:
--1360-- Ignoring non-Dwarf2/3/4 block in .debug_info
--1360-- WARNING: Serious error when reading debug info
--1360-- When reading debug info from /n/sw/helmod/apps/centos7/Core/gcc/12.1.0-fasrc01/lib64/libgcc_s.so.1:
--1360-- Ignoring non-Dwarf2/3/4 block in .debug_info
--1360-- WARNING: Serious error when reading debug info
--1360-- When reading debug info from /n/sw/helmod/apps/centos7/Core/gcc/12.1.0-fasrc01/lib64/libgcc_s.so.1:
--1360-- Ignoring non-Dwarf2/3/4 block in .debug_info
--1360-- WARNING: Serious error when reading debug info
--1360-- When reading debug info from /n/sw/helmod/apps/centos7/Core/gcc/12.1.0-fasrc01/lib64/libgcc_s.so.1:
--1360-- Ignoring non-Dwarf2/3/4 block in .debug_info
--1360-- WARNING: Serious error when reading debug info
--1360-- When reading debug info from /n/sw/helmod/apps/centos7/Core/gcc/12.1.0-fasrc01/lib64/libgcc_s.so.1:
--1360-- Ignoring non-Dwarf2/3/4 block in .debug_info
--1360-- WARNING: Serious error when reading debug info
--1360-- When reading debug info from /n/sw/helmod/apps/centos7/Core/gcc/12.1.0-fasrc01/lib64/libgcc_s.so.1:
--1360-- Ignoring non-Dwarf2/3/4 block in .debug_info
--1360-- WARNING: Serious error when reading debug info
--1360-- When reading debug info from /n/sw/helmod/apps/centos7/Core/gcc/12.1.0-fasrc01/lib64/libgcc_s.so.1:
--1360-- Ignoring non-Dwarf2/3/4 block in .debug_info
--1360-- WARNING: Serious error when reading debug info
--1360-- When reading debug info from /n/sw/helmod/apps/centos7/Core/gcc/12.1.0-fasrc01/lib64/libgcc_s.so.1:
--1360-- Ignoring non-Dwarf2/3/4 block in .debug_info
--1360-- WARNING: Serious error when reading debug info
--1360-- When reading debug info from /n/sw/helmod/apps/centos7/Core/gcc/12.1.0-fasrc01/lib64/libgcc_s.so.1:
--1360-- Ignoring non-Dwarf2/3/4 block in .debug_info
--1360-- WARNING: Serious error when reading debug info
--1360-- When reading debug info from /n/sw/helmod/apps/centos7/Core/gcc/12.1.0-fasrc01/lib64/libgcc_s.so.1:
--1360-- Ignoring non-Dwarf2/3/4 block in .debug_info
--1360-- WARNING: Serious error when reading debug info
--1360-- When reading debug info from /n/sw/helmod/apps/centos7/Core/gcc/12.1.0-fasrc01/lib64/libgcc_s.so.1:
--1360-- Ignoring non-Dwarf2/3/4 block in .debug_info
--1360-- WARNING: Serious error when reading debug info
--1360-- When reading debug info from /n/sw/helmod/apps/centos7/Core/gcc/12.1.0-fasrc01/lib64/libgcc_s.so.1:
--1360-- Ignoring non-Dwarf2/3/4 block in .debug_info
--1360-- WARNING: Serious error when reading debug info
--1360-- When reading debug info from /n/sw/helmod/apps/centos7/Core/gcc/12.1.0-fasrc01/lib64/libgcc_s.so.1:
--1360-- Ignoring non-Dwarf2/3/4 block in .debug_info
--1360-- WARNING: Serious error when reading debug info
--1360-- When reading debug info from /n/sw/helmod/apps/centos7/Core/gcc/12.1.0-fasrc01/lib64/libgcc_s.so.1:
--1360-- Ignoring non-Dwarf2/3/4 block in .debug_info
--1360-- WARNING: Serious error when reading debug info
--1360-- When reading debug info from /n/sw/helmod/apps/centos7/Core/gcc/12.1.0-fasrc01/lib64/libgcc_s.so.1:
--1360-- Ignoring non-Dwarf2/3/4 block in .debug_info
--1360-- WARNING: Serious error when reading debug info
--1360-- When reading debug info from /n/sw/helmod/apps/centos7/Core/gcc/12.1.0-fasrc01/lib64/libgcc_s.so.1:
--1360-- Ignoring non-Dwarf2/3/4 block in .debug_info
--1360-- WARNING: Serious error when reading debug info
--1360-- When reading debug info from /n/sw/helmod/apps/centos7/Core/gcc/12.1.0-fasrc01/lib64/libgcc_s.so.1:
--1360-- Ignoring non-Dwarf2/3/4 block in .debug_info
--1360-- WARNING: Serious error when reading debug info
--1360-- When reading debug info from /n/sw/helmod/apps/centos7/Core/gcc/12.1.0-fasrc01/lib64/libgcc_s.so.1:
--1360-- Ignoring non-Dwarf2/3/4 block in .debug_info
--1360-- WARNING: Serious error when reading debug info
--1360-- When reading debug info from /n/sw/helmod/apps/centos7/Core/gcc/12.1.0-fasrc01/lib64/libgcc_s.so.1:
--1360-- Ignoring non-Dwarf2/3/4 block in .debug_info
--1360-- WARNING: Serious error when reading debug info
--1360-- When reading debug info from /n/sw/helmod/apps/centos7/Core/gcc/12.1.0-fasrc01/lib64/libgcc_s.so.1:
--1360-- Ignoring non-Dwarf2/3/4 block in .debug_info
--1360-- WARNING: Serious error when reading debug info
--1360-- When reading debug info from /n/sw/helmod/apps/centos7/Core/gcc/12.1.0-fasrc01/lib64/libgcc_s.so.1:
--1360-- Ignoring non-Dwarf2/3/4 block in .debug_info
--1360-- WARNING: Serious error when reading debug info
--1360-- When reading debug info from /n/sw/helmod/apps/centos7/Core/gcc/12.1.0-fasrc01/lib64/libgcc_s.so.1:
--1360-- Ignoring non-Dwarf2/3/4 block in .debug_info
--1360-- WARNING: Serious error when reading debug info
--1360-- When reading debug info from /n/sw/helmod/apps/centos7/Core/gcc/12.1.0-fasrc01/lib64/libgcc_s.so.1:
--1360-- Ignoring non-Dwarf2/3/4 block in .debug_info
--1360-- WARNING: Serious error when reading debug info
--1360-- When reading debug info from /n/sw/helmod/apps/centos7/Core/gcc/12.1.0-fasrc01/lib64/libgcc_s.so.1:
--1360-- Ignoring non-Dwarf2/3/4 block in .debug_info
--1360-- WARNING: Serious error when reading debug info
--1360-- When reading debug info from /n/sw/helmod/apps/centos7/Core/gcc/12.1.0-fasrc01/lib64/libgcc_s.so.1:
--1360-- Ignoring non-Dwarf2/3/4 block in .debug_info
--1360-- WARNING: Serious error when reading debug info
--1360-- When reading debug info from /n/sw/helmod/apps/centos7/Core/gcc/12.1.0-fasrc01/lib64/libgcc_s.so.1:
--1360-- Ignoring non-Dwarf2/3/4 block in .debug_info
--1360-- WARNING: Serious error when reading debug info
--1360-- When reading debug info from /n/sw/helmod/apps/centos7/Core/gcc/12.1.0-fasrc01/lib64/libgcc_s.so.1:
--1360-- Ignoring non-Dwarf2/3/4 block in .debug_info
--1360-- WARNING: Serious error when reading debug info
--1360-- When reading debug info from /n/sw/helmod/apps/centos7/Core/gcc/12.1.0-fasrc01/lib64/libgcc_s.so.1:
--1360-- Ignoring non-Dwarf2/3/4 block in .debug_info
--1360-- WARNING: Serious error when reading debug info
--1360-- When reading debug info from /n/sw/helmod/apps/centos7/Core/gcc/12.1.0-fasrc01/lib64/libgcc_s.so.1:
--1360-- Ignoring non-Dwarf2/3/4 block in .debug_info
--1360-- WARNING: Serious error when reading debug info
--1360-- When reading debug info from /n/sw/helmod/apps/centos7/Core/gcc/12.1.0-fasrc01/lib64/libgcc_s.so.1:
--1360-- Ignoring non-Dwarf2/3/4 block in .debug_info
--1360-- WARNING: Serious error when reading debug info
--1360-- When reading debug info from /n/sw/helmod/apps/centos7/Core/gcc/12.1.0-fasrc01/lib64/libgcc_s.so.1:
--1360-- Ignoring non-Dwarf2/3/4 block in .debug_info
--1360-- WARNING: Serious error when reading debug info
--1360-- When reading debug info from /n/sw/helmod/apps/centos7/Core/gcc/12.1.0-fasrc01/lib64/libgcc_s.so.1:
--1360-- Ignoring non-Dwarf2/3/4 block in .debug_info
--1360-- WARNING: Serious error when reading debug info
--1360-- When reading debug info from /n/sw/helmod/apps/centos7/Core/gcc/12.1.0-fasrc01/lib64/libgcc_s.so.1:
--1360-- Ignoring non-Dwarf2/3/4 block in .debug_info
--1360-- WARNING: Serious error when reading debug info
--1360-- When reading debug info from /n/sw/helmod/apps/centos7/Core/gcc/12.1.0-fasrc01/lib64/libgcc_s.so.1:
--1360-- Ignoring non-Dwarf2/3/4 block in .debug_info
--1360-- WARNING: Serious error when reading debug info
--1360-- When reading debug info from /n/sw/helmod/apps/centos7/Core/gcc/12.1.0-fasrc01/lib64/libgcc_s.so.1:
--1360-- Ignoring non-Dwarf2/3/4 block in .debug_info
--1360-- WARNING: Serious error when reading debug info
--1360-- When reading debug info from /n/sw/helmod/apps/centos7/Core/gcc/12.1.0-fasrc01/lib64/libgcc_s.so.1:
--1360-- Ignoring non-Dwarf2/3/4 block in .debug_info
--1360-- WARNING: Serious error when reading debug info
--1360-- When reading debug info from /n/sw/helmod/apps/centos7/Core/gcc/12.1.0-fasrc01/lib64/libgcc_s.so.1:
--1360-- Ignoring non-Dwarf2/3/4 block in .debug_info
--1360-- WARNING: Serious error when reading debug info
--1360-- When reading debug info from /n/sw/helmod/apps/centos7/Core/gcc/12.1.0-fasrc01/lib64/libgcc_s.so.1:
--1360-- Ignoring non-Dwarf2/3/4 block in .debug_info
--1360-- WARNING: Serious error when reading debug info
--1360-- When reading debug info from /n/sw/helmod/apps/centos7/Core/gcc/12.1.0-fasrc01/lib64/libgcc_s.so.1:
--1360-- Ignoring non-Dwarf2/3/4 block in .debug_info
--1360-- WARNING: Serious error when reading debug info
--1360-- When reading debug info from /n/sw/helmod/apps/centos7/Core/gcc/12.1.0-fasrc01/lib64/libgcc_s.so.1:
--1360-- Ignoring non-Dwarf2/3/4 block in .debug_info
--1360-- WARNING: Serious error when reading debug info
--1360-- When reading debug info from /n/sw/helmod/apps/centos7/Core/gcc/12.1.0-fasrc01/lib64/libgcc_s.so.1:
--1360-- Ignoring non-Dwarf2/3/4 block in .debug_info
--1360-- WARNING: Serious error when reading debug info
--1360-- When reading debug info from /n/sw/helmod/apps/centos7/Core/gcc/12.1.0-fasrc01/lib64/libgcc_s.so.1:
--1360-- Ignoring non-Dwarf2/3/4 block in .debug_info
--1360-- WARNING: Serious error when reading debug info
--1360-- When reading debug info from /n/sw/helmod/apps/centos7/Core/gcc/12.1.0-fasrc01/lib64/libgcc_s.so.1:
--1360-- Ignoring non-Dwarf2/3/4 block in .debug_info
--1360-- WARNING: Serious error when reading debug info
--1360-- When reading debug info from /n/sw/helmod/apps/centos7/Core/gcc/12.1.0-fasrc01/lib64/libgcc_s.so.1:
--1360-- Ignoring non-Dwarf2/3/4 block in .debug_info
--1360-- WARNING: Serious error when reading debug info
--1360-- When reading debug info from /n/sw/helmod/apps/centos7/Core/gcc/12.1.0-fasrc01/lib64/libgcc_s.so.1:
--1360-- Ignoring non-Dwarf2/3/4 block in .debug_info
--1360-- WARNING: Serious error when reading debug info
--1360-- When reading debug info from /n/sw/helmod/apps/centos7/Core/gcc/12.1.0-fasrc01/lib64/libgcc_s.so.1:
--1360-- Ignoring non-Dwarf2/3/4 block in .debug_info
--1360-- WARNING: Serious error when reading debug info
--1360-- When reading debug info from /n/sw/helmod/apps/centos7/Core/gcc/12.1.0-fasrc01/lib64/libgcc_s.so.1:
--1360-- Ignoring non-Dwarf2/3/4 block in .debug_info
--1360-- WARNING: Serious error when reading debug info
--1360-- When reading debug info from /n/sw/helmod/apps/centos7/Core/gcc/12.1.0-fasrc01/lib64/libgcc_s.so.1:
--1360-- Ignoring non-Dwarf2/3/4 block in .debug_info
--1360-- WARNING: Serious error when reading debug info
--1360-- When reading debug info from /n/sw/helmod/apps/centos7/Core/gcc/12.1.0-fasrc01/lib64/libgcc_s.so.1:
--1360-- Ignoring non-Dwarf2/3/4 block in .debug_info
--1360-- WARNING: Serious error when reading debug info
--1360-- When reading debug info from /n/sw/helmod/apps/centos7/Core/gcc/12.1.0-fasrc01/lib64/libgcc_s.so.1:
--1360-- Ignoring non-Dwarf2/3/4 block in .debug_info
--1360-- WARNING: Serious error when reading debug info
--1360-- When reading debug info from /n/sw/helmod/apps/centos7/Core/gcc/12.1.0-fasrc01/lib64/libgcc_s.so.1:
--1360-- Ignoring non-Dwarf2/3/4 block in .debug_info
--1360-- WARNING: Serious error when reading debug info
--1360-- When reading debug info from /n/sw/helmod/apps/centos7/Core/gcc/12.1.0-fasrc01/lib64/libgcc_s.so.1:
--1360-- Ignoring non-Dwarf2/3/4 block in .debug_info
--1360-- WARNING: Serious error when reading debug info
--1360-- When reading debug info from /n/sw/helmod/apps/centos7/Core/gcc/12.1.0-fasrc01/lib64/libgcc_s.so.1:
--1360-- Ignoring non-Dwarf2/3/4 block in .debug_info
--1360-- WARNING: Serious error when reading debug info
--1360-- When reading debug info from /n/sw/helmod/apps/centos7/Core/gcc/12.1.0-fasrc01/lib64/libgcc_s.so.1:
--1360-- Ignoring non-Dwarf2/3/4 block in .debug_info
--1360-- WARNING: Serious error when reading debug info
--1360-- When reading debug info from /n/sw/helmod/apps/centos7/Core/gcc/12.1.0-fasrc01/lib64/libgcc_s.so.1:
--1360-- Ignoring non-Dwarf2/3/4 block in .debug_info
--1360-- WARNING: Serious error when reading debug info
--1360-- When reading debug info from /n/sw/helmod/apps/centos7/Core/gcc/12.1.0-fasrc01/lib64/libgcc_s.so.1:
--1360-- Ignoring non-Dwarf2/3/4 block in .debug_info
--1360-- WARNING: Serious error when reading debug info
--1360-- When reading debug info from /n/sw/helmod/apps/centos7/Core/gcc/12.1.0-fasrc01/lib64/libgcc_s.so.1:
--1360-- Ignoring non-Dwarf2/3/4 block in .debug_info
--1360-- WARNING: Serious error when reading debug info
--1360-- When reading debug info from /n/sw/helmod/apps/centos7/Core/gcc/12.1.0-fasrc01/lib64/libgcc_s.so.1:
--1360-- Ignoring non-Dwarf2/3/4 block in .debug_info
--1360-- WARNING: Serious error when reading debug info
--1360-- When reading debug info from /n/sw/helmod/apps/centos7/Core/gcc/12.1.0-fasrc01/lib64/libgcc_s.so.1:
--1360-- Ignoring non-Dwarf2/3/4 block in .debug_info
--1360-- WARNING: Serious error when reading debug info
--1360-- When reading debug info from /n/sw/helmod/apps/centos7/Core/gcc/12.1.0-fasrc01/lib64/libgcc_s.so.1:
--1360-- Ignoring non-Dwarf2/3/4 block in .debug_info
--1360-- WARNING: Serious error when reading debug info
--1360-- When reading debug info from /n/sw/helmod/apps/centos7/Core/gcc/12.1.0-fasrc01/lib64/libgcc_s.so.1:
--1360-- Ignoring non-Dwarf2/3/4 block in .debug_info
--1360-- WARNING: Serious error when reading debug info
--1360-- When reading debug info from /n/sw/helmod/apps/centos7/Core/gcc/12.1.0-fasrc01/lib64/libgcc_s.so.1:
--1360-- Ignoring non-Dwarf2/3/4 block in .debug_info
--1360-- WARNING: Serious error when reading debug info
--1360-- When reading debug info from /n/sw/helmod/apps/centos7/Core/gcc/12.1.0-fasrc01/lib64/libgcc_s.so.1:
--1360-- Ignoring non-Dwarf2/3/4 block in .debug_info
--1360-- WARNING: Serious error when reading debug info
--1360-- When reading debug info from /n/sw/helmod/apps/centos7/Core/gcc/12.1.0-fasrc01/lib64/libgcc_s.so.1:
--1360-- Ignoring non-Dwarf2/3/4 block in .debug_info
--1360-- WARNING: Serious error when reading debug info
--1360-- When reading debug info from /n/sw/helmod/apps/centos7/Core/gcc/12.1.0-fasrc01/lib64/libgcc_s.so.1:
--1360-- parse_CU_Header: is neither DWARF2 nor DWARF3 nor DWARF4
SH: 32 models
Overall Duration: 1619202188 microseconds
==1360== 
==1360== HEAP SUMMARY:
==1360==     in use at exit: 1,188,362 bytes in 7,937 blocks
==1360==   total heap usage: 713,399,092 allocs, 713,391,155 frees, 58,869,389,053 bytes allocated
==1360== 
==1360== 400 bytes in 2 blocks are possibly lost in loss record 2 of 16
==1360==    at 0x4C2A243: operator new(unsigned long) (vg_replace_malloc.c:334)
==1360==    by 0x402946: generate_random_matrix(int, int) (in /n/academic_homes/g113711/u338904g113711/cs205/team21/code/m5_SH)
==1360==    by 0x403077: helper(double, int) (in /n/academic_homes/g113711/u338904g113711/cs205/team21/code/m5_SH)
==1360==    by 0x401720: main (in /n/academic_homes/g113711/u338904g113711/cs205/team21/code/m5_SH)
==1360== 
==1360== 1,152,738 (7,936 direct, 1,144,802 indirect) bytes in 62 blocks are definitely lost in loss record 16 of 16
==1360==    at 0x4C2A243: operator new(unsigned long) (vg_replace_malloc.c:334)
==1360==    by 0x402F10: helper(double, int) (in /n/academic_homes/g113711/u338904g113711/cs205/team21/code/m5_SH)
==1360==    by 0x401720: main (in /n/academic_homes/g113711/u338904g113711/cs205/team21/code/m5_SH)
==1360== 
==1360== LEAK SUMMARY:
==1360==    definitely lost: 7,936 bytes in 62 blocks
==1360==    indirectly lost: 1,144,802 bytes in 7,810 blocks
==1360==      possibly lost: 400 bytes in 2 blocks
==1360==    still reachable: 35,224 bytes in 63 blocks
==1360==         suppressed: 0 bytes in 0 blocks
==1360== Reachable blocks (those to which a pointer was found) are not shown.
==1360== To see them, rerun with: --leak-check=full --show-leak-kinds=all
==1360== 
==1360== For counts of detected and suppressed errors, rerun with: -v
==1360== ERROR SUMMARY: 2 errors from 2 contexts (suppressed: 0 from 0)

real	26m59.800s
user	0m0.017s
sys	0m0.008s
rm -f  m5_ASH.o  m5_SH.o  m5_neural_network.o m5_ASH m5_SH