g++ -O3 -Wall -Wextra -std=c++11 -fopenmp -c m5_ASH.cpp -o m5_ASH.o
m5_ASH.cpp: In function ‘int main(int, char**)’:
m5_ASH.cpp:151:31: warning: suggest parentheses around comparison in operand of ‘&’ [-Wparentheses]
  151 |                         if (i == 1 & ladder[1].size() >= 2) {
      |                             ~~^~~~
g++ -O3 -Wall -Wextra -std=c++11 -fopenmp -c m5_neural_network.cpp -o m5_neural_network.o
m5_neural_network.cpp: In function ‘std::vector<float> multiply(std::vector<float>, std::vector<std::vector<float> >)’:
m5_neural_network.cpp:29:18: warning: comparison of integer expressions of different signedness: ‘int’ and ‘std::vector<float>::size_type’ {aka ‘long unsigned int’} [-Wsign-compare]
   29 |     for(int i=0;i<mat2[0].size();i++)
      |                 ~^~~~~~~~~~~~~~~
m5_neural_network.cpp:32:22: warning: comparison of integer expressions of different signedness: ‘int’ and ‘std::vector<float>::size_type’ {aka ‘long unsigned int’} [-Wsign-compare]
   32 |         for(int j=0;j<mat1.size();j++)
      |                     ~^~~~~~~~~~~~
m5_neural_network.cpp: In function ‘std::vector<float> multiply2(std::vector<std::vector<float> >, std::vector<float>)’:
m5_neural_network.cpp:48:18: warning: comparison of integer expressions of different signedness: ‘int’ and ‘std::vector<std::vector<float> >::size_type’ {aka ‘long unsigned int’} [-Wsign-compare]
   48 |     for(int i=0;i<x.size();i++)
      |                 ~^~~~~~~~~
m5_neural_network.cpp:51:21: warning: comparison of integer expressions of different signedness: ‘int’ and ‘std::vector<float>::size_type’ {aka ‘long unsigned int’} [-Wsign-compare]
   51 |        for(int j=0;j<x[i].size();j++)
      |                    ~^~~~~~~~~~~~
m5_neural_network.cpp: In function ‘std::vector<std::vector<float> > multiply3(std::vector<float>, std::vector<float>)’:
m5_neural_network.cpp:64:18: warning: comparison of integer expressions of different signedness: ‘int’ and ‘std::vector<float>::size_type’ {aka ‘long unsigned int’} [-Wsign-compare]
   64 |     for(int i=0;i<x.size();i++)
      |                 ~^~~~~~~~~
m5_neural_network.cpp:66:22: warning: comparison of integer expressions of different signedness: ‘int’ and ‘std::vector<float>::size_type’ {aka ‘long unsigned int’} [-Wsign-compare]
   66 |         for(int j=0;j<y.size();j++)
      |                     ~^~~~~~~~~
m5_neural_network.cpp: In member function ‘std::vector<float> NeuralNetwork::activate(std::vector<float>, std::string)’:
m5_neural_network.cpp:286:30: warning: comparison of integer expressions of different signedness: ‘int’ and ‘std::vector<float>::size_type’ {aka ‘long unsigned int’} [-Wsign-compare]
  286 |                 for(int i=0;i<value.size();i++)
      |                             ~^~~~~~~~~~~~~
m5_neural_network.cpp:297:30: warning: comparison of integer expressions of different signedness: ‘int’ and ‘std::vector<float>::size_type’ {aka ‘long unsigned int’} [-Wsign-compare]
  297 |                 for(int i=0;i<value.size();i++)
      |                             ~^~~~~~~~~~~~~
m5_neural_network.cpp:305:30: warning: comparison of integer expressions of different signedness: ‘int’ and ‘std::vector<float>::size_type’ {aka ‘long unsigned int’} [-Wsign-compare]
  305 |                 for(int i=0;i<value.size();i++)
      |                             ~^~~~~~~~~~~~~
In file included from /n/sw/helmod/apps/centos7/Core/gcc/12.1.0-fasrc01/include/c++/12.1.0/cassert:44,
                 from m5_neural_network.cpp:10:
m5_neural_network.cpp: In member function ‘std::pair<std::vector<float>, std::vector<std::vector<float> > > NeuralNetwork::feed_forward(std::vector<float>, bool)’:
m5_neural_network.cpp:389:32: warning: comparison of integer expressions of different signedness: ‘std::vector<float>::size_type’ {aka ‘long unsigned int’} and ‘int’ [-Wsign-compare]
  389 |             assert(input.size()==inputSize);
      |                    ~~~~~~~~~~~~^~~~~~~~~~~
m5_neural_network.cpp:393:46: warning: comparison of integer expressions of different signedness: ‘int’ and ‘std::vector<std::vector<std::vector<float> > >::size_type’ {aka ‘long unsigned int’} [-Wsign-compare]
  393 |             for(int weightIndex=0;weightIndex<layerWeights.size();weightIndex++)
      |                                   ~~~~~~~~~~~^~~~~~~~~~~~~~~~~~~~
m5_neural_network.cpp:400:34: warning: comparison of integer expressions of different signedness: ‘int’ and ‘std::vector<float>::size_type’ {aka ‘long unsigned int’} [-Wsign-compare]
  400 |                     for(int i=0;i<afterBiasAddition.size();i++)
      |                                 ~^~~~~~~~~~~~~~~~~~~~~~~~~
m5_neural_network.cpp: In member function ‘void NeuralNetwork::train(std::vector<std::vector<float> >, std::vector<std::vector<float> >, int, bool)’:
m5_neural_network.cpp:525:50: warning: comparison of integer expressions of different signedness: ‘int’ and ‘std::vector<std::vector<float> >::size_type’ {aka ‘long unsigned int’} [-Wsign-compare]
  525 |                             for(int index=0;index<errorValues.size();index++)
      |                                             ~~~~~^~~~~~~~~~~~~~~~~~~
m5_neural_network.cpp:537:50: warning: comparison of integer expressions of different signedness: ‘int’ and ‘std::vector<std::vector<float> >::size_type’ {aka ‘long unsigned int’} [-Wsign-compare]
  537 |                             for(int index=0;index<errorValues.size();index++)
      |                                             ~~~~~^~~~~~~~~~~~~~~~~~~
m5_neural_network.cpp:541:46: warning: comparison of integer expressions of different signedness: ‘int’ and ‘std::vector<std::vector<float> >::size_type’ {aka ‘long unsigned int’} [-Wsign-compare]
  541 |                                 for(int j=0;j<weightUpdates[index].size();j++)
      |                                             ~^~~~~~~~~~~~~~~~~~~~~~~~~~~~
m5_neural_network.cpp:543:50: warning: comparison of integer expressions of different signedness: ‘int’ and ‘std::vector<float>::size_type’ {aka ‘long unsigned int’} [-Wsign-compare]
  543 |                                     for(int k=0;k<weightUpdates[index][j].size();k++)
      |                                                 ~^~~~~~~~~~~~~~~~~~~~~~~~~~~~~~~
m5_neural_network.cpp:548:46: warning: comparison of integer expressions of different signedness: ‘int’ and ‘std::vector<float>::size_type’ {aka ‘long unsigned int’} [-Wsign-compare]
  548 |                                 for(int j=0;j<biasUpdates[index].size();j++)
      |                                             ~^~~~~~~~~~~~~~~~~~~~~~~~~~
m5_neural_network.cpp:555:48: warning: comparison of integer expressions of different signedness: ‘int’ and ‘std::vector<std::vector<std::vector<float> > >::size_type’ {aka ‘long unsigned int’} [-Wsign-compare]
  555 |                     for(int arrIndex=0;arrIndex<weightUpdates.size();arrIndex++)
      |                                        ~~~~~~~~^~~~~~~~~~~~~~~~~~~~~
m5_neural_network.cpp:558:38: warning: comparison of integer expressions of different signedness: ‘int’ and ‘std::vector<std::vector<float> >::size_type’ {aka ‘long unsigned int’} [-Wsign-compare]
  558 |                         for(int j=0;j<weightUpdates[arrIndex].size();j++)
      |                                     ~^~~~~~~~~~~~~~~~~~~~~~~~~~~~~~~
m5_neural_network.cpp:560:42: warning: comparison of integer expressions of different signedness: ‘int’ and ‘std::vector<float>::size_type’ {aka ‘long unsigned int’} [-Wsign-compare]
  560 |                             for(int k=0;k<weightUpdates[arrIndex][j].size();k++)
      |                                         ~^~~~~~~~~~~~~~~~~~~~~~~~~~~~~~~~~~
m5_neural_network.cpp:566:38: warning: comparison of integer expressions of different signedness: ‘int’ and ‘std::vector<std::vector<float> >::size_type’ {aka ‘long unsigned int’} [-Wsign-compare]
  566 |                         for(int j=0;j<weightUpdates[arrIndex].size();j++)
      |                                     ~^~~~~~~~~~~~~~~~~~~~~~~~~~~~~~~
m5_neural_network.cpp:568:42: warning: comparison of integer expressions of different signedness: ‘int’ and ‘std::vector<float>::size_type’ {aka ‘long unsigned int’} [-Wsign-compare]
  568 |                             for(int k=0;k<weightUpdates[arrIndex][j].size();k++)
      |                                         ~^~~~~~~~~~~~~~~~~~~~~~~~~~~~~~~~~~
m5_neural_network.cpp:575:42: warning: comparison of integer expressions of different signedness: ‘int’ and ‘std::vector<std::vector<float> >::size_type’ {aka ‘long unsigned int’} [-Wsign-compare]
  575 |                             for(int j=0;j<weightUpdates[arrIndex].size();j++)
      |                                         ~^~~~~~~~~~~~~~~~~~~~~~~~~~~~~~~
m5_neural_network.cpp:577:46: warning: comparison of integer expressions of different signedness: ‘int’ and ‘std::vector<float>::size_type’ {aka ‘long unsigned int’} [-Wsign-compare]
  577 |                                 for(int k=0;k<weightUpdates[arrIndex][j].size();k++)
      |                                             ~^~~~~~~~~~~~~~~~~~~~~~~~~~~~~~~~~~
m5_neural_network.cpp:586:38: warning: comparison of integer expressions of different signedness: ‘int’ and ‘std::vector<std::vector<float> >::size_type’ {aka ‘long unsigned int’} [-Wsign-compare]
  586 |                         for(int j=0;j<weightUpdates[arrIndex].size();j++)
      |                                     ~^~~~~~~~~~~~~~~~~~~~~~~~~~~~~~~
m5_neural_network.cpp:588:42: warning: comparison of integer expressions of different signedness: ‘int’ and ‘std::vector<float>::size_type’ {aka ‘long unsigned int’} [-Wsign-compare]
  588 |                             for(int k=0;k<weightUpdates[arrIndex][j].size();k++)
      |                                         ~^~~~~~~~~~~~~~~~~~~~~~~~~~~~~~~~~~
m5_neural_network.cpp:596:50: warning: comparison of integer expressions of different signedness: ‘int’ and ‘std::vector<std::vector<float> >::size_type’ {aka ‘long unsigned int’} [-Wsign-compare]
  596 |                     for(int biasIndex=0;biasIndex<biasUpdates.size();biasIndex++)
      |                                         ~~~~~~~~~^~~~~~~~~~~~~~~~~~~
m5_neural_network.cpp:598:38: warning: comparison of integer expressions of different signedness: ‘int’ and ‘std::vector<float>::size_type’ {aka ‘long unsigned int’} [-Wsign-compare]
  598 |                         for(int j=0;j<biasUpdates[biasIndex].size();j++)
      |                                     ~^~~~~~~~~~~~~~~~~~~~~~~~~~~~~~
m5_neural_network.cpp:602:38: warning: comparison of integer expressions of different signedness: ‘int’ and ‘std::vector<float>::size_type’ {aka ‘long unsigned int’} [-Wsign-compare]
  602 |                         for(int j=0;j<biasUpdates[biasIndex].size();j++)
      |                                     ~^~~~~~~~~~~~~~~~~~~~~~~~~~~~~~
m5_neural_network.cpp:606:38: warning: comparison of integer expressions of different signedness: ‘int’ and ‘std::vector<float>::size_type’ {aka ‘long unsigned int’} [-Wsign-compare]
  606 |                         for(int j=0;j<biasUpdates[biasIndex].size();j++)
      |                                     ~^~~~~~~~~~~~~~~~~~~~~~~~~~~~~~
m5_neural_network.cpp: In function ‘double helper(double, int)’:
m5_neural_network.cpp:795:18: warning: comparison of integer expressions of different signedness: ‘int’ and ‘std::vector<std::vector<float> >::size_type’ {aka ‘long unsigned int’} [-Wsign-compare]
  795 |     for(int i=0;i<test_inputs.size();i++)
      |                 ~^~~~~~~~~~~~~~~~~~~
m5_neural_network.cpp:805:22: warning: comparison of integer expressions of different signedness: ‘int’ and ‘std::vector<float>::size_type’ {aka ‘long unsigned int’} [-Wsign-compare]
  805 |         for(int j=1;j<output.size();j++)
      |                     ~^~~~~~~~~~~~~~
m5_neural_network.cpp:636:10: warning: unused variable ‘regularization_flag’ [-Wunused-variable]
  636 |     char regularization_flag = 'N';
      |          ^~~~~~~~~~~~~~~~~~~
m5_neural_network.cpp:637:9: warning: unused variable ‘net_arch’ [-Wunused-variable]
  637 |     int net_arch = 1; // fully connected network
      |         ^~~~~~~~
m5_neural_network.cpp:793:11: warning: variable ‘archivo5’ set but not used [-Wunused-but-set-variable]
  793 |     FILE* archivo5;
      |           ^~~~~~~~
m5_neural_network.cpp: In member function ‘std::vector<float> NeuralNetwork::activate_derivative(std::vector<float>, std::string)’:
m5_neural_network.cpp:361:9: warning: control reaches end of non-void function [-Wreturn-type]
  361 |         }
      |         ^
m5_neural_network.cpp: In member function ‘std::vector<float> NeuralNetwork::activate(std::vector<float>, std::string)’:
m5_neural_network.cpp:316:9: warning: control reaches end of non-void function [-Wreturn-type]
  316 |         }
      |         ^
g++ -fopenmp m5_ASH.o m5_neural_network.o -o m5_ASH
g++ -O3 -Wall -Wextra -std=c++11 -fopenmp -c m5_SH.cpp -o m5_SH.o
m5_SH.cpp: In function ‘int main(int, char**)’:
m5_SH.cpp:94:23: warning: comparison of integer expressions of different signedness: ‘int’ and ‘std::vector<std::vector<Candidate> >::size_type’ {aka ‘long unsigned int’} [-Wsign-compare]
   94 |     for (int i = 0; i < ladder.size() - 1; i++) {
      |                     ~~^~~~~~~~~~~~~~~~~~~
m5_SH.cpp:97:27: warning: comparison of integer expressions of different signedness: ‘int’ and ‘std::vector<Candidate>::size_type’ {aka ‘long unsigned int’} [-Wsign-compare]
   97 |         for (int j = 0; j < ladder[i].size(); j++) {
      |                         ~~^~~~~~~~~~~~~~~~~~
g++ -fopenmp m5_SH.o m5_neural_network.o -o m5_SH
==30491== Memcheck, a memory error detector
==30491== Copyright (C) 2002-2017, and GNU GPL'd, by Julian Seward et al.
==30491== Using Valgrind-3.13.0 and LibVEX; rerun with -h for copyright info
==30491== Command: ./m5_SH 8
==30491== 
--30491-- WARNING: Serious error when reading debug info
--30491-- When reading debug info from /n/sw/helmod/apps/centos7/Core/gcc/12.1.0-fasrc01/lib64/libstdc++.so.6.0.30:
--30491-- Ignoring non-Dwarf2/3/4 block in .debug_info
--30491-- WARNING: Serious error when reading debug info
--30491-- When reading debug info from /n/sw/helmod/apps/centos7/Core/gcc/12.1.0-fasrc01/lib64/libstdc++.so.6.0.30:
--30491-- Ignoring non-Dwarf2/3/4 block in .debug_info
--30491-- WARNING: Serious error when reading debug info
--30491-- When reading debug info from /n/sw/helmod/apps/centos7/Core/gcc/12.1.0-fasrc01/lib64/libstdc++.so.6.0.30:
--30491-- Ignoring non-Dwarf2/3/4 block in .debug_info
--30491-- WARNING: Serious error when reading debug info
--30491-- When reading debug info from /n/sw/helmod/apps/centos7/Core/gcc/12.1.0-fasrc01/lib64/libstdc++.so.6.0.30:
--30491-- Ignoring non-Dwarf2/3/4 block in .debug_info
--30491-- WARNING: Serious error when reading debug info
--30491-- When reading debug info from /n/sw/helmod/apps/centos7/Core/gcc/12.1.0-fasrc01/lib64/libstdc++.so.6.0.30:
--30491-- Ignoring non-Dwarf2/3/4 block in .debug_info
--30491-- WARNING: Serious error when reading debug info
--30491-- When reading debug info from /n/sw/helmod/apps/centos7/Core/gcc/12.1.0-fasrc01/lib64/libstdc++.so.6.0.30:
--30491-- Ignoring non-Dwarf2/3/4 block in .debug_info
--30491-- WARNING: Serious error when reading debug info
--30491-- When reading debug info from /n/sw/helmod/apps/centos7/Core/gcc/12.1.0-fasrc01/lib64/libstdc++.so.6.0.30:
--30491-- Ignoring non-Dwarf2/3/4 block in .debug_info
--30491-- WARNING: Serious error when reading debug info
--30491-- When reading debug info from /n/sw/helmod/apps/centos7/Core/gcc/12.1.0-fasrc01/lib64/libstdc++.so.6.0.30:
--30491-- Ignoring non-Dwarf2/3/4 block in .debug_info
--30491-- WARNING: Serious error when reading debug info
--30491-- When reading debug info from /n/sw/helmod/apps/centos7/Core/gcc/12.1.0-fasrc01/lib64/libstdc++.so.6.0.30:
--30491-- Ignoring non-Dwarf2/3/4 block in .debug_info
--30491-- WARNING: Serious error when reading debug info
--30491-- When reading debug info from /n/sw/helmod/apps/centos7/Core/gcc/12.1.0-fasrc01/lib64/libstdc++.so.6.0.30:
--30491-- Ignoring non-Dwarf2/3/4 block in .debug_info
--30491-- WARNING: Serious error when reading debug info
--30491-- When reading debug info from /n/sw/helmod/apps/centos7/Core/gcc/12.1.0-fasrc01/lib64/libstdc++.so.6.0.30:
--30491-- Ignoring non-Dwarf2/3/4 block in .debug_info
--30491-- WARNING: Serious error when reading debug info
--30491-- When reading debug info from /n/sw/helmod/apps/centos7/Core/gcc/12.1.0-fasrc01/lib64/libstdc++.so.6.0.30:
--30491-- Ignoring non-Dwarf2/3/4 block in .debug_info
--30491-- WARNING: Serious error when reading debug info
--30491-- When reading debug info from /n/sw/helmod/apps/centos7/Core/gcc/12.1.0-fasrc01/lib64/libstdc++.so.6.0.30:
--30491-- Ignoring non-Dwarf2/3/4 block in .debug_info
--30491-- WARNING: Serious error when reading debug info
--30491-- When reading debug info from /n/sw/helmod/apps/centos7/Core/gcc/12.1.0-fasrc01/lib64/libstdc++.so.6.0.30:
--30491-- Ignoring non-Dwarf2/3/4 block in .debug_info
--30491-- WARNING: Serious error when reading debug info
--30491-- When reading debug info from /n/sw/helmod/apps/centos7/Core/gcc/12.1.0-fasrc01/lib64/libstdc++.so.6.0.30:
--30491-- Ignoring non-Dwarf2/3/4 block in .debug_info
--30491-- WARNING: Serious error when reading debug info
--30491-- When reading debug info from /n/sw/helmod/apps/centos7/Core/gcc/12.1.0-fasrc01/lib64/libstdc++.so.6.0.30:
--30491-- Ignoring non-Dwarf2/3/4 block in .debug_info
--30491-- WARNING: Serious error when reading debug info
--30491-- When reading debug info from /n/sw/helmod/apps/centos7/Core/gcc/12.1.0-fasrc01/lib64/libstdc++.so.6.0.30:
--30491-- Ignoring non-Dwarf2/3/4 block in .debug_info
--30491-- WARNING: Serious error when reading debug info
--30491-- When reading debug info from /n/sw/helmod/apps/centos7/Core/gcc/12.1.0-fasrc01/lib64/libstdc++.so.6.0.30:
--30491-- Ignoring non-Dwarf2/3/4 block in .debug_info
--30491-- WARNING: Serious error when reading debug info
--30491-- When reading debug info from /n/sw/helmod/apps/centos7/Core/gcc/12.1.0-fasrc01/lib64/libstdc++.so.6.0.30:
--30491-- Ignoring non-Dwarf2/3/4 block in .debug_info
--30491-- WARNING: Serious error when reading debug info
--30491-- When reading debug info from /n/sw/helmod/apps/centos7/Core/gcc/12.1.0-fasrc01/lib64/libstdc++.so.6.0.30:
--30491-- Ignoring non-Dwarf2/3/4 block in .debug_info
--30491-- WARNING: Serious error when reading debug info
--30491-- When reading debug info from /n/sw/helmod/apps/centos7/Core/gcc/12.1.0-fasrc01/lib64/libstdc++.so.6.0.30:
--30491-- Ignoring non-Dwarf2/3/4 block in .debug_info
--30491-- WARNING: Serious error when reading debug info
--30491-- When reading debug info from /n/sw/helmod/apps/centos7/Core/gcc/12.1.0-fasrc01/lib64/libstdc++.so.6.0.30:
--30491-- Ignoring non-Dwarf2/3/4 block in .debug_info
--30491-- WARNING: Serious error when reading debug info
--30491-- When reading debug info from /n/sw/helmod/apps/centos7/Core/gcc/12.1.0-fasrc01/lib64/libstdc++.so.6.0.30:
--30491-- Ignoring non-Dwarf2/3/4 block in .debug_info
--30491-- WARNING: Serious error when reading debug info
--30491-- When reading debug info from /n/sw/helmod/apps/centos7/Core/gcc/12.1.0-fasrc01/lib64/libstdc++.so.6.0.30:
--30491-- Ignoring non-Dwarf2/3/4 block in .debug_info
--30491-- WARNING: Serious error when reading debug info
--30491-- When reading debug info from /n/sw/helmod/apps/centos7/Core/gcc/12.1.0-fasrc01/lib64/libstdc++.so.6.0.30:
--30491-- Ignoring non-Dwarf2/3/4 block in .debug_info
--30491-- WARNING: Serious error when reading debug info
--30491-- When reading debug info from /n/sw/helmod/apps/centos7/Core/gcc/12.1.0-fasrc01/lib64/libstdc++.so.6.0.30:
--30491-- Ignoring non-Dwarf2/3/4 block in .debug_info
--30491-- WARNING: Serious error when reading debug info
--30491-- When reading debug info from /n/sw/helmod/apps/centos7/Core/gcc/12.1.0-fasrc01/lib64/libstdc++.so.6.0.30:
--30491-- Ignoring non-Dwarf2/3/4 block in .debug_info
--30491-- WARNING: Serious error when reading debug info
--30491-- When reading debug info from /n/sw/helmod/apps/centos7/Core/gcc/12.1.0-fasrc01/lib64/libstdc++.so.6.0.30:
--30491-- Ignoring non-Dwarf2/3/4 block in .debug_info
--30491-- WARNING: Serious error when reading debug info
--30491-- When reading debug info from /n/sw/helmod/apps/centos7/Core/gcc/12.1.0-fasrc01/lib64/libstdc++.so.6.0.30:
--30491-- Ignoring non-Dwarf2/3/4 block in .debug_info
--30491-- WARNING: Serious error when reading debug info
--30491-- When reading debug info from /n/sw/helmod/apps/centos7/Core/gcc/12.1.0-fasrc01/lib64/libstdc++.so.6.0.30:
--30491-- Ignoring non-Dwarf2/3/4 block in .debug_info
--30491-- WARNING: Serious error when reading debug info
--30491-- When reading debug info from /n/sw/helmod/apps/centos7/Core/gcc/12.1.0-fasrc01/lib64/libstdc++.so.6.0.30:
--30491-- Ignoring non-Dwarf2/3/4 block in .debug_info
--30491-- WARNING: Serious error when reading debug info
--30491-- When reading debug info from /n/sw/helmod/apps/centos7/Core/gcc/12.1.0-fasrc01/lib64/libstdc++.so.6.0.30:
--30491-- Ignoring non-Dwarf2/3/4 block in .debug_info
--30491-- WARNING: Serious error when reading debug info
--30491-- When reading debug info from /n/sw/helmod/apps/centos7/Core/gcc/12.1.0-fasrc01/lib64/libstdc++.so.6.0.30:
--30491-- Ignoring non-Dwarf2/3/4 block in .debug_info
--30491-- WARNING: Serious error when reading debug info
--30491-- When reading debug info from /n/sw/helmod/apps/centos7/Core/gcc/12.1.0-fasrc01/lib64/libstdc++.so.6.0.30:
--30491-- Ignoring non-Dwarf2/3/4 block in .debug_info
--30491-- WARNING: Serious error when reading debug info
--30491-- When reading debug info from /n/sw/helmod/apps/centos7/Core/gcc/12.1.0-fasrc01/lib64/libstdc++.so.6.0.30:
--30491-- Ignoring non-Dwarf2/3/4 block in .debug_info
--30491-- WARNING: Serious error when reading debug info
--30491-- When reading debug info from /n/sw/helmod/apps/centos7/Core/gcc/12.1.0-fasrc01/lib64/libstdc++.so.6.0.30:
--30491-- Ignoring non-Dwarf2/3/4 block in .debug_info
--30491-- WARNING: Serious error when reading debug info
--30491-- When reading debug info from /n/sw/helmod/apps/centos7/Core/gcc/12.1.0-fasrc01/lib64/libstdc++.so.6.0.30:
--30491-- Ignoring non-Dwarf2/3/4 block in .debug_info
--30491-- WARNING: Serious error when reading debug info
--30491-- When reading debug info from /n/sw/helmod/apps/centos7/Core/gcc/12.1.0-fasrc01/lib64/libstdc++.so.6.0.30:
--30491-- Ignoring non-Dwarf2/3/4 block in .debug_info
--30491-- WARNING: Serious error when reading debug info
--30491-- When reading debug info from /n/sw/helmod/apps/centos7/Core/gcc/12.1.0-fasrc01/lib64/libstdc++.so.6.0.30:
--30491-- Ignoring non-Dwarf2/3/4 block in .debug_info
--30491-- WARNING: Serious error when reading debug info
--30491-- When reading debug info from /n/sw/helmod/apps/centos7/Core/gcc/12.1.0-fasrc01/lib64/libstdc++.so.6.0.30:
--30491-- Ignoring non-Dwarf2/3/4 block in .debug_info
--30491-- WARNING: Serious error when reading debug info
--30491-- When reading debug info from /n/sw/helmod/apps/centos7/Core/gcc/12.1.0-fasrc01/lib64/libstdc++.so.6.0.30:
--30491-- Ignoring non-Dwarf2/3/4 block in .debug_info
--30491-- WARNING: Serious error when reading debug info
--30491-- When reading debug info from /n/sw/helmod/apps/centos7/Core/gcc/12.1.0-fasrc01/lib64/libstdc++.so.6.0.30:
--30491-- Ignoring non-Dwarf2/3/4 block in .debug_info
--30491-- WARNING: Serious error when reading debug info
--30491-- When reading debug info from /n/sw/helmod/apps/centos7/Core/gcc/12.1.0-fasrc01/lib64/libstdc++.so.6.0.30:
--30491-- Ignoring non-Dwarf2/3/4 block in .debug_info
--30491-- WARNING: Serious error when reading debug info
--30491-- When reading debug info from /n/sw/helmod/apps/centos7/Core/gcc/12.1.0-fasrc01/lib64/libstdc++.so.6.0.30:
--30491-- Ignoring non-Dwarf2/3/4 block in .debug_info
--30491-- WARNING: Serious error when reading debug info
--30491-- When reading debug info from /n/sw/helmod/apps/centos7/Core/gcc/12.1.0-fasrc01/lib64/libstdc++.so.6.0.30:
--30491-- Ignoring non-Dwarf2/3/4 block in .debug_info
--30491-- WARNING: Serious error when reading debug info
--30491-- When reading debug info from /n/sw/helmod/apps/centos7/Core/gcc/12.1.0-fasrc01/lib64/libstdc++.so.6.0.30:
--30491-- Ignoring non-Dwarf2/3/4 block in .debug_info
--30491-- WARNING: Serious error when reading debug info
--30491-- When reading debug info from /n/sw/helmod/apps/centos7/Core/gcc/12.1.0-fasrc01/lib64/libstdc++.so.6.0.30:
--30491-- Ignoring non-Dwarf2/3/4 block in .debug_info
--30491-- WARNING: Serious error when reading debug info
--30491-- When reading debug info from /n/sw/helmod/apps/centos7/Core/gcc/12.1.0-fasrc01/lib64/libstdc++.so.6.0.30:
--30491-- Ignoring non-Dwarf2/3/4 block in .debug_info
--30491-- WARNING: Serious error when reading debug info
--30491-- When reading debug info from /n/sw/helmod/apps/centos7/Core/gcc/12.1.0-fasrc01/lib64/libstdc++.so.6.0.30:
--30491-- Ignoring non-Dwarf2/3/4 block in .debug_info
--30491-- WARNING: Serious error when reading debug info
--30491-- When reading debug info from /n/sw/helmod/apps/centos7/Core/gcc/12.1.0-fasrc01/lib64/libstdc++.so.6.0.30:
--30491-- Ignoring non-Dwarf2/3/4 block in .debug_info
--30491-- WARNING: Serious error when reading debug info
--30491-- When reading debug info from /n/sw/helmod/apps/centos7/Core/gcc/12.1.0-fasrc01/lib64/libstdc++.so.6.0.30:
--30491-- Ignoring non-Dwarf2/3/4 block in .debug_info
--30491-- WARNING: Serious error when reading debug info
--30491-- When reading debug info from /n/sw/helmod/apps/centos7/Core/gcc/12.1.0-fasrc01/lib64/libstdc++.so.6.0.30:
--30491-- Ignoring non-Dwarf2/3/4 block in .debug_info
--30491-- WARNING: Serious error when reading debug info
--30491-- When reading debug info from /n/sw/helmod/apps/centos7/Core/gcc/12.1.0-fasrc01/lib64/libstdc++.so.6.0.30:
--30491-- Ignoring non-Dwarf2/3/4 block in .debug_info
--30491-- WARNING: Serious error when reading debug info
--30491-- When reading debug info from /n/sw/helmod/apps/centos7/Core/gcc/12.1.0-fasrc01/lib64/libstdc++.so.6.0.30:
--30491-- Ignoring non-Dwarf2/3/4 block in .debug_info
--30491-- WARNING: Serious error when reading debug info
--30491-- When reading debug info from /n/sw/helmod/apps/centos7/Core/gcc/12.1.0-fasrc01/lib64/libstdc++.so.6.0.30:
--30491-- Ignoring non-Dwarf2/3/4 block in .debug_info
--30491-- WARNING: Serious error when reading debug info
--30491-- When reading debug info from /n/sw/helmod/apps/centos7/Core/gcc/12.1.0-fasrc01/lib64/libstdc++.so.6.0.30:
--30491-- Ignoring non-Dwarf2/3/4 block in .debug_info
--30491-- WARNING: Serious error when reading debug info
--30491-- When reading debug info from /n/sw/helmod/apps/centos7/Core/gcc/12.1.0-fasrc01/lib64/libstdc++.so.6.0.30:
--30491-- Ignoring non-Dwarf2/3/4 block in .debug_info
--30491-- WARNING: Serious error when reading debug info
--30491-- When reading debug info from /n/sw/helmod/apps/centos7/Core/gcc/12.1.0-fasrc01/lib64/libstdc++.so.6.0.30:
--30491-- Ignoring non-Dwarf2/3/4 block in .debug_info
--30491-- WARNING: Serious error when reading debug info
--30491-- When reading debug info from /n/sw/helmod/apps/centos7/Core/gcc/12.1.0-fasrc01/lib64/libstdc++.so.6.0.30:
--30491-- Ignoring non-Dwarf2/3/4 block in .debug_info
--30491-- WARNING: Serious error when reading debug info
--30491-- When reading debug info from /n/sw/helmod/apps/centos7/Core/gcc/12.1.0-fasrc01/lib64/libstdc++.so.6.0.30:
--30491-- Ignoring non-Dwarf2/3/4 block in .debug_info
--30491-- WARNING: Serious error when reading debug info
--30491-- When reading debug info from /n/sw/helmod/apps/centos7/Core/gcc/12.1.0-fasrc01/lib64/libstdc++.so.6.0.30:
--30491-- Ignoring non-Dwarf2/3/4 block in .debug_info
--30491-- WARNING: Serious error when reading debug info
--30491-- When reading debug info from /n/sw/helmod/apps/centos7/Core/gcc/12.1.0-fasrc01/lib64/libstdc++.so.6.0.30:
--30491-- Ignoring non-Dwarf2/3/4 block in .debug_info
--30491-- WARNING: Serious error when reading debug info
--30491-- When reading debug info from /n/sw/helmod/apps/centos7/Core/gcc/12.1.0-fasrc01/lib64/libstdc++.so.6.0.30:
--30491-- Ignoring non-Dwarf2/3/4 block in .debug_info
--30491-- WARNING: Serious error when reading debug info
--30491-- When reading debug info from /n/sw/helmod/apps/centos7/Core/gcc/12.1.0-fasrc01/lib64/libstdc++.so.6.0.30:
--30491-- Ignoring non-Dwarf2/3/4 block in .debug_info
--30491-- WARNING: Serious error when reading debug info
--30491-- When reading debug info from /n/sw/helmod/apps/centos7/Core/gcc/12.1.0-fasrc01/lib64/libstdc++.so.6.0.30:
--30491-- Ignoring non-Dwarf2/3/4 block in .debug_info
--30491-- WARNING: Serious error when reading debug info
--30491-- When reading debug info from /n/sw/helmod/apps/centos7/Core/gcc/12.1.0-fasrc01/lib64/libstdc++.so.6.0.30:
--30491-- Ignoring non-Dwarf2/3/4 block in .debug_info
--30491-- WARNING: Serious error when reading debug info
--30491-- When reading debug info from /n/sw/helmod/apps/centos7/Core/gcc/12.1.0-fasrc01/lib64/libstdc++.so.6.0.30:
--30491-- Ignoring non-Dwarf2/3/4 block in .debug_info
--30491-- WARNING: Serious error when reading debug info
--30491-- When reading debug info from /n/sw/helmod/apps/centos7/Core/gcc/12.1.0-fasrc01/lib64/libstdc++.so.6.0.30:
--30491-- Ignoring non-Dwarf2/3/4 block in .debug_info
--30491-- WARNING: Serious error when reading debug info
--30491-- When reading debug info from /n/sw/helmod/apps/centos7/Core/gcc/12.1.0-fasrc01/lib64/libstdc++.so.6.0.30:
--30491-- Ignoring non-Dwarf2/3/4 block in .debug_info
--30491-- WARNING: Serious error when reading debug info
--30491-- When reading debug info from /n/sw/helmod/apps/centos7/Core/gcc/12.1.0-fasrc01/lib64/libstdc++.so.6.0.30:
--30491-- Ignoring non-Dwarf2/3/4 block in .debug_info
--30491-- WARNING: Serious error when reading debug info
--30491-- When reading debug info from /n/sw/helmod/apps/centos7/Core/gcc/12.1.0-fasrc01/lib64/libstdc++.so.6.0.30:
--30491-- Ignoring non-Dwarf2/3/4 block in .debug_info
--30491-- WARNING: Serious error when reading debug info
--30491-- When reading debug info from /n/sw/helmod/apps/centos7/Core/gcc/12.1.0-fasrc01/lib64/libstdc++.so.6.0.30:
--30491-- Ignoring non-Dwarf2/3/4 block in .debug_info
--30491-- WARNING: Serious error when reading debug info
--30491-- When reading debug info from /n/sw/helmod/apps/centos7/Core/gcc/12.1.0-fasrc01/lib64/libstdc++.so.6.0.30:
--30491-- Ignoring non-Dwarf2/3/4 block in .debug_info
--30491-- WARNING: Serious error when reading debug info
--30491-- When reading debug info from /n/sw/helmod/apps/centos7/Core/gcc/12.1.0-fasrc01/lib64/libstdc++.so.6.0.30:
--30491-- Ignoring non-Dwarf2/3/4 block in .debug_info
--30491-- WARNING: Serious error when reading debug info
--30491-- When reading debug info from /n/sw/helmod/apps/centos7/Core/gcc/12.1.0-fasrc01/lib64/libstdc++.so.6.0.30:
--30491-- Ignoring non-Dwarf2/3/4 block in .debug_info
--30491-- WARNING: Serious error when reading debug info
--30491-- When reading debug info from /n/sw/helmod/apps/centos7/Core/gcc/12.1.0-fasrc01/lib64/libstdc++.so.6.0.30:
--30491-- Ignoring non-Dwarf2/3/4 block in .debug_info
--30491-- WARNING: Serious error when reading debug info
--30491-- When reading debug info from /n/sw/helmod/apps/centos7/Core/gcc/12.1.0-fasrc01/lib64/libstdc++.so.6.0.30:
--30491-- Ignoring non-Dwarf2/3/4 block in .debug_info
--30491-- WARNING: Serious error when reading debug info
--30491-- When reading debug info from /n/sw/helmod/apps/centos7/Core/gcc/12.1.0-fasrc01/lib64/libstdc++.so.6.0.30:
--30491-- Ignoring non-Dwarf2/3/4 block in .debug_info
--30491-- WARNING: Serious error when reading debug info
--30491-- When reading debug info from /n/sw/helmod/apps/centos7/Core/gcc/12.1.0-fasrc01/lib64/libstdc++.so.6.0.30:
--30491-- Ignoring non-Dwarf2/3/4 block in .debug_info
--30491-- WARNING: Serious error when reading debug info
--30491-- When reading debug info from /n/sw/helmod/apps/centos7/Core/gcc/12.1.0-fasrc01/lib64/libstdc++.so.6.0.30:
--30491-- Ignoring non-Dwarf2/3/4 block in .debug_info
--30491-- WARNING: Serious error when reading debug info
--30491-- When reading debug info from /n/sw/helmod/apps/centos7/Core/gcc/12.1.0-fasrc01/lib64/libstdc++.so.6.0.30:
--30491-- Ignoring non-Dwarf2/3/4 block in .debug_info
--30491-- WARNING: Serious error when reading debug info
--30491-- When reading debug info from /n/sw/helmod/apps/centos7/Core/gcc/12.1.0-fasrc01/lib64/libstdc++.so.6.0.30:
--30491-- Ignoring non-Dwarf2/3/4 block in .debug_info
--30491-- WARNING: Serious error when reading debug info
--30491-- When reading debug info from /n/sw/helmod/apps/centos7/Core/gcc/12.1.0-fasrc01/lib64/libstdc++.so.6.0.30:
--30491-- Ignoring non-Dwarf2/3/4 block in .debug_info
--30491-- WARNING: Serious error when reading debug info
--30491-- When reading debug info from /n/sw/helmod/apps/centos7/Core/gcc/12.1.0-fasrc01/lib64/libstdc++.so.6.0.30:
--30491-- Ignoring non-Dwarf2/3/4 block in .debug_info
--30491-- WARNING: Serious error when reading debug info
--30491-- When reading debug info from /n/sw/helmod/apps/centos7/Core/gcc/12.1.0-fasrc01/lib64/libstdc++.so.6.0.30:
--30491-- Ignoring non-Dwarf2/3/4 block in .debug_info
--30491-- WARNING: Serious error when reading debug info
--30491-- When reading debug info from /n/sw/helmod/apps/centos7/Core/gcc/12.1.0-fasrc01/lib64/libstdc++.so.6.0.30:
--30491-- Ignoring non-Dwarf2/3/4 block in .debug_info
--30491-- WARNING: Serious error when reading debug info
--30491-- When reading debug info from /n/sw/helmod/apps/centos7/Core/gcc/12.1.0-fasrc01/lib64/libstdc++.so.6.0.30:
--30491-- Ignoring non-Dwarf2/3/4 block in .debug_info
--30491-- WARNING: Serious error when reading debug info
--30491-- When reading debug info from /n/sw/helmod/apps/centos7/Core/gcc/12.1.0-fasrc01/lib64/libstdc++.so.6.0.30:
--30491-- Ignoring non-Dwarf2/3/4 block in .debug_info
--30491-- WARNING: Serious error when reading debug info
--30491-- When reading debug info from /n/sw/helmod/apps/centos7/Core/gcc/12.1.0-fasrc01/lib64/libstdc++.so.6.0.30:
--30491-- Ignoring non-Dwarf2/3/4 block in .debug_info
--30491-- WARNING: Serious error when reading debug info
--30491-- When reading debug info from /n/sw/helmod/apps/centos7/Core/gcc/12.1.0-fasrc01/lib64/libstdc++.so.6.0.30:
--30491-- Ignoring non-Dwarf2/3/4 block in .debug_info
--30491-- WARNING: Serious error when reading debug info
--30491-- When reading debug info from /n/sw/helmod/apps/centos7/Core/gcc/12.1.0-fasrc01/lib64/libstdc++.so.6.0.30:
--30491-- Ignoring non-Dwarf2/3/4 block in .debug_info
--30491-- WARNING: Serious error when reading debug info
--30491-- When reading debug info from /n/sw/helmod/apps/centos7/Core/gcc/12.1.0-fasrc01/lib64/libstdc++.so.6.0.30:
--30491-- Ignoring non-Dwarf2/3/4 block in .debug_info
--30491-- WARNING: Serious error when reading debug info
--30491-- When reading debug info from /n/sw/helmod/apps/centos7/Core/gcc/12.1.0-fasrc01/lib64/libstdc++.so.6.0.30:
--30491-- Ignoring non-Dwarf2/3/4 block in .debug_info
--30491-- WARNING: Serious error when reading debug info
--30491-- When reading debug info from /n/sw/helmod/apps/centos7/Core/gcc/12.1.0-fasrc01/lib64/libstdc++.so.6.0.30:
--30491-- Ignoring non-Dwarf2/3/4 block in .debug_info
--30491-- WARNING: Serious error when reading debug info
--30491-- When reading debug info from /n/sw/helmod/apps/centos7/Core/gcc/12.1.0-fasrc01/lib64/libstdc++.so.6.0.30:
--30491-- Ignoring non-Dwarf2/3/4 block in .debug_info
--30491-- WARNING: Serious error when reading debug info
--30491-- When reading debug info from /n/sw/helmod/apps/centos7/Core/gcc/12.1.0-fasrc01/lib64/libstdc++.so.6.0.30:
--30491-- Ignoring non-Dwarf2/3/4 block in .debug_info
--30491-- WARNING: Serious error when reading debug info
--30491-- When reading debug info from /n/sw/helmod/apps/centos7/Core/gcc/12.1.0-fasrc01/lib64/libstdc++.so.6.0.30:
--30491-- Ignoring non-Dwarf2/3/4 block in .debug_info
--30491-- WARNING: Serious error when reading debug info
--30491-- When reading debug info from /n/sw/helmod/apps/centos7/Core/gcc/12.1.0-fasrc01/lib64/libstdc++.so.6.0.30:
--30491-- Ignoring non-Dwarf2/3/4 block in .debug_info
--30491-- WARNING: Serious error when reading debug info
--30491-- When reading debug info from /n/sw/helmod/apps/centos7/Core/gcc/12.1.0-fasrc01/lib64/libstdc++.so.6.0.30:
--30491-- Ignoring non-Dwarf2/3/4 block in .debug_info
--30491-- WARNING: Serious error when reading debug info
--30491-- When reading debug info from /n/sw/helmod/apps/centos7/Core/gcc/12.1.0-fasrc01/lib64/libstdc++.so.6.0.30:
--30491-- Ignoring non-Dwarf2/3/4 block in .debug_info
--30491-- WARNING: Serious error when reading debug info
--30491-- When reading debug info from /n/sw/helmod/apps/centos7/Core/gcc/12.1.0-fasrc01/lib64/libstdc++.so.6.0.30:
--30491-- Ignoring non-Dwarf2/3/4 block in .debug_info
--30491-- WARNING: Serious error when reading debug info
--30491-- When reading debug info from /n/sw/helmod/apps/centos7/Core/gcc/12.1.0-fasrc01/lib64/libstdc++.so.6.0.30:
--30491-- Ignoring non-Dwarf2/3/4 block in .debug_info
--30491-- WARNING: Serious error when reading debug info
--30491-- When reading debug info from /n/sw/helmod/apps/centos7/Core/gcc/12.1.0-fasrc01/lib64/libstdc++.so.6.0.30:
--30491-- Ignoring non-Dwarf2/3/4 block in .debug_info
--30491-- WARNING: Serious error when reading debug info
--30491-- When reading debug info from /n/sw/helmod/apps/centos7/Core/gcc/12.1.0-fasrc01/lib64/libstdc++.so.6.0.30:
--30491-- Ignoring non-Dwarf2/3/4 block in .debug_info
--30491-- WARNING: Serious error when reading debug info
--30491-- When reading debug info from /n/sw/helmod/apps/centos7/Core/gcc/12.1.0-fasrc01/lib64/libstdc++.so.6.0.30:
--30491-- Ignoring non-Dwarf2/3/4 block in .debug_info
--30491-- WARNING: Serious error when reading debug info
--30491-- When reading debug info from /n/sw/helmod/apps/centos7/Core/gcc/12.1.0-fasrc01/lib64/libstdc++.so.6.0.30:
--30491-- Ignoring non-Dwarf2/3/4 block in .debug_info
--30491-- WARNING: Serious error when reading debug info
--30491-- When reading debug info from /n/sw/helmod/apps/centos7/Core/gcc/12.1.0-fasrc01/lib64/libstdc++.so.6.0.30:
--30491-- Ignoring non-Dwarf2/3/4 block in .debug_info
--30491-- WARNING: Serious error when reading debug info
--30491-- When reading debug info from /n/sw/helmod/apps/centos7/Core/gcc/12.1.0-fasrc01/lib64/libstdc++.so.6.0.30:
--30491-- Ignoring non-Dwarf2/3/4 block in .debug_info
--30491-- WARNING: Serious error when reading debug info
--30491-- When reading debug info from /n/sw/helmod/apps/centos7/Core/gcc/12.1.0-fasrc01/lib64/libstdc++.so.6.0.30:
--30491-- Ignoring non-Dwarf2/3/4 block in .debug_info
--30491-- WARNING: Serious error when reading debug info
--30491-- When reading debug info from /n/sw/helmod/apps/centos7/Core/gcc/12.1.0-fasrc01/lib64/libstdc++.so.6.0.30:
--30491-- Ignoring non-Dwarf2/3/4 block in .debug_info
--30491-- WARNING: Serious error when reading debug info
--30491-- When reading debug info from /n/sw/helmod/apps/centos7/Core/gcc/12.1.0-fasrc01/lib64/libstdc++.so.6.0.30:
--30491-- Ignoring non-Dwarf2/3/4 block in .debug_info
--30491-- WARNING: Serious error when reading debug info
--30491-- When reading debug info from /n/sw/helmod/apps/centos7/Core/gcc/12.1.0-fasrc01/lib64/libstdc++.so.6.0.30:
--30491-- Ignoring non-Dwarf2/3/4 block in .debug_info
--30491-- WARNING: Serious error when reading debug info
--30491-- When reading debug info from /n/sw/helmod/apps/centos7/Core/gcc/12.1.0-fasrc01/lib64/libstdc++.so.6.0.30:
--30491-- Ignoring non-Dwarf2/3/4 block in .debug_info
--30491-- WARNING: Serious error when reading debug info
--30491-- When reading debug info from /n/sw/helmod/apps/centos7/Core/gcc/12.1.0-fasrc01/lib64/libstdc++.so.6.0.30:
--30491-- Ignoring non-Dwarf2/3/4 block in .debug_info
--30491-- WARNING: Serious error when reading debug info
--30491-- When reading debug info from /n/sw/helmod/apps/centos7/Core/gcc/12.1.0-fasrc01/lib64/libstdc++.so.6.0.30:
--30491-- Ignoring non-Dwarf2/3/4 block in .debug_info
--30491-- WARNING: Serious error when reading debug info
--30491-- When reading debug info from /n/sw/helmod/apps/centos7/Core/gcc/12.1.0-fasrc01/lib64/libstdc++.so.6.0.30:
--30491-- Ignoring non-Dwarf2/3/4 block in .debug_info
--30491-- WARNING: Serious error when reading debug info
--30491-- When reading debug info from /n/sw/helmod/apps/centos7/Core/gcc/12.1.0-fasrc01/lib64/libstdc++.so.6.0.30:
--30491-- Ignoring non-Dwarf2/3/4 block in .debug_info
--30491-- WARNING: Serious error when reading debug info
--30491-- When reading debug info from /n/sw/helmod/apps/centos7/Core/gcc/12.1.0-fasrc01/lib64/libstdc++.so.6.0.30:
--30491-- Ignoring non-Dwarf2/3/4 block in .debug_info
--30491-- WARNING: Serious error when reading debug info
--30491-- When reading debug info from /n/sw/helmod/apps/centos7/Core/gcc/12.1.0-fasrc01/lib64/libstdc++.so.6.0.30:
--30491-- Ignoring non-Dwarf2/3/4 block in .debug_info
--30491-- WARNING: Serious error when reading debug info
--30491-- When reading debug info from /n/sw/helmod/apps/centos7/Core/gcc/12.1.0-fasrc01/lib64/libstdc++.so.6.0.30:
--30491-- Ignoring non-Dwarf2/3/4 block in .debug_info
--30491-- WARNING: Serious error when reading debug info
--30491-- When reading debug info from /n/sw/helmod/apps/centos7/Core/gcc/12.1.0-fasrc01/lib64/libstdc++.so.6.0.30:
--30491-- Ignoring non-Dwarf2/3/4 block in .debug_info
--30491-- WARNING: Serious error when reading debug info
--30491-- When reading debug info from /n/sw/helmod/apps/centos7/Core/gcc/12.1.0-fasrc01/lib64/libstdc++.so.6.0.30:
--30491-- Ignoring non-Dwarf2/3/4 block in .debug_info
--30491-- WARNING: Serious error when reading debug info
--30491-- When reading debug info from /n/sw/helmod/apps/centos7/Core/gcc/12.1.0-fasrc01/lib64/libstdc++.so.6.0.30:
--30491-- Ignoring non-Dwarf2/3/4 block in .debug_info
--30491-- WARNING: Serious error when reading debug info
--30491-- When reading debug info from /n/sw/helmod/apps/centos7/Core/gcc/12.1.0-fasrc01/lib64/libstdc++.so.6.0.30:
--30491-- Ignoring non-Dwarf2/3/4 block in .debug_info
--30491-- WARNING: Serious error when reading debug info
--30491-- When reading debug info from /n/sw/helmod/apps/centos7/Core/gcc/12.1.0-fasrc01/lib64/libstdc++.so.6.0.30:
--30491-- Ignoring non-Dwarf2/3/4 block in .debug_info
--30491-- WARNING: Serious error when reading debug info
--30491-- When reading debug info from /n/sw/helmod/apps/centos7/Core/gcc/12.1.0-fasrc01/lib64/libstdc++.so.6.0.30:
--30491-- Ignoring non-Dwarf2/3/4 block in .debug_info
--30491-- WARNING: Serious error when reading debug info
--30491-- When reading debug info from /n/sw/helmod/apps/centos7/Core/gcc/12.1.0-fasrc01/lib64/libstdc++.so.6.0.30:
--30491-- Ignoring non-Dwarf2/3/4 block in .debug_info
--30491-- WARNING: Serious error when reading debug info
--30491-- When reading debug info from /n/sw/helmod/apps/centos7/Core/gcc/12.1.0-fasrc01/lib64/libstdc++.so.6.0.30:
--30491-- Ignoring non-Dwarf2/3/4 block in .debug_info
--30491-- WARNING: Serious error when reading debug info
--30491-- When reading debug info from /n/sw/helmod/apps/centos7/Core/gcc/12.1.0-fasrc01/lib64/libstdc++.so.6.0.30:
--30491-- Ignoring non-Dwarf2/3/4 block in .debug_info
--30491-- WARNING: Serious error when reading debug info
--30491-- When reading debug info from /n/sw/helmod/apps/centos7/Core/gcc/12.1.0-fasrc01/lib64/libstdc++.so.6.0.30:
--30491-- Ignoring non-Dwarf2/3/4 block in .debug_info
--30491-- WARNING: Serious error when reading debug info
--30491-- When reading debug info from /n/sw/helmod/apps/centos7/Core/gcc/12.1.0-fasrc01/lib64/libstdc++.so.6.0.30:
--30491-- Ignoring non-Dwarf2/3/4 block in .debug_info
--30491-- WARNING: Serious error when reading debug info
--30491-- When reading debug info from /n/sw/helmod/apps/centos7/Core/gcc/12.1.0-fasrc01/lib64/libstdc++.so.6.0.30:
--30491-- Ignoring non-Dwarf2/3/4 block in .debug_info
--30491-- WARNING: Serious error when reading debug info
--30491-- When reading debug info from /n/sw/helmod/apps/centos7/Core/gcc/12.1.0-fasrc01/lib64/libstdc++.so.6.0.30:
--30491-- Ignoring non-Dwarf2/3/4 block in .debug_info
--30491-- WARNING: Serious error when reading debug info
--30491-- When reading debug info from /n/sw/helmod/apps/centos7/Core/gcc/12.1.0-fasrc01/lib64/libstdc++.so.6.0.30:
--30491-- Ignoring non-Dwarf2/3/4 block in .debug_info
--30491-- WARNING: Serious error when reading debug info
--30491-- When reading debug info from /n/sw/helmod/apps/centos7/Core/gcc/12.1.0-fasrc01/lib64/libstdc++.so.6.0.30:
--30491-- Ignoring non-Dwarf2/3/4 block in .debug_info
--30491-- WARNING: Serious error when reading debug info
--30491-- When reading debug info from /n/sw/helmod/apps/centos7/Core/gcc/12.1.0-fasrc01/lib64/libstdc++.so.6.0.30:
--30491-- Ignoring non-Dwarf2/3/4 block in .debug_info
--30491-- WARNING: Serious error when reading debug info
--30491-- When reading debug info from /n/sw/helmod/apps/centos7/Core/gcc/12.1.0-fasrc01/lib64/libstdc++.so.6.0.30:
--30491-- Ignoring non-Dwarf2/3/4 block in .debug_info
--30491-- WARNING: Serious error when reading debug info
--30491-- When reading debug info from /n/sw/helmod/apps/centos7/Core/gcc/12.1.0-fasrc01/lib64/libstdc++.so.6.0.30:
--30491-- Ignoring non-Dwarf2/3/4 block in .debug_info
--30491-- WARNING: Serious error when reading debug info
--30491-- When reading debug info from /n/sw/helmod/apps/centos7/Core/gcc/12.1.0-fasrc01/lib64/libstdc++.so.6.0.30:
--30491-- Ignoring non-Dwarf2/3/4 block in .debug_info
--30491-- WARNING: Serious error when reading debug info
--30491-- When reading debug info from /n/sw/helmod/apps/centos7/Core/gcc/12.1.0-fasrc01/lib64/libstdc++.so.6.0.30:
--30491-- Ignoring non-Dwarf2/3/4 block in .debug_info
--30491-- WARNING: Serious error when reading debug info
--30491-- When reading debug info from /n/sw/helmod/apps/centos7/Core/gcc/12.1.0-fasrc01/lib64/libstdc++.so.6.0.30:
--30491-- Ignoring non-Dwarf2/3/4 block in .debug_info
--30491-- WARNING: Serious error when reading debug info
--30491-- When reading debug info from /n/sw/helmod/apps/centos7/Core/gcc/12.1.0-fasrc01/lib64/libstdc++.so.6.0.30:
--30491-- Ignoring non-Dwarf2/3/4 block in .debug_info
--30491-- WARNING: Serious error when reading debug info
--30491-- When reading debug info from /n/sw/helmod/apps/centos7/Core/gcc/12.1.0-fasrc01/lib64/libstdc++.so.6.0.30:
--30491-- Ignoring non-Dwarf2/3/4 block in .debug_info
--30491-- WARNING: Serious error when reading debug info
--30491-- When reading debug info from /n/sw/helmod/apps/centos7/Core/gcc/12.1.0-fasrc01/lib64/libstdc++.so.6.0.30:
--30491-- Ignoring non-Dwarf2/3/4 block in .debug_info
--30491-- WARNING: Serious error when reading debug info
--30491-- When reading debug info from /n/sw/helmod/apps/centos7/Core/gcc/12.1.0-fasrc01/lib64/libstdc++.so.6.0.30:
--30491-- Ignoring non-Dwarf2/3/4 block in .debug_info
--30491-- WARNING: Serious error when reading debug info
--30491-- When reading debug info from /n/sw/helmod/apps/centos7/Core/gcc/12.1.0-fasrc01/lib64/libstdc++.so.6.0.30:
--30491-- Ignoring non-Dwarf2/3/4 block in .debug_info
--30491-- WARNING: Serious error when reading debug info
--30491-- When reading debug info from /n/sw/helmod/apps/centos7/Core/gcc/12.1.0-fasrc01/lib64/libstdc++.so.6.0.30:
--30491-- Ignoring non-Dwarf2/3/4 block in .debug_info
--30491-- WARNING: Serious error when reading debug info
--30491-- When reading debug info from /n/sw/helmod/apps/centos7/Core/gcc/12.1.0-fasrc01/lib64/libstdc++.so.6.0.30:
--30491-- Ignoring non-Dwarf2/3/4 block in .debug_info
--30491-- WARNING: Serious error when reading debug info
--30491-- When reading debug info from /n/sw/helmod/apps/centos7/Core/gcc/12.1.0-fasrc01/lib64/libstdc++.so.6.0.30:
--30491-- Ignoring non-Dwarf2/3/4 block in .debug_info
--30491-- WARNING: Serious error when reading debug info
--30491-- When reading debug info from /n/sw/helmod/apps/centos7/Core/gcc/12.1.0-fasrc01/lib64/libstdc++.so.6.0.30:
--30491-- Ignoring non-Dwarf2/3/4 block in .debug_info
--30491-- WARNING: Serious error when reading debug info
--30491-- When reading debug info from /n/sw/helmod/apps/centos7/Core/gcc/12.1.0-fasrc01/lib64/libstdc++.so.6.0.30:
--30491-- Ignoring non-Dwarf2/3/4 block in .debug_info
--30491-- WARNING: Serious error when reading debug info
--30491-- When reading debug info from /n/sw/helmod/apps/centos7/Core/gcc/12.1.0-fasrc01/lib64/libstdc++.so.6.0.30:
--30491-- Ignoring non-Dwarf2/3/4 block in .debug_info
--30491-- WARNING: Serious error when reading debug info
--30491-- When reading debug info from /n/sw/helmod/apps/centos7/Core/gcc/12.1.0-fasrc01/lib64/libstdc++.so.6.0.30:
--30491-- Ignoring non-Dwarf2/3/4 block in .debug_info
--30491-- WARNING: Serious error when reading debug info
--30491-- When reading debug info from /n/sw/helmod/apps/centos7/Core/gcc/12.1.0-fasrc01/lib64/libstdc++.so.6.0.30:
--30491-- Ignoring non-Dwarf2/3/4 block in .debug_info
--30491-- WARNING: Serious error when reading debug info
--30491-- When reading debug info from /n/sw/helmod/apps/centos7/Core/gcc/12.1.0-fasrc01/lib64/libstdc++.so.6.0.30:
--30491-- Ignoring non-Dwarf2/3/4 block in .debug_info
--30491-- WARNING: Serious error when reading debug info
--30491-- When reading debug info from /n/sw/helmod/apps/centos7/Core/gcc/12.1.0-fasrc01/lib64/libstdc++.so.6.0.30:
--30491-- Ignoring non-Dwarf2/3/4 block in .debug_info
--30491-- WARNING: Serious error when reading debug info
--30491-- When reading debug info from /n/sw/helmod/apps/centos7/Core/gcc/12.1.0-fasrc01/lib64/libstdc++.so.6.0.30:
--30491-- Ignoring non-Dwarf2/3/4 block in .debug_info
--30491-- WARNING: Serious error when reading debug info
--30491-- When reading debug info from /n/sw/helmod/apps/centos7/Core/gcc/12.1.0-fasrc01/lib64/libstdc++.so.6.0.30:
--30491-- Ignoring non-Dwarf2/3/4 block in .debug_info
--30491-- WARNING: Serious error when reading debug info
--30491-- When reading debug info from /n/sw/helmod/apps/centos7/Core/gcc/12.1.0-fasrc01/lib64/libstdc++.so.6.0.30:
--30491-- Ignoring non-Dwarf2/3/4 block in .debug_info
--30491-- WARNING: Serious error when reading debug info
--30491-- When reading debug info from /n/sw/helmod/apps/centos7/Core/gcc/12.1.0-fasrc01/lib64/libstdc++.so.6.0.30:
--30491-- Ignoring non-Dwarf2/3/4 block in .debug_info
--30491-- WARNING: Serious error when reading debug info
--30491-- When reading debug info from /n/sw/helmod/apps/centos7/Core/gcc/12.1.0-fasrc01/lib64/libstdc++.so.6.0.30:
--30491-- Ignoring non-Dwarf2/3/4 block in .debug_info
--30491-- WARNING: Serious error when reading debug info
--30491-- When reading debug info from /n/sw/helmod/apps/centos7/Core/gcc/12.1.0-fasrc01/lib64/libstdc++.so.6.0.30:
--30491-- Ignoring non-Dwarf2/3/4 block in .debug_info
--30491-- WARNING: Serious error when reading debug info
--30491-- When reading debug info from /n/sw/helmod/apps/centos7/Core/gcc/12.1.0-fasrc01/lib64/libstdc++.so.6.0.30:
--30491-- Ignoring non-Dwarf2/3/4 block in .debug_info
--30491-- WARNING: Serious error when reading debug info
--30491-- When reading debug info from /n/sw/helmod/apps/centos7/Core/gcc/12.1.0-fasrc01/lib64/libstdc++.so.6.0.30:
--30491-- Ignoring non-Dwarf2/3/4 block in .debug_info
--30491-- WARNING: Serious error when reading debug info
--30491-- When reading debug info from /n/sw/helmod/apps/centos7/Core/gcc/12.1.0-fasrc01/lib64/libstdc++.so.6.0.30:
--30491-- Ignoring non-Dwarf2/3/4 block in .debug_info
--30491-- WARNING: Serious error when reading debug info
--30491-- When reading debug info from /n/sw/helmod/apps/centos7/Core/gcc/12.1.0-fasrc01/lib64/libstdc++.so.6.0.30:
--30491-- Ignoring non-Dwarf2/3/4 block in .debug_info
--30491-- WARNING: Serious error when reading debug info
--30491-- When reading debug info from /n/sw/helmod/apps/centos7/Core/gcc/12.1.0-fasrc01/lib64/libstdc++.so.6.0.30:
--30491-- Ignoring non-Dwarf2/3/4 block in .debug_info
--30491-- WARNING: Serious error when reading debug info
--30491-- When reading debug info from /n/sw/helmod/apps/centos7/Core/gcc/12.1.0-fasrc01/lib64/libstdc++.so.6.0.30:
--30491-- Ignoring non-Dwarf2/3/4 block in .debug_info
--30491-- WARNING: Serious error when reading debug info
--30491-- When reading debug info from /n/sw/helmod/apps/centos7/Core/gcc/12.1.0-fasrc01/lib64/libstdc++.so.6.0.30:
--30491-- Ignoring non-Dwarf2/3/4 block in .debug_info
--30491-- WARNING: Serious error when reading debug info
--30491-- When reading debug info from /n/sw/helmod/apps/centos7/Core/gcc/12.1.0-fasrc01/lib64/libstdc++.so.6.0.30:
--30491-- Ignoring non-Dwarf2/3/4 block in .debug_info
--30491-- WARNING: Serious error when reading debug info
--30491-- When reading debug info from /n/sw/helmod/apps/centos7/Core/gcc/12.1.0-fasrc01/lib64/libstdc++.so.6.0.30:
--30491-- Ignoring non-Dwarf2/3/4 block in .debug_info
--30491-- WARNING: Serious error when reading debug info
--30491-- When reading debug info from /n/sw/helmod/apps/centos7/Core/gcc/12.1.0-fasrc01/lib64/libstdc++.so.6.0.30:
--30491-- Ignoring non-Dwarf2/3/4 block in .debug_info
--30491-- WARNING: Serious error when reading debug info
--30491-- When reading debug info from /n/sw/helmod/apps/centos7/Core/gcc/12.1.0-fasrc01/lib64/libstdc++.so.6.0.30:
--30491-- Ignoring non-Dwarf2/3/4 block in .debug_info
--30491-- WARNING: Serious error when reading debug info
--30491-- When reading debug info from /n/sw/helmod/apps/centos7/Core/gcc/12.1.0-fasrc01/lib64/libstdc++.so.6.0.30:
--30491-- Ignoring non-Dwarf2/3/4 block in .debug_info
--30491-- WARNING: Serious error when reading debug info
--30491-- When reading debug info from /n/sw/helmod/apps/centos7/Core/gcc/12.1.0-fasrc01/lib64/libstdc++.so.6.0.30:
--30491-- Ignoring non-Dwarf2/3/4 block in .debug_info
--30491-- WARNING: Serious error when reading debug info
--30491-- When reading debug info from /n/sw/helmod/apps/centos7/Core/gcc/12.1.0-fasrc01/lib64/libstdc++.so.6.0.30:
--30491-- Ignoring non-Dwarf2/3/4 block in .debug_info
--30491-- WARNING: Serious error when reading debug info
--30491-- When reading debug info from /n/sw/helmod/apps/centos7/Core/gcc/12.1.0-fasrc01/lib64/libstdc++.so.6.0.30:
--30491-- Ignoring non-Dwarf2/3/4 block in .debug_info
--30491-- WARNING: Serious error when reading debug info
--30491-- When reading debug info from /n/sw/helmod/apps/centos7/Core/gcc/12.1.0-fasrc01/lib64/libstdc++.so.6.0.30:
--30491-- Ignoring non-Dwarf2/3/4 block in .debug_info
--30491-- WARNING: Serious error when reading debug info
--30491-- When reading debug info from /n/sw/helmod/apps/centos7/Core/gcc/12.1.0-fasrc01/lib64/libstdc++.so.6.0.30:
--30491-- Ignoring non-Dwarf2/3/4 block in .debug_info
--30491-- WARNING: Serious error when reading debug info
--30491-- When reading debug info from /n/sw/helmod/apps/centos7/Core/gcc/12.1.0-fasrc01/lib64/libstdc++.so.6.0.30:
--30491-- Ignoring non-Dwarf2/3/4 block in .debug_info
--30491-- WARNING: Serious error when reading debug info
--30491-- When reading debug info from /n/sw/helmod/apps/centos7/Core/gcc/12.1.0-fasrc01/lib64/libstdc++.so.6.0.30:
--30491-- Ignoring non-Dwarf2/3/4 block in .debug_info
--30491-- WARNING: Serious error when reading debug info
--30491-- When reading debug info from /n/sw/helmod/apps/centos7/Core/gcc/12.1.0-fasrc01/lib64/libstdc++.so.6.0.30:
--30491-- parse_CU_Header: is neither DWARF2 nor DWARF3 nor DWARF4
--30491-- WARNING: Serious error when reading debug info
--30491-- When reading debug info from /n/sw/helmod/apps/centos7/Core/gcc/12.1.0-fasrc01/lib64/libgomp.so.1.0.0:
--30491-- Ignoring non-Dwarf2/3/4 block in .debug_info
--30491-- WARNING: Serious error when reading debug info
--30491-- When reading debug info from /n/sw/helmod/apps/centos7/Core/gcc/12.1.0-fasrc01/lib64/libgomp.so.1.0.0:
--30491-- Ignoring non-Dwarf2/3/4 block in .debug_info
--30491-- WARNING: Serious error when reading debug info
--30491-- When reading debug info from /n/sw/helmod/apps/centos7/Core/gcc/12.1.0-fasrc01/lib64/libgomp.so.1.0.0:
--30491-- Ignoring non-Dwarf2/3/4 block in .debug_info
--30491-- WARNING: Serious error when reading debug info
--30491-- When reading debug info from /n/sw/helmod/apps/centos7/Core/gcc/12.1.0-fasrc01/lib64/libgomp.so.1.0.0:
--30491-- Ignoring non-Dwarf2/3/4 block in .debug_info
--30491-- WARNING: Serious error when reading debug info
--30491-- When reading debug info from /n/sw/helmod/apps/centos7/Core/gcc/12.1.0-fasrc01/lib64/libgomp.so.1.0.0:
--30491-- Ignoring non-Dwarf2/3/4 block in .debug_info
--30491-- WARNING: Serious error when reading debug info
--30491-- When reading debug info from /n/sw/helmod/apps/centos7/Core/gcc/12.1.0-fasrc01/lib64/libgomp.so.1.0.0:
--30491-- Ignoring non-Dwarf2/3/4 block in .debug_info
--30491-- WARNING: Serious error when reading debug info
--30491-- When reading debug info from /n/sw/helmod/apps/centos7/Core/gcc/12.1.0-fasrc01/lib64/libgomp.so.1.0.0:
--30491-- Ignoring non-Dwarf2/3/4 block in .debug_info
--30491-- WARNING: Serious error when reading debug info
--30491-- When reading debug info from /n/sw/helmod/apps/centos7/Core/gcc/12.1.0-fasrc01/lib64/libgomp.so.1.0.0:
--30491-- Ignoring non-Dwarf2/3/4 block in .debug_info
--30491-- WARNING: Serious error when reading debug info
--30491-- When reading debug info from /n/sw/helmod/apps/centos7/Core/gcc/12.1.0-fasrc01/lib64/libgomp.so.1.0.0:
--30491-- Ignoring non-Dwarf2/3/4 block in .debug_info
--30491-- WARNING: Serious error when reading debug info
--30491-- When reading debug info from /n/sw/helmod/apps/centos7/Core/gcc/12.1.0-fasrc01/lib64/libgomp.so.1.0.0:
--30491-- Ignoring non-Dwarf2/3/4 block in .debug_info
--30491-- WARNING: Serious error when reading debug info
--30491-- When reading debug info from /n/sw/helmod/apps/centos7/Core/gcc/12.1.0-fasrc01/lib64/libgomp.so.1.0.0:
--30491-- Ignoring non-Dwarf2/3/4 block in .debug_info
--30491-- WARNING: Serious error when reading debug info
--30491-- When reading debug info from /n/sw/helmod/apps/centos7/Core/gcc/12.1.0-fasrc01/lib64/libgomp.so.1.0.0:
--30491-- Ignoring non-Dwarf2/3/4 block in .debug_info
--30491-- WARNING: Serious error when reading debug info
--30491-- When reading debug info from /n/sw/helmod/apps/centos7/Core/gcc/12.1.0-fasrc01/lib64/libgomp.so.1.0.0:
--30491-- Ignoring non-Dwarf2/3/4 block in .debug_info
--30491-- WARNING: Serious error when reading debug info
--30491-- When reading debug info from /n/sw/helmod/apps/centos7/Core/gcc/12.1.0-fasrc01/lib64/libgomp.so.1.0.0:
--30491-- Ignoring non-Dwarf2/3/4 block in .debug_info
--30491-- WARNING: Serious error when reading debug info
--30491-- When reading debug info from /n/sw/helmod/apps/centos7/Core/gcc/12.1.0-fasrc01/lib64/libgomp.so.1.0.0:
--30491-- Ignoring non-Dwarf2/3/4 block in .debug_info
--30491-- WARNING: Serious error when reading debug info
--30491-- When reading debug info from /n/sw/helmod/apps/centos7/Core/gcc/12.1.0-fasrc01/lib64/libgomp.so.1.0.0:
--30491-- Ignoring non-Dwarf2/3/4 block in .debug_info
--30491-- WARNING: Serious error when reading debug info
--30491-- When reading debug info from /n/sw/helmod/apps/centos7/Core/gcc/12.1.0-fasrc01/lib64/libgomp.so.1.0.0:
--30491-- Ignoring non-Dwarf2/3/4 block in .debug_info
--30491-- WARNING: Serious error when reading debug info
--30491-- When reading debug info from /n/sw/helmod/apps/centos7/Core/gcc/12.1.0-fasrc01/lib64/libgomp.so.1.0.0:
--30491-- Ignoring non-Dwarf2/3/4 block in .debug_info
--30491-- WARNING: Serious error when reading debug info
--30491-- When reading debug info from /n/sw/helmod/apps/centos7/Core/gcc/12.1.0-fasrc01/lib64/libgomp.so.1.0.0:
--30491-- Ignoring non-Dwarf2/3/4 block in .debug_info
--30491-- WARNING: Serious error when reading debug info
--30491-- When reading debug info from /n/sw/helmod/apps/centos7/Core/gcc/12.1.0-fasrc01/lib64/libgomp.so.1.0.0:
--30491-- Ignoring non-Dwarf2/3/4 block in .debug_info
--30491-- WARNING: Serious error when reading debug info
--30491-- When reading debug info from /n/sw/helmod/apps/centos7/Core/gcc/12.1.0-fasrc01/lib64/libgomp.so.1.0.0:
--30491-- Ignoring non-Dwarf2/3/4 block in .debug_info
--30491-- WARNING: Serious error when reading debug info
--30491-- When reading debug info from /n/sw/helmod/apps/centos7/Core/gcc/12.1.0-fasrc01/lib64/libgomp.so.1.0.0:
--30491-- Ignoring non-Dwarf2/3/4 block in .debug_info
--30491-- WARNING: Serious error when reading debug info
--30491-- When reading debug info from /n/sw/helmod/apps/centos7/Core/gcc/12.1.0-fasrc01/lib64/libgomp.so.1.0.0:
--30491-- Ignoring non-Dwarf2/3/4 block in .debug_info
--30491-- WARNING: Serious error when reading debug info
--30491-- When reading debug info from /n/sw/helmod/apps/centos7/Core/gcc/12.1.0-fasrc01/lib64/libgomp.so.1.0.0:
--30491-- Ignoring non-Dwarf2/3/4 block in .debug_info
--30491-- WARNING: Serious error when reading debug info
--30491-- When reading debug info from /n/sw/helmod/apps/centos7/Core/gcc/12.1.0-fasrc01/lib64/libgomp.so.1.0.0:
--30491-- Ignoring non-Dwarf2/3/4 block in .debug_info
--30491-- WARNING: Serious error when reading debug info
--30491-- When reading debug info from /n/sw/helmod/apps/centos7/Core/gcc/12.1.0-fasrc01/lib64/libgomp.so.1.0.0:
--30491-- Ignoring non-Dwarf2/3/4 block in .debug_info
--30491-- WARNING: Serious error when reading debug info
--30491-- When reading debug info from /n/sw/helmod/apps/centos7/Core/gcc/12.1.0-fasrc01/lib64/libgomp.so.1.0.0:
--30491-- Ignoring non-Dwarf2/3/4 block in .debug_info
--30491-- WARNING: Serious error when reading debug info
--30491-- When reading debug info from /n/sw/helmod/apps/centos7/Core/gcc/12.1.0-fasrc01/lib64/libgomp.so.1.0.0:
--30491-- Ignoring non-Dwarf2/3/4 block in .debug_info
--30491-- WARNING: Serious error when reading debug info
--30491-- When reading debug info from /n/sw/helmod/apps/centos7/Core/gcc/12.1.0-fasrc01/lib64/libgomp.so.1.0.0:
--30491-- Ignoring non-Dwarf2/3/4 block in .debug_info
--30491-- WARNING: Serious error when reading debug info
--30491-- When reading debug info from /n/sw/helmod/apps/centos7/Core/gcc/12.1.0-fasrc01/lib64/libgomp.so.1.0.0:
--30491-- Ignoring non-Dwarf2/3/4 block in .debug_info
--30491-- WARNING: Serious error when reading debug info
--30491-- When reading debug info from /n/sw/helmod/apps/centos7/Core/gcc/12.1.0-fasrc01/lib64/libgomp.so.1.0.0:
--30491-- Ignoring non-Dwarf2/3/4 block in .debug_info
--30491-- WARNING: Serious error when reading debug info
--30491-- When reading debug info from /n/sw/helmod/apps/centos7/Core/gcc/12.1.0-fasrc01/lib64/libgomp.so.1.0.0:
--30491-- Ignoring non-Dwarf2/3/4 block in .debug_info
--30491-- WARNING: Serious error when reading debug info
--30491-- When reading debug info from /n/sw/helmod/apps/centos7/Core/gcc/12.1.0-fasrc01/lib64/libgomp.so.1.0.0:
--30491-- Ignoring non-Dwarf2/3/4 block in .debug_info
--30491-- WARNING: Serious error when reading debug info
--30491-- When reading debug info from /n/sw/helmod/apps/centos7/Core/gcc/12.1.0-fasrc01/lib64/libgomp.so.1.0.0:
--30491-- Ignoring non-Dwarf2/3/4 block in .debug_info
--30491-- WARNING: Serious error when reading debug info
--30491-- When reading debug info from /n/sw/helmod/apps/centos7/Core/gcc/12.1.0-fasrc01/lib64/libgomp.so.1.0.0:
--30491-- Ignoring non-Dwarf2/3/4 block in .debug_info
--30491-- WARNING: Serious error when reading debug info
--30491-- When reading debug info from /n/sw/helmod/apps/centos7/Core/gcc/12.1.0-fasrc01/lib64/libgomp.so.1.0.0:
--30491-- Ignoring non-Dwarf2/3/4 block in .debug_info
--30491-- WARNING: Serious error when reading debug info
--30491-- When reading debug info from /n/sw/helmod/apps/centos7/Core/gcc/12.1.0-fasrc01/lib64/libgomp.so.1.0.0:
--30491-- Ignoring non-Dwarf2/3/4 block in .debug_info
--30491-- WARNING: Serious error when reading debug info
--30491-- When reading debug info from /n/sw/helmod/apps/centos7/Core/gcc/12.1.0-fasrc01/lib64/libgomp.so.1.0.0:
--30491-- Ignoring non-Dwarf2/3/4 block in .debug_info
--30491-- WARNING: Serious error when reading debug info
--30491-- When reading debug info from /n/sw/helmod/apps/centos7/Core/gcc/12.1.0-fasrc01/lib64/libgomp.so.1.0.0:
--30491-- Ignoring non-Dwarf2/3/4 block in .debug_info
--30491-- WARNING: Serious error when reading debug info
--30491-- When reading debug info from /n/sw/helmod/apps/centos7/Core/gcc/12.1.0-fasrc01/lib64/libgomp.so.1.0.0:
--30491-- Ignoring non-Dwarf2/3/4 block in .debug_info
--30491-- WARNING: Serious error when reading debug info
--30491-- When reading debug info from /n/sw/helmod/apps/centos7/Core/gcc/12.1.0-fasrc01/lib64/libgomp.so.1.0.0:
--30491-- Ignoring non-Dwarf2/3/4 block in .debug_info
--30491-- WARNING: Serious error when reading debug info
--30491-- When reading debug info from /n/sw/helmod/apps/centos7/Core/gcc/12.1.0-fasrc01/lib64/libgomp.so.1.0.0:
--30491-- Ignoring non-Dwarf2/3/4 block in .debug_info
--30491-- WARNING: Serious error when reading debug info
--30491-- When reading debug info from /n/sw/helmod/apps/centos7/Core/gcc/12.1.0-fasrc01/lib64/libgomp.so.1.0.0:
--30491-- Ignoring non-Dwarf2/3/4 block in .debug_info
--30491-- WARNING: Serious error when reading debug info
--30491-- When reading debug info from /n/sw/helmod/apps/centos7/Core/gcc/12.1.0-fasrc01/lib64/libgomp.so.1.0.0:
--30491-- Ignoring non-Dwarf2/3/4 block in .debug_info
--30491-- WARNING: Serious error when reading debug info
--30491-- When reading debug info from /n/sw/helmod/apps/centos7/Core/gcc/12.1.0-fasrc01/lib64/libgomp.so.1.0.0:
--30491-- parse_CU_Header: is neither DWARF2 nor DWARF3 nor DWARF4
--30491-- WARNING: Serious error when reading debug info
--30491-- When reading debug info from /n/sw/helmod/apps/centos7/Core/gcc/12.1.0-fasrc01/lib64/libgcc_s.so.1:
--30491-- Ignoring non-Dwarf2/3/4 block in .debug_info
--30491-- WARNING: Serious error when reading debug info
--30491-- When reading debug info from /n/sw/helmod/apps/centos7/Core/gcc/12.1.0-fasrc01/lib64/libgcc_s.so.1:
--30491-- Ignoring non-Dwarf2/3/4 block in .debug_info
--30491-- WARNING: Serious error when reading debug info
--30491-- When reading debug info from /n/sw/helmod/apps/centos7/Core/gcc/12.1.0-fasrc01/lib64/libgcc_s.so.1:
--30491-- Ignoring non-Dwarf2/3/4 block in .debug_info
--30491-- WARNING: Serious error when reading debug info
--30491-- When reading debug info from /n/sw/helmod/apps/centos7/Core/gcc/12.1.0-fasrc01/lib64/libgcc_s.so.1:
--30491-- Ignoring non-Dwarf2/3/4 block in .debug_info
--30491-- WARNING: Serious error when reading debug info
--30491-- When reading debug info from /n/sw/helmod/apps/centos7/Core/gcc/12.1.0-fasrc01/lib64/libgcc_s.so.1:
--30491-- Ignoring non-Dwarf2/3/4 block in .debug_info
--30491-- WARNING: Serious error when reading debug info
--30491-- When reading debug info from /n/sw/helmod/apps/centos7/Core/gcc/12.1.0-fasrc01/lib64/libgcc_s.so.1:
--30491-- Ignoring non-Dwarf2/3/4 block in .debug_info
--30491-- WARNING: Serious error when reading debug info
--30491-- When reading debug info from /n/sw/helmod/apps/centos7/Core/gcc/12.1.0-fasrc01/lib64/libgcc_s.so.1:
--30491-- Ignoring non-Dwarf2/3/4 block in .debug_info
--30491-- WARNING: Serious error when reading debug info
--30491-- When reading debug info from /n/sw/helmod/apps/centos7/Core/gcc/12.1.0-fasrc01/lib64/libgcc_s.so.1:
--30491-- Ignoring non-Dwarf2/3/4 block in .debug_info
--30491-- WARNING: Serious error when reading debug info
--30491-- When reading debug info from /n/sw/helmod/apps/centos7/Core/gcc/12.1.0-fasrc01/lib64/libgcc_s.so.1:
--30491-- Ignoring non-Dwarf2/3/4 block in .debug_info
--30491-- WARNING: Serious error when reading debug info
--30491-- When reading debug info from /n/sw/helmod/apps/centos7/Core/gcc/12.1.0-fasrc01/lib64/libgcc_s.so.1:
--30491-- Ignoring non-Dwarf2/3/4 block in .debug_info
--30491-- WARNING: Serious error when reading debug info
--30491-- When reading debug info from /n/sw/helmod/apps/centos7/Core/gcc/12.1.0-fasrc01/lib64/libgcc_s.so.1:
--30491-- Ignoring non-Dwarf2/3/4 block in .debug_info
--30491-- WARNING: Serious error when reading debug info
--30491-- When reading debug info from /n/sw/helmod/apps/centos7/Core/gcc/12.1.0-fasrc01/lib64/libgcc_s.so.1:
--30491-- Ignoring non-Dwarf2/3/4 block in .debug_info
--30491-- WARNING: Serious error when reading debug info
--30491-- When reading debug info from /n/sw/helmod/apps/centos7/Core/gcc/12.1.0-fasrc01/lib64/libgcc_s.so.1:
--30491-- Ignoring non-Dwarf2/3/4 block in .debug_info
--30491-- WARNING: Serious error when reading debug info
--30491-- When reading debug info from /n/sw/helmod/apps/centos7/Core/gcc/12.1.0-fasrc01/lib64/libgcc_s.so.1:
--30491-- Ignoring non-Dwarf2/3/4 block in .debug_info
--30491-- WARNING: Serious error when reading debug info
--30491-- When reading debug info from /n/sw/helmod/apps/centos7/Core/gcc/12.1.0-fasrc01/lib64/libgcc_s.so.1:
--30491-- Ignoring non-Dwarf2/3/4 block in .debug_info
--30491-- WARNING: Serious error when reading debug info
--30491-- When reading debug info from /n/sw/helmod/apps/centos7/Core/gcc/12.1.0-fasrc01/lib64/libgcc_s.so.1:
--30491-- Ignoring non-Dwarf2/3/4 block in .debug_info
--30491-- WARNING: Serious error when reading debug info
--30491-- When reading debug info from /n/sw/helmod/apps/centos7/Core/gcc/12.1.0-fasrc01/lib64/libgcc_s.so.1:
--30491-- Ignoring non-Dwarf2/3/4 block in .debug_info
--30491-- WARNING: Serious error when reading debug info
--30491-- When reading debug info from /n/sw/helmod/apps/centos7/Core/gcc/12.1.0-fasrc01/lib64/libgcc_s.so.1:
--30491-- Ignoring non-Dwarf2/3/4 block in .debug_info
--30491-- WARNING: Serious error when reading debug info
--30491-- When reading debug info from /n/sw/helmod/apps/centos7/Core/gcc/12.1.0-fasrc01/lib64/libgcc_s.so.1:
--30491-- Ignoring non-Dwarf2/3/4 block in .debug_info
--30491-- WARNING: Serious error when reading debug info
--30491-- When reading debug info from /n/sw/helmod/apps/centos7/Core/gcc/12.1.0-fasrc01/lib64/libgcc_s.so.1:
--30491-- Ignoring non-Dwarf2/3/4 block in .debug_info
--30491-- WARNING: Serious error when reading debug info
--30491-- When reading debug info from /n/sw/helmod/apps/centos7/Core/gcc/12.1.0-fasrc01/lib64/libgcc_s.so.1:
--30491-- Ignoring non-Dwarf2/3/4 block in .debug_info
--30491-- WARNING: Serious error when reading debug info
--30491-- When reading debug info from /n/sw/helmod/apps/centos7/Core/gcc/12.1.0-fasrc01/lib64/libgcc_s.so.1:
--30491-- Ignoring non-Dwarf2/3/4 block in .debug_info
--30491-- WARNING: Serious error when reading debug info
--30491-- When reading debug info from /n/sw/helmod/apps/centos7/Core/gcc/12.1.0-fasrc01/lib64/libgcc_s.so.1:
--30491-- Ignoring non-Dwarf2/3/4 block in .debug_info
--30491-- WARNING: Serious error when reading debug info
--30491-- When reading debug info from /n/sw/helmod/apps/centos7/Core/gcc/12.1.0-fasrc01/lib64/libgcc_s.so.1:
--30491-- Ignoring non-Dwarf2/3/4 block in .debug_info
--30491-- WARNING: Serious error when reading debug info
--30491-- When reading debug info from /n/sw/helmod/apps/centos7/Core/gcc/12.1.0-fasrc01/lib64/libgcc_s.so.1:
--30491-- Ignoring non-Dwarf2/3/4 block in .debug_info
--30491-- WARNING: Serious error when reading debug info
--30491-- When reading debug info from /n/sw/helmod/apps/centos7/Core/gcc/12.1.0-fasrc01/lib64/libgcc_s.so.1:
--30491-- Ignoring non-Dwarf2/3/4 block in .debug_info
--30491-- WARNING: Serious error when reading debug info
--30491-- When reading debug info from /n/sw/helmod/apps/centos7/Core/gcc/12.1.0-fasrc01/lib64/libgcc_s.so.1:
--30491-- Ignoring non-Dwarf2/3/4 block in .debug_info
--30491-- WARNING: Serious error when reading debug info
--30491-- When reading debug info from /n/sw/helmod/apps/centos7/Core/gcc/12.1.0-fasrc01/lib64/libgcc_s.so.1:
--30491-- Ignoring non-Dwarf2/3/4 block in .debug_info
--30491-- WARNING: Serious error when reading debug info
--30491-- When reading debug info from /n/sw/helmod/apps/centos7/Core/gcc/12.1.0-fasrc01/lib64/libgcc_s.so.1:
--30491-- Ignoring non-Dwarf2/3/4 block in .debug_info
--30491-- WARNING: Serious error when reading debug info
--30491-- When reading debug info from /n/sw/helmod/apps/centos7/Core/gcc/12.1.0-fasrc01/lib64/libgcc_s.so.1:
--30491-- Ignoring non-Dwarf2/3/4 block in .debug_info
--30491-- WARNING: Serious error when reading debug info
--30491-- When reading debug info from /n/sw/helmod/apps/centos7/Core/gcc/12.1.0-fasrc01/lib64/libgcc_s.so.1:
--30491-- Ignoring non-Dwarf2/3/4 block in .debug_info
--30491-- WARNING: Serious error when reading debug info
--30491-- When reading debug info from /n/sw/helmod/apps/centos7/Core/gcc/12.1.0-fasrc01/lib64/libgcc_s.so.1:
--30491-- Ignoring non-Dwarf2/3/4 block in .debug_info
--30491-- WARNING: Serious error when reading debug info
--30491-- When reading debug info from /n/sw/helmod/apps/centos7/Core/gcc/12.1.0-fasrc01/lib64/libgcc_s.so.1:
--30491-- Ignoring non-Dwarf2/3/4 block in .debug_info
--30491-- WARNING: Serious error when reading debug info
--30491-- When reading debug info from /n/sw/helmod/apps/centos7/Core/gcc/12.1.0-fasrc01/lib64/libgcc_s.so.1:
--30491-- Ignoring non-Dwarf2/3/4 block in .debug_info
--30491-- WARNING: Serious error when reading debug info
--30491-- When reading debug info from /n/sw/helmod/apps/centos7/Core/gcc/12.1.0-fasrc01/lib64/libgcc_s.so.1:
--30491-- Ignoring non-Dwarf2/3/4 block in .debug_info
--30491-- WARNING: Serious error when reading debug info
--30491-- When reading debug info from /n/sw/helmod/apps/centos7/Core/gcc/12.1.0-fasrc01/lib64/libgcc_s.so.1:
--30491-- Ignoring non-Dwarf2/3/4 block in .debug_info
--30491-- WARNING: Serious error when reading debug info
--30491-- When reading debug info from /n/sw/helmod/apps/centos7/Core/gcc/12.1.0-fasrc01/lib64/libgcc_s.so.1:
--30491-- Ignoring non-Dwarf2/3/4 block in .debug_info
--30491-- WARNING: Serious error when reading debug info
--30491-- When reading debug info from /n/sw/helmod/apps/centos7/Core/gcc/12.1.0-fasrc01/lib64/libgcc_s.so.1:
--30491-- Ignoring non-Dwarf2/3/4 block in .debug_info
--30491-- WARNING: Serious error when reading debug info
--30491-- When reading debug info from /n/sw/helmod/apps/centos7/Core/gcc/12.1.0-fasrc01/lib64/libgcc_s.so.1:
--30491-- Ignoring non-Dwarf2/3/4 block in .debug_info
--30491-- WARNING: Serious error when reading debug info
--30491-- When reading debug info from /n/sw/helmod/apps/centos7/Core/gcc/12.1.0-fasrc01/lib64/libgcc_s.so.1:
--30491-- Ignoring non-Dwarf2/3/4 block in .debug_info
--30491-- WARNING: Serious error when reading debug info
--30491-- When reading debug info from /n/sw/helmod/apps/centos7/Core/gcc/12.1.0-fasrc01/lib64/libgcc_s.so.1:
--30491-- Ignoring non-Dwarf2/3/4 block in .debug_info
--30491-- WARNING: Serious error when reading debug info
--30491-- When reading debug info from /n/sw/helmod/apps/centos7/Core/gcc/12.1.0-fasrc01/lib64/libgcc_s.so.1:
--30491-- Ignoring non-Dwarf2/3/4 block in .debug_info
--30491-- WARNING: Serious error when reading debug info
--30491-- When reading debug info from /n/sw/helmod/apps/centos7/Core/gcc/12.1.0-fasrc01/lib64/libgcc_s.so.1:
--30491-- Ignoring non-Dwarf2/3/4 block in .debug_info
--30491-- WARNING: Serious error when reading debug info
--30491-- When reading debug info from /n/sw/helmod/apps/centos7/Core/gcc/12.1.0-fasrc01/lib64/libgcc_s.so.1:
--30491-- Ignoring non-Dwarf2/3/4 block in .debug_info
--30491-- WARNING: Serious error when reading debug info
--30491-- When reading debug info from /n/sw/helmod/apps/centos7/Core/gcc/12.1.0-fasrc01/lib64/libgcc_s.so.1:
--30491-- Ignoring non-Dwarf2/3/4 block in .debug_info
--30491-- WARNING: Serious error when reading debug info
--30491-- When reading debug info from /n/sw/helmod/apps/centos7/Core/gcc/12.1.0-fasrc01/lib64/libgcc_s.so.1:
--30491-- Ignoring non-Dwarf2/3/4 block in .debug_info
--30491-- WARNING: Serious error when reading debug info
--30491-- When reading debug info from /n/sw/helmod/apps/centos7/Core/gcc/12.1.0-fasrc01/lib64/libgcc_s.so.1:
--30491-- Ignoring non-Dwarf2/3/4 block in .debug_info
--30491-- WARNING: Serious error when reading debug info
--30491-- When reading debug info from /n/sw/helmod/apps/centos7/Core/gcc/12.1.0-fasrc01/lib64/libgcc_s.so.1:
--30491-- Ignoring non-Dwarf2/3/4 block in .debug_info
--30491-- WARNING: Serious error when reading debug info
--30491-- When reading debug info from /n/sw/helmod/apps/centos7/Core/gcc/12.1.0-fasrc01/lib64/libgcc_s.so.1:
--30491-- Ignoring non-Dwarf2/3/4 block in .debug_info
--30491-- WARNING: Serious error when reading debug info
--30491-- When reading debug info from /n/sw/helmod/apps/centos7/Core/gcc/12.1.0-fasrc01/lib64/libgcc_s.so.1:
--30491-- Ignoring non-Dwarf2/3/4 block in .debug_info
--30491-- WARNING: Serious error when reading debug info
--30491-- When reading debug info from /n/sw/helmod/apps/centos7/Core/gcc/12.1.0-fasrc01/lib64/libgcc_s.so.1:
--30491-- Ignoring non-Dwarf2/3/4 block in .debug_info
--30491-- WARNING: Serious error when reading debug info
--30491-- When reading debug info from /n/sw/helmod/apps/centos7/Core/gcc/12.1.0-fasrc01/lib64/libgcc_s.so.1:
--30491-- Ignoring non-Dwarf2/3/4 block in .debug_info
--30491-- WARNING: Serious error when reading debug info
--30491-- When reading debug info from /n/sw/helmod/apps/centos7/Core/gcc/12.1.0-fasrc01/lib64/libgcc_s.so.1:
--30491-- Ignoring non-Dwarf2/3/4 block in .debug_info
--30491-- WARNING: Serious error when reading debug info
--30491-- When reading debug info from /n/sw/helmod/apps/centos7/Core/gcc/12.1.0-fasrc01/lib64/libgcc_s.so.1:
--30491-- Ignoring non-Dwarf2/3/4 block in .debug_info
--30491-- WARNING: Serious error when reading debug info
--30491-- When reading debug info from /n/sw/helmod/apps/centos7/Core/gcc/12.1.0-fasrc01/lib64/libgcc_s.so.1:
--30491-- Ignoring non-Dwarf2/3/4 block in .debug_info
--30491-- WARNING: Serious error when reading debug info
--30491-- When reading debug info from /n/sw/helmod/apps/centos7/Core/gcc/12.1.0-fasrc01/lib64/libgcc_s.so.1:
--30491-- Ignoring non-Dwarf2/3/4 block in .debug_info
--30491-- WARNING: Serious error when reading debug info
--30491-- When reading debug info from /n/sw/helmod/apps/centos7/Core/gcc/12.1.0-fasrc01/lib64/libgcc_s.so.1:
--30491-- Ignoring non-Dwarf2/3/4 block in .debug_info
--30491-- WARNING: Serious error when reading debug info
--30491-- When reading debug info from /n/sw/helmod/apps/centos7/Core/gcc/12.1.0-fasrc01/lib64/libgcc_s.so.1:
--30491-- Ignoring non-Dwarf2/3/4 block in .debug_info
--30491-- WARNING: Serious error when reading debug info
--30491-- When reading debug info from /n/sw/helmod/apps/centos7/Core/gcc/12.1.0-fasrc01/lib64/libgcc_s.so.1:
--30491-- Ignoring non-Dwarf2/3/4 block in .debug_info
--30491-- WARNING: Serious error when reading debug info
--30491-- When reading debug info from /n/sw/helmod/apps/centos7/Core/gcc/12.1.0-fasrc01/lib64/libgcc_s.so.1:
--30491-- Ignoring non-Dwarf2/3/4 block in .debug_info
--30491-- WARNING: Serious error when reading debug info
--30491-- When reading debug info from /n/sw/helmod/apps/centos7/Core/gcc/12.1.0-fasrc01/lib64/libgcc_s.so.1:
--30491-- Ignoring non-Dwarf2/3/4 block in .debug_info
--30491-- WARNING: Serious error when reading debug info
--30491-- When reading debug info from /n/sw/helmod/apps/centos7/Core/gcc/12.1.0-fasrc01/lib64/libgcc_s.so.1:
--30491-- Ignoring non-Dwarf2/3/4 block in .debug_info
--30491-- WARNING: Serious error when reading debug info
--30491-- When reading debug info from /n/sw/helmod/apps/centos7/Core/gcc/12.1.0-fasrc01/lib64/libgcc_s.so.1:
--30491-- Ignoring non-Dwarf2/3/4 block in .debug_info
--30491-- WARNING: Serious error when reading debug info
--30491-- When reading debug info from /n/sw/helmod/apps/centos7/Core/gcc/12.1.0-fasrc01/lib64/libgcc_s.so.1:
--30491-- Ignoring non-Dwarf2/3/4 block in .debug_info
--30491-- WARNING: Serious error when reading debug info
--30491-- When reading debug info from /n/sw/helmod/apps/centos7/Core/gcc/12.1.0-fasrc01/lib64/libgcc_s.so.1:
--30491-- Ignoring non-Dwarf2/3/4 block in .debug_info
--30491-- WARNING: Serious error when reading debug info
--30491-- When reading debug info from /n/sw/helmod/apps/centos7/Core/gcc/12.1.0-fasrc01/lib64/libgcc_s.so.1:
--30491-- Ignoring non-Dwarf2/3/4 block in .debug_info
--30491-- WARNING: Serious error when reading debug info
--30491-- When reading debug info from /n/sw/helmod/apps/centos7/Core/gcc/12.1.0-fasrc01/lib64/libgcc_s.so.1:
--30491-- Ignoring non-Dwarf2/3/4 block in .debug_info
--30491-- WARNING: Serious error when reading debug info
--30491-- When reading debug info from /n/sw/helmod/apps/centos7/Core/gcc/12.1.0-fasrc01/lib64/libgcc_s.so.1:
--30491-- Ignoring non-Dwarf2/3/4 block in .debug_info
--30491-- WARNING: Serious error when reading debug info
--30491-- When reading debug info from /n/sw/helmod/apps/centos7/Core/gcc/12.1.0-fasrc01/lib64/libgcc_s.so.1:
--30491-- Ignoring non-Dwarf2/3/4 block in .debug_info
--30491-- WARNING: Serious error when reading debug info
--30491-- When reading debug info from /n/sw/helmod/apps/centos7/Core/gcc/12.1.0-fasrc01/lib64/libgcc_s.so.1:
--30491-- Ignoring non-Dwarf2/3/4 block in .debug_info
--30491-- WARNING: Serious error when reading debug info
--30491-- When reading debug info from /n/sw/helmod/apps/centos7/Core/gcc/12.1.0-fasrc01/lib64/libgcc_s.so.1:
--30491-- Ignoring non-Dwarf2/3/4 block in .debug_info
--30491-- WARNING: Serious error when reading debug info
--30491-- When reading debug info from /n/sw/helmod/apps/centos7/Core/gcc/12.1.0-fasrc01/lib64/libgcc_s.so.1:
--30491-- Ignoring non-Dwarf2/3/4 block in .debug_info
--30491-- WARNING: Serious error when reading debug info
--30491-- When reading debug info from /n/sw/helmod/apps/centos7/Core/gcc/12.1.0-fasrc01/lib64/libgcc_s.so.1:
--30491-- Ignoring non-Dwarf2/3/4 block in .debug_info
--30491-- WARNING: Serious error when reading debug info
--30491-- When reading debug info from /n/sw/helmod/apps/centos7/Core/gcc/12.1.0-fasrc01/lib64/libgcc_s.so.1:
--30491-- Ignoring non-Dwarf2/3/4 block in .debug_info
--30491-- WARNING: Serious error when reading debug info
--30491-- When reading debug info from /n/sw/helmod/apps/centos7/Core/gcc/12.1.0-fasrc01/lib64/libgcc_s.so.1:
--30491-- Ignoring non-Dwarf2/3/4 block in .debug_info
--30491-- WARNING: Serious error when reading debug info
--30491-- When reading debug info from /n/sw/helmod/apps/centos7/Core/gcc/12.1.0-fasrc01/lib64/libgcc_s.so.1:
--30491-- Ignoring non-Dwarf2/3/4 block in .debug_info
--30491-- WARNING: Serious error when reading debug info
--30491-- When reading debug info from /n/sw/helmod/apps/centos7/Core/gcc/12.1.0-fasrc01/lib64/libgcc_s.so.1:
--30491-- Ignoring non-Dwarf2/3/4 block in .debug_info
--30491-- WARNING: Serious error when reading debug info
--30491-- When reading debug info from /n/sw/helmod/apps/centos7/Core/gcc/12.1.0-fasrc01/lib64/libgcc_s.so.1:
--30491-- Ignoring non-Dwarf2/3/4 block in .debug_info
--30491-- WARNING: Serious error when reading debug info
--30491-- When reading debug info from /n/sw/helmod/apps/centos7/Core/gcc/12.1.0-fasrc01/lib64/libgcc_s.so.1:
--30491-- Ignoring non-Dwarf2/3/4 block in .debug_info
--30491-- WARNING: Serious error when reading debug info
--30491-- When reading debug info from /n/sw/helmod/apps/centos7/Core/gcc/12.1.0-fasrc01/lib64/libgcc_s.so.1:
--30491-- Ignoring non-Dwarf2/3/4 block in .debug_info
--30491-- WARNING: Serious error when reading debug info
--30491-- When reading debug info from /n/sw/helmod/apps/centos7/Core/gcc/12.1.0-fasrc01/lib64/libgcc_s.so.1:
--30491-- Ignoring non-Dwarf2/3/4 block in .debug_info
--30491-- WARNING: Serious error when reading debug info
--30491-- When reading debug info from /n/sw/helmod/apps/centos7/Core/gcc/12.1.0-fasrc01/lib64/libgcc_s.so.1:
--30491-- Ignoring non-Dwarf2/3/4 block in .debug_info
--30491-- WARNING: Serious error when reading debug info
--30491-- When reading debug info from /n/sw/helmod/apps/centos7/Core/gcc/12.1.0-fasrc01/lib64/libgcc_s.so.1:
--30491-- Ignoring non-Dwarf2/3/4 block in .debug_info
--30491-- WARNING: Serious error when reading debug info
--30491-- When reading debug info from /n/sw/helmod/apps/centos7/Core/gcc/12.1.0-fasrc01/lib64/libgcc_s.so.1:
--30491-- Ignoring non-Dwarf2/3/4 block in .debug_info
--30491-- WARNING: Serious error when reading debug info
--30491-- When reading debug info from /n/sw/helmod/apps/centos7/Core/gcc/12.1.0-fasrc01/lib64/libgcc_s.so.1:
--30491-- Ignoring non-Dwarf2/3/4 block in .debug_info
--30491-- WARNING: Serious error when reading debug info
--30491-- When reading debug info from /n/sw/helmod/apps/centos7/Core/gcc/12.1.0-fasrc01/lib64/libgcc_s.so.1:
--30491-- Ignoring non-Dwarf2/3/4 block in .debug_info
--30491-- WARNING: Serious error when reading debug info
--30491-- When reading debug info from /n/sw/helmod/apps/centos7/Core/gcc/12.1.0-fasrc01/lib64/libgcc_s.so.1:
--30491-- Ignoring non-Dwarf2/3/4 block in .debug_info
--30491-- WARNING: Serious error when reading debug info
--30491-- When reading debug info from /n/sw/helmod/apps/centos7/Core/gcc/12.1.0-fasrc01/lib64/libgcc_s.so.1:
--30491-- Ignoring non-Dwarf2/3/4 block in .debug_info
--30491-- WARNING: Serious error when reading debug info
--30491-- When reading debug info from /n/sw/helmod/apps/centos7/Core/gcc/12.1.0-fasrc01/lib64/libgcc_s.so.1:
--30491-- Ignoring non-Dwarf2/3/4 block in .debug_info
--30491-- WARNING: Serious error when reading debug info
--30491-- When reading debug info from /n/sw/helmod/apps/centos7/Core/gcc/12.1.0-fasrc01/lib64/libgcc_s.so.1:
--30491-- Ignoring non-Dwarf2/3/4 block in .debug_info
--30491-- WARNING: Serious error when reading debug info
--30491-- When reading debug info from /n/sw/helmod/apps/centos7/Core/gcc/12.1.0-fasrc01/lib64/libgcc_s.so.1:
--30491-- Ignoring non-Dwarf2/3/4 block in .debug_info
--30491-- WARNING: Serious error when reading debug info
--30491-- When reading debug info from /n/sw/helmod/apps/centos7/Core/gcc/12.1.0-fasrc01/lib64/libgcc_s.so.1:
--30491-- Ignoring non-Dwarf2/3/4 block in .debug_info
--30491-- WARNING: Serious error when reading debug info
--30491-- When reading debug info from /n/sw/helmod/apps/centos7/Core/gcc/12.1.0-fasrc01/lib64/libgcc_s.so.1:
--30491-- Ignoring non-Dwarf2/3/4 block in .debug_info
--30491-- WARNING: Serious error when reading debug info
--30491-- When reading debug info from /n/sw/helmod/apps/centos7/Core/gcc/12.1.0-fasrc01/lib64/libgcc_s.so.1:
--30491-- Ignoring non-Dwarf2/3/4 block in .debug_info
--30491-- WARNING: Serious error when reading debug info
--30491-- When reading debug info from /n/sw/helmod/apps/centos7/Core/gcc/12.1.0-fasrc01/lib64/libgcc_s.so.1:
--30491-- Ignoring non-Dwarf2/3/4 block in .debug_info
--30491-- WARNING: Serious error when reading debug info
--30491-- When reading debug info from /n/sw/helmod/apps/centos7/Core/gcc/12.1.0-fasrc01/lib64/libgcc_s.so.1:
--30491-- Ignoring non-Dwarf2/3/4 block in .debug_info
--30491-- WARNING: Serious error when reading debug info
--30491-- When reading debug info from /n/sw/helmod/apps/centos7/Core/gcc/12.1.0-fasrc01/lib64/libgcc_s.so.1:
--30491-- Ignoring non-Dwarf2/3/4 block in .debug_info
--30491-- WARNING: Serious error when reading debug info
--30491-- When reading debug info from /n/sw/helmod/apps/centos7/Core/gcc/12.1.0-fasrc01/lib64/libgcc_s.so.1:
--30491-- Ignoring non-Dwarf2/3/4 block in .debug_info
--30491-- WARNING: Serious error when reading debug info
--30491-- When reading debug info from /n/sw/helmod/apps/centos7/Core/gcc/12.1.0-fasrc01/lib64/libgcc_s.so.1:
--30491-- Ignoring non-Dwarf2/3/4 block in .debug_info
--30491-- WARNING: Serious error when reading debug info
--30491-- When reading debug info from /n/sw/helmod/apps/centos7/Core/gcc/12.1.0-fasrc01/lib64/libgcc_s.so.1:
--30491-- Ignoring non-Dwarf2/3/4 block in .debug_info
--30491-- WARNING: Serious error when reading debug info
--30491-- When reading debug info from /n/sw/helmod/apps/centos7/Core/gcc/12.1.0-fasrc01/lib64/libgcc_s.so.1:
--30491-- Ignoring non-Dwarf2/3/4 block in .debug_info
--30491-- WARNING: Serious error when reading debug info
--30491-- When reading debug info from /n/sw/helmod/apps/centos7/Core/gcc/12.1.0-fasrc01/lib64/libgcc_s.so.1:
--30491-- Ignoring non-Dwarf2/3/4 block in .debug_info
--30491-- WARNING: Serious error when reading debug info
--30491-- When reading debug info from /n/sw/helmod/apps/centos7/Core/gcc/12.1.0-fasrc01/lib64/libgcc_s.so.1:
--30491-- Ignoring non-Dwarf2/3/4 block in .debug_info
--30491-- WARNING: Serious error when reading debug info
--30491-- When reading debug info from /n/sw/helmod/apps/centos7/Core/gcc/12.1.0-fasrc01/lib64/libgcc_s.so.1:
--30491-- Ignoring non-Dwarf2/3/4 block in .debug_info
--30491-- WARNING: Serious error when reading debug info
--30491-- When reading debug info from /n/sw/helmod/apps/centos7/Core/gcc/12.1.0-fasrc01/lib64/libgcc_s.so.1:
--30491-- Ignoring non-Dwarf2/3/4 block in .debug_info
--30491-- WARNING: Serious error when reading debug info
--30491-- When reading debug info from /n/sw/helmod/apps/centos7/Core/gcc/12.1.0-fasrc01/lib64/libgcc_s.so.1:
--30491-- Ignoring non-Dwarf2/3/4 block in .debug_info
--30491-- WARNING: Serious error when reading debug info
--30491-- When reading debug info from /n/sw/helmod/apps/centos7/Core/gcc/12.1.0-fasrc01/lib64/libgcc_s.so.1:
--30491-- Ignoring non-Dwarf2/3/4 block in .debug_info
--30491-- WARNING: Serious error when reading debug info
--30491-- When reading debug info from /n/sw/helmod/apps/centos7/Core/gcc/12.1.0-fasrc01/lib64/libgcc_s.so.1:
--30491-- Ignoring non-Dwarf2/3/4 block in .debug_info
--30491-- WARNING: Serious error when reading debug info
--30491-- When reading debug info from /n/sw/helmod/apps/centos7/Core/gcc/12.1.0-fasrc01/lib64/libgcc_s.so.1:
--30491-- Ignoring non-Dwarf2/3/4 block in .debug_info
--30491-- WARNING: Serious error when reading debug info
--30491-- When reading debug info from /n/sw/helmod/apps/centos7/Core/gcc/12.1.0-fasrc01/lib64/libgcc_s.so.1:
--30491-- Ignoring non-Dwarf2/3/4 block in .debug_info
--30491-- WARNING: Serious error when reading debug info
--30491-- When reading debug info from /n/sw/helmod/apps/centos7/Core/gcc/12.1.0-fasrc01/lib64/libgcc_s.so.1:
--30491-- Ignoring non-Dwarf2/3/4 block in .debug_info
--30491-- WARNING: Serious error when reading debug info
--30491-- When reading debug info from /n/sw/helmod/apps/centos7/Core/gcc/12.1.0-fasrc01/lib64/libgcc_s.so.1:
--30491-- Ignoring non-Dwarf2/3/4 block in .debug_info
--30491-- WARNING: Serious error when reading debug info
--30491-- When reading debug info from /n/sw/helmod/apps/centos7/Core/gcc/12.1.0-fasrc01/lib64/libgcc_s.so.1:
--30491-- Ignoring non-Dwarf2/3/4 block in .debug_info
--30491-- WARNING: Serious error when reading debug info
--30491-- When reading debug info from /n/sw/helmod/apps/centos7/Core/gcc/12.1.0-fasrc01/lib64/libgcc_s.so.1:
--30491-- Ignoring non-Dwarf2/3/4 block in .debug_info
--30491-- WARNING: Serious error when reading debug info
--30491-- When reading debug info from /n/sw/helmod/apps/centos7/Core/gcc/12.1.0-fasrc01/lib64/libgcc_s.so.1:
--30491-- Ignoring non-Dwarf2/3/4 block in .debug_info
--30491-- WARNING: Serious error when reading debug info
--30491-- When reading debug info from /n/sw/helmod/apps/centos7/Core/gcc/12.1.0-fasrc01/lib64/libgcc_s.so.1:
--30491-- Ignoring non-Dwarf2/3/4 block in .debug_info
--30491-- WARNING: Serious error when reading debug info
--30491-- When reading debug info from /n/sw/helmod/apps/centos7/Core/gcc/12.1.0-fasrc01/lib64/libgcc_s.so.1:
--30491-- Ignoring non-Dwarf2/3/4 block in .debug_info
--30491-- WARNING: Serious error when reading debug info
--30491-- When reading debug info from /n/sw/helmod/apps/centos7/Core/gcc/12.1.0-fasrc01/lib64/libgcc_s.so.1:
--30491-- Ignoring non-Dwarf2/3/4 block in .debug_info
--30491-- WARNING: Serious error when reading debug info
--30491-- When reading debug info from /n/sw/helmod/apps/centos7/Core/gcc/12.1.0-fasrc01/lib64/libgcc_s.so.1:
--30491-- Ignoring non-Dwarf2/3/4 block in .debug_info
--30491-- WARNING: Serious error when reading debug info
--30491-- When reading debug info from /n/sw/helmod/apps/centos7/Core/gcc/12.1.0-fasrc01/lib64/libgcc_s.so.1:
--30491-- Ignoring non-Dwarf2/3/4 block in .debug_info
--30491-- WARNING: Serious error when reading debug info
--30491-- When reading debug info from /n/sw/helmod/apps/centos7/Core/gcc/12.1.0-fasrc01/lib64/libgcc_s.so.1:
--30491-- Ignoring non-Dwarf2/3/4 block in .debug_info
--30491-- WARNING: Serious error when reading debug info
--30491-- When reading debug info from /n/sw/helmod/apps/centos7/Core/gcc/12.1.0-fasrc01/lib64/libgcc_s.so.1:
--30491-- Ignoring non-Dwarf2/3/4 block in .debug_info
--30491-- WARNING: Serious error when reading debug info
--30491-- When reading debug info from /n/sw/helmod/apps/centos7/Core/gcc/12.1.0-fasrc01/lib64/libgcc_s.so.1:
--30491-- Ignoring non-Dwarf2/3/4 block in .debug_info
--30491-- WARNING: Serious error when reading debug info
--30491-- When reading debug info from /n/sw/helmod/apps/centos7/Core/gcc/12.1.0-fasrc01/lib64/libgcc_s.so.1:
--30491-- parse_CU_Header: is neither DWARF2 nor DWARF3 nor DWARF4
SH: 8 models
Epochs: 1 || Local Duration: 11817921 microseconds 

Epochs: 1 || Local Duration: 11923187 microseconds 

Epochs: 1 || Local Duration: 12337223 microseconds 

Epochs: 1 || Local Duration: 12425349 microseconds 

Epochs: 1 || Local Duration: 12426526 microseconds 

Epochs: 1 || Local Duration: 12411553 microseconds 

Epochs: 1 || Local Duration: 12457111 microseconds 

Epochs: 1 || Local Duration: 12472113 microseconds 

Epochs: 2 || Local Duration: 23016101 microseconds 

Epochs: 2 || Local Duration: 23002464 microseconds 

Epochs: 2 || Local Duration: 22973936 microseconds 

Epochs: 2 || Local Duration: 22921070 microseconds 

Epochs: 4 || Local Duration: 43685650 microseconds 

Epochs: 4 || Local Duration: 43536970 microseconds 

Overall Duration: 277485993 microseconds
==30491== 
==30491== HEAP SUMMARY:
==30491==     in use at exit: 268,570 bytes in 1,751 blocks
==30491==   total heap usage: 108,830,439 allocs, 108,828,688 frees, 9,048,497,806 bytes allocated
==30491== 
==30491== 260,610 (2,128 direct, 258,482 indirect) bytes in 14 blocks are definitely lost in loss record 12 of 12
==30491==    at 0x4C2A243: operator new(unsigned long) (vg_replace_malloc.c:334)
==30491==    by 0x407E2F: helper(double, int) (in /n/academic_homes/g113711/u338904g113711/cs205/team21/code/m5_SH)
==30491==    by 0x40263A: main (in /n/academic_homes/g113711/u338904g113711/cs205/team21/code/m5_SH)
==30491== 
==30491== LEAK SUMMARY:
==30491==    definitely lost: 2,128 bytes in 14 blocks
==30491==    indirectly lost: 258,482 bytes in 1,722 blocks
==30491==      possibly lost: 0 bytes in 0 blocks
==30491==    still reachable: 7,960 bytes in 15 blocks
==30491==         suppressed: 0 bytes in 0 blocks
==30491== Reachable blocks (those to which a pointer was found) are not shown.
==30491== To see them, rerun with: --leak-check=full --show-leak-kinds=all
==30491== 
==30491== For counts of detected and suppressed errors, rerun with: -v
==30491== ERROR SUMMARY: 1 errors from 1 contexts (suppressed: 0 from 0)

real	4m38.201s
user	0m0.016s
sys	0m0.016s
rm -f  m5_ASH.o  m5_SH.o  m5_neural_network.o m5_ASH m5_SH